<?xml version="1.0" encoding="UTF-8"?>
<testsuite name="Exito test" tests="1" skipped="0" failures="0" errors="0" timestamp="2023-03-13T13:24:05" hostname="CHMEPCZ4KDL3" time="38.176">
  <properties/>
  <testcase name="Selection of random products" classname="Exito test" time="38.176"/>
  <system-out><![CDATA[08:24:05.127 [Test worker] INFO io.cucumber.core.plugin.SerenityReporter - Running feature from file:///C:/Users/jmolinab/Documents/Prueba%20tecnica%20Choucair/AutomatizacionWebExito/src/test/resources/features/exito.feature
08:24:05.229 [Test worker] INFO  - 
  _____   ___   ___   _____     ___   _____     _     ___   _____   ___   ___  
 |_   _| | __| / __| |_   _|   / __| |_   _|   /_\   | _ \ |_   _| | __| |   \ 
   | |   | _|  \__ \   | |     \__ \   | |    / _ \  |   /   | |   | _|  | |) |
   |_|   |___| |___/   |_|     |___/   |_|   /_/ \_\ |_|_\   |_|   |___| |___/ 

Selection of random products(exito-test;selection-of-random-products)
--------------------------------------------------------------------------------
08:24:05.830 [Test worker] DEBUG io.github.bonigarcia.wdm.cache.ResolutionCache - Removing resolution chrome=110 from cache (expired on Sat Mar 11 11:47:50 COT 2023)
08:24:05.846 [Test worker] DEBUG org.apache.hc.client5.http.impl.classic.InternalHttpClient - ex-00000001: preparing request execution
08:24:05.862 [Test worker] DEBUG org.apache.hc.client5.http.protocol.RequestAddCookies - Cookie spec selected: strict
08:24:05.862 [Test worker] DEBUG org.apache.hc.client5.http.protocol.RequestAuthCache - Auth cache not set in the context
08:24:05.862 [Test worker] DEBUG org.apache.hc.client5.http.impl.classic.ProtocolExec - ex-00000001: target auth state: UNCHALLENGED
08:24:05.862 [Test worker] DEBUG org.apache.hc.client5.http.impl.classic.ProtocolExec - ex-00000001: proxy auth state: UNCHALLENGED
08:24:05.862 [Test worker] DEBUG org.apache.hc.client5.http.impl.classic.ConnectExec - ex-00000001: acquiring connection with route {s}->https://raw.githubusercontent.com:443
08:24:05.862 [Test worker] DEBUG org.apache.hc.client5.http.impl.classic.InternalHttpClient - ex-00000001: acquiring endpoint (3 MINUTES)
08:24:05.862 [Test worker] DEBUG org.apache.hc.client5.http.impl.io.PoolingHttpClientConnectionManager - ex-00000001: endpoint lease request (3 MINUTES) [route: {s}->https://raw.githubusercontent.com:443][total available: 0; route allocated: 0 of 5; total allocated: 0 of 25]
08:24:05.862 [Test worker] DEBUG org.apache.hc.client5.http.impl.io.PoolingHttpClientConnectionManager - ex-00000001: endpoint leased [route: {s}->https://raw.githubusercontent.com:443][total available: 0; route allocated: 1 of 5; total allocated: 1 of 25]
08:24:05.880 [Test worker] DEBUG org.apache.hc.client5.http.impl.io.PoolingHttpClientConnectionManager - ex-00000001: acquired ep-00000000
08:24:05.880 [Test worker] DEBUG org.apache.hc.client5.http.impl.classic.InternalHttpClient - ex-00000001: acquired endpoint ep-00000000
08:24:05.880 [Test worker] DEBUG org.apache.hc.client5.http.impl.classic.ConnectExec - ex-00000001: opening connection {s}->https://raw.githubusercontent.com:443
08:24:05.880 [Test worker] DEBUG org.apache.hc.client5.http.impl.classic.InternalHttpClient - ep-00000000: connecting endpoint (30 SECONDS)
08:24:05.880 [Test worker] DEBUG org.apache.hc.client5.http.impl.io.PoolingHttpClientConnectionManager - ep-00000000: connecting endpoint to https://raw.githubusercontent.com:443 (30 SECONDS)
08:24:05.923 [Test worker] DEBUG org.apache.hc.client5.http.impl.io.DefaultHttpClientConnectionOperator - http-outgoing-0: connecting to raw.githubusercontent.com/185.199.111.133:443
08:24:05.923 [Test worker] DEBUG org.apache.hc.client5.http.ssl.SSLConnectionSocketFactory - Connecting socket to raw.githubusercontent.com/185.199.111.133:443 with timeout 30 SECONDS
08:24:05.980 [Test worker] DEBUG org.apache.hc.client5.http.ssl.SSLConnectionSocketFactory - Enabled protocols: [TLSv1.2]
08:24:05.980 [Test worker] DEBUG org.apache.hc.client5.http.ssl.SSLConnectionSocketFactory - Enabled cipher suites: [TLS_ECDHE_ECDSA_WITH_AES_128_CBC_SHA256, TLS_ECDHE_RSA_WITH_AES_128_CBC_SHA256, TLS_RSA_WITH_AES_128_CBC_SHA256, TLS_ECDH_ECDSA_WITH_AES_128_CBC_SHA256, TLS_ECDH_RSA_WITH_AES_128_CBC_SHA256, TLS_DHE_RSA_WITH_AES_128_CBC_SHA256, TLS_DHE_DSS_WITH_AES_128_CBC_SHA256, TLS_ECDHE_ECDSA_WITH_AES_128_CBC_SHA, TLS_ECDHE_RSA_WITH_AES_128_CBC_SHA, TLS_RSA_WITH_AES_128_CBC_SHA, TLS_ECDH_ECDSA_WITH_AES_128_CBC_SHA, TLS_ECDH_RSA_WITH_AES_128_CBC_SHA, TLS_DHE_RSA_WITH_AES_128_CBC_SHA, TLS_DHE_DSS_WITH_AES_128_CBC_SHA, TLS_ECDHE_ECDSA_WITH_AES_128_GCM_SHA256, TLS_ECDHE_RSA_WITH_AES_128_GCM_SHA256, TLS_RSA_WITH_AES_128_GCM_SHA256, TLS_ECDH_ECDSA_WITH_AES_128_GCM_SHA256, TLS_ECDH_RSA_WITH_AES_128_GCM_SHA256, TLS_DHE_RSA_WITH_AES_128_GCM_SHA256, TLS_DHE_DSS_WITH_AES_128_GCM_SHA256, TLS_EMPTY_RENEGOTIATION_INFO_SCSV]
08:24:05.980 [Test worker] DEBUG org.apache.hc.client5.http.ssl.SSLConnectionSocketFactory - Starting handshake
08:24:06.197 [Test worker] DEBUG org.apache.hc.client5.http.ssl.SSLConnectionSocketFactory - Secure session established
08:24:06.197 [Test worker] DEBUG org.apache.hc.client5.http.ssl.SSLConnectionSocketFactory -  negotiated protocol: TLSv1.2
08:24:06.197 [Test worker] DEBUG org.apache.hc.client5.http.ssl.SSLConnectionSocketFactory -  negotiated cipher suite: TLS_ECDHE_RSA_WITH_AES_128_GCM_SHA256
08:24:06.197 [Test worker] DEBUG org.apache.hc.client5.http.ssl.SSLConnectionSocketFactory -  peer principal: CN=*.github.io, O="GitHub, Inc.", L=San Francisco, ST=California, C=US
08:24:06.197 [Test worker] DEBUG org.apache.hc.client5.http.ssl.SSLConnectionSocketFactory -  peer alternative names: [*.github.io, github.io, *.github.com, github.com, www.github.com, *.githubusercontent.com, githubusercontent.com]
08:24:06.197 [Test worker] DEBUG org.apache.hc.client5.http.ssl.SSLConnectionSocketFactory -  issuer principal: CN=DigiCert TLS RSA SHA256 2020 CA1, O=DigiCert Inc, C=US
08:24:06.197 [Test worker] DEBUG org.apache.hc.client5.http.impl.io.DefaultHttpClientConnectionOperator - http-outgoing-0: connection established 192.168.1.7:61385<->185.199.111.133:443
08:24:06.197 [Test worker] DEBUG org.apache.hc.client5.http.impl.io.PoolingHttpClientConnectionManager - ep-00000000: connected http-outgoing-0
08:24:06.197 [Test worker] DEBUG org.apache.hc.client5.http.impl.classic.InternalHttpClient - ep-00000000: endpoint connected
08:24:06.197 [Test worker] DEBUG org.apache.hc.client5.http.impl.classic.MainClientExec - ex-00000001: executing GET /bonigarcia/webdrivermanager/master/src/main/resources/commands.properties HTTP/1.1
08:24:06.197 [Test worker] DEBUG org.apache.hc.client5.http.impl.classic.InternalHttpClient - ep-00000000: start execution ex-00000001
08:24:06.197 [Test worker] DEBUG org.apache.hc.client5.http.impl.io.PoolingHttpClientConnectionManager - ep-00000000: executing exchange ex-00000001 over http-outgoing-0
08:24:06.197 [Test worker] DEBUG org.apache.hc.client5.http.headers - http-outgoing-0 >> GET /bonigarcia/webdrivermanager/master/src/main/resources/commands.properties HTTP/1.1
08:24:06.197 [Test worker] DEBUG org.apache.hc.client5.http.headers - http-outgoing-0 >> user-agent: Apache-HttpClient/5.0
08:24:06.197 [Test worker] DEBUG org.apache.hc.client5.http.headers - http-outgoing-0 >> accept-encoding: gzip, deflate, br
08:24:06.197 [Test worker] DEBUG org.apache.hc.client5.http.headers - http-outgoing-0 >> cache-control: max-age=0
08:24:06.197 [Test worker] DEBUG org.apache.hc.client5.http.headers - http-outgoing-0 >> connection: keep-alive
08:24:06.197 [Test worker] DEBUG org.apache.hc.client5.http.headers - http-outgoing-0 >> Host: raw.githubusercontent.com
08:24:06.197 [Test worker] DEBUG org.apache.hc.client5.http.wire - http-outgoing-0 >> "GET /bonigarcia/webdrivermanager/master/src/main/resources/commands.properties HTTP/1.1[\r][\n]"
08:24:06.197 [Test worker] DEBUG org.apache.hc.client5.http.wire - http-outgoing-0 >> "user-agent: Apache-HttpClient/5.0[\r][\n]"
08:24:06.197 [Test worker] DEBUG org.apache.hc.client5.http.wire - http-outgoing-0 >> "accept-encoding: gzip, deflate, br[\r][\n]"
08:24:06.197 [Test worker] DEBUG org.apache.hc.client5.http.wire - http-outgoing-0 >> "cache-control: max-age=0[\r][\n]"
08:24:06.197 [Test worker] DEBUG org.apache.hc.client5.http.wire - http-outgoing-0 >> "connection: keep-alive[\r][\n]"
08:24:06.197 [Test worker] DEBUG org.apache.hc.client5.http.wire - http-outgoing-0 >> "Host: raw.githubusercontent.com[\r][\n]"
08:24:06.197 [Test worker] DEBUG org.apache.hc.client5.http.wire - http-outgoing-0 >> "[\r][\n]"
08:24:06.230 [Test worker] DEBUG org.apache.hc.client5.http.wire - http-outgoing-0 << "HTTP/1.1 200 OK[\r][\n]"
08:24:06.230 [Test worker] DEBUG org.apache.hc.client5.http.wire - http-outgoing-0 << "Connection: keep-alive[\r][\n]"
08:24:06.230 [Test worker] DEBUG org.apache.hc.client5.http.wire - http-outgoing-0 << "Content-Length: 723[\r][\n]"
08:24:06.230 [Test worker] DEBUG org.apache.hc.client5.http.wire - http-outgoing-0 << "Cache-Control: max-age=300[\r][\n]"
08:24:06.230 [Test worker] DEBUG org.apache.hc.client5.http.wire - http-outgoing-0 << "Content-Security-Policy: default-src 'none'; style-src 'unsafe-inline'; sandbox[\r][\n]"
08:24:06.230 [Test worker] DEBUG org.apache.hc.client5.http.wire - http-outgoing-0 << "Content-Type: text/plain; charset=utf-8[\r][\n]"
08:24:06.230 [Test worker] DEBUG org.apache.hc.client5.http.wire - http-outgoing-0 << "ETag: W/"e82b438271e9e8680c688b0b680efd0bdd22faa6d6f0a32fc1fd8accc486b67e"[\r][\n]"
08:24:06.230 [Test worker] DEBUG org.apache.hc.client5.http.wire - http-outgoing-0 << "Strict-Transport-Security: max-age=31536000[\r][\n]"
08:24:06.230 [Test worker] DEBUG org.apache.hc.client5.http.wire - http-outgoing-0 << "X-Content-Type-Options: nosniff[\r][\n]"
08:24:06.230 [Test worker] DEBUG org.apache.hc.client5.http.wire - http-outgoing-0 << "X-Frame-Options: deny[\r][\n]"
08:24:06.230 [Test worker] DEBUG org.apache.hc.client5.http.wire - http-outgoing-0 << "X-XSS-Protection: 1; mode=block[\r][\n]"
08:24:06.230 [Test worker] DEBUG org.apache.hc.client5.http.wire - http-outgoing-0 << "X-GitHub-Request-Id: D1DE:31B5:B4FD95:EC34F6:640DFB52[\r][\n]"
08:24:06.230 [Test worker] DEBUG org.apache.hc.client5.http.wire - http-outgoing-0 << "Content-Encoding: gzip[\r][\n]"
08:24:06.230 [Test worker] DEBUG org.apache.hc.client5.http.wire - http-outgoing-0 << "Accept-Ranges: bytes[\r][\n]"
08:24:06.230 [Test worker] DEBUG org.apache.hc.client5.http.wire - http-outgoing-0 << "Date: Mon, 13 Mar 2023 13:23:56 GMT[\r][\n]"
08:24:06.230 [Test worker] DEBUG org.apache.hc.client5.http.wire - http-outgoing-0 << "Via: 1.1 varnish[\r][\n]"
08:24:06.230 [Test worker] DEBUG org.apache.hc.client5.http.wire - http-outgoing-0 << "X-Served-By: cache-bog2260022-BOG[\r][\n]"
08:24:06.230 [Test worker] DEBUG org.apache.hc.client5.http.wire - http-outgoing-0 << "X-Cache: HIT[\r][\n]"
08:24:06.230 [Test worker] DEBUG org.apache.hc.client5.http.wire - http-outgoing-0 << "X-Cache-Hits: 1[\r][\n]"
08:24:06.230 [Test worker] DEBUG org.apache.hc.client5.http.wire - http-outgoing-0 << "X-Timer: S1678713837.866984,VS0,VE1[\r][\n]"
08:24:06.230 [Test worker] DEBUG org.apache.hc.client5.http.wire - http-outgoing-0 << "Vary: Authorization,Accept-Encoding,Origin[\r][\n]"
08:24:06.230 [Test worker] DEBUG org.apache.hc.client5.http.wire - http-outgoing-0 << "Access-Control-Allow-Origin: *[\r][\n]"
08:24:06.230 [Test worker] DEBUG org.apache.hc.client5.http.wire - http-outgoing-0 << "X-Fastly-Request-ID: edf45f132c5fc8579753839bcf3250f204c2466f[\r][\n]"
08:24:06.230 [Test worker] DEBUG org.apache.hc.client5.http.wire - http-outgoing-0 << "Expires: Mon, 13 Mar 2023 13:28:56 GMT[\r][\n]"
08:24:06.230 [Test worker] DEBUG org.apache.hc.client5.http.wire - http-outgoing-0 << "Source-Age: 273[\r][\n]"
08:24:06.230 [Test worker] DEBUG org.apache.hc.client5.http.wire - http-outgoing-0 << "[\r][\n]"
08:24:06.245 [Test worker] DEBUG org.apache.hc.client5.http.headers - http-outgoing-0 << HTTP/1.1 200 OK
08:24:06.245 [Test worker] DEBUG org.apache.hc.client5.http.headers - http-outgoing-0 << Connection: keep-alive
08:24:06.245 [Test worker] DEBUG org.apache.hc.client5.http.headers - http-outgoing-0 << Content-Length: 723
08:24:06.245 [Test worker] DEBUG org.apache.hc.client5.http.headers - http-outgoing-0 << Cache-Control: max-age=300
08:24:06.245 [Test worker] DEBUG org.apache.hc.client5.http.headers - http-outgoing-0 << Content-Security-Policy: default-src 'none'; style-src 'unsafe-inline'; sandbox
08:24:06.245 [Test worker] DEBUG org.apache.hc.client5.http.headers - http-outgoing-0 << Content-Type: text/plain; charset=utf-8
08:24:06.245 [Test worker] DEBUG org.apache.hc.client5.http.headers - http-outgoing-0 << ETag: W/"e82b438271e9e8680c688b0b680efd0bdd22faa6d6f0a32fc1fd8accc486b67e"
08:24:06.245 [Test worker] DEBUG org.apache.hc.client5.http.headers - http-outgoing-0 << Strict-Transport-Security: max-age=31536000
08:24:06.245 [Test worker] DEBUG org.apache.hc.client5.http.headers - http-outgoing-0 << X-Content-Type-Options: nosniff
08:24:06.245 [Test worker] DEBUG org.apache.hc.client5.http.headers - http-outgoing-0 << X-Frame-Options: deny
08:24:06.245 [Test worker] DEBUG org.apache.hc.client5.http.headers - http-outgoing-0 << X-XSS-Protection: 1; mode=block
08:24:06.245 [Test worker] DEBUG org.apache.hc.client5.http.headers - http-outgoing-0 << X-GitHub-Request-Id: D1DE:31B5:B4FD95:EC34F6:640DFB52
08:24:06.245 [Test worker] DEBUG org.apache.hc.client5.http.headers - http-outgoing-0 << Content-Encoding: gzip
08:24:06.245 [Test worker] DEBUG org.apache.hc.client5.http.headers - http-outgoing-0 << Accept-Ranges: bytes
08:24:06.245 [Test worker] DEBUG org.apache.hc.client5.http.headers - http-outgoing-0 << Date: Mon, 13 Mar 2023 13:23:56 GMT
08:24:06.245 [Test worker] DEBUG org.apache.hc.client5.http.headers - http-outgoing-0 << Via: 1.1 varnish
08:24:06.245 [Test worker] DEBUG org.apache.hc.client5.http.headers - http-outgoing-0 << X-Served-By: cache-bog2260022-BOG
08:24:06.245 [Test worker] DEBUG org.apache.hc.client5.http.headers - http-outgoing-0 << X-Cache: HIT
08:24:06.245 [Test worker] DEBUG org.apache.hc.client5.http.headers - http-outgoing-0 << X-Cache-Hits: 1
08:24:06.245 [Test worker] DEBUG org.apache.hc.client5.http.headers - http-outgoing-0 << X-Timer: S1678713837.866984,VS0,VE1
08:24:06.245 [Test worker] DEBUG org.apache.hc.client5.http.headers - http-outgoing-0 << Vary: Authorization,Accept-Encoding,Origin
08:24:06.245 [Test worker] DEBUG org.apache.hc.client5.http.headers - http-outgoing-0 << Access-Control-Allow-Origin: *
08:24:06.245 [Test worker] DEBUG org.apache.hc.client5.http.headers - http-outgoing-0 << X-Fastly-Request-ID: edf45f132c5fc8579753839bcf3250f204c2466f
08:24:06.245 [Test worker] DEBUG org.apache.hc.client5.http.headers - http-outgoing-0 << Expires: Mon, 13 Mar 2023 13:28:56 GMT
08:24:06.245 [Test worker] DEBUG org.apache.hc.client5.http.headers - http-outgoing-0 << Source-Age: 273
08:24:06.245 [Test worker] DEBUG org.apache.hc.client5.http.impl.classic.MainClientExec - ex-00000001: connection can be kept alive for 3 MINUTES
08:24:06.269 [Test worker] DEBUG org.apache.hc.client5.http.wire - http-outgoing-0 << "[0x1f][0xffffff8b][0x8][0x0][0x0][0x0][0x0][0x0][0x0][0x3][0xffffffb5]V]o[0xffffffda]0[0x14]}[0xffffffe7]W\[0xffffff81]*[0xffffffb5][0x12][0x1f][[M[0xffffffd3]$[0x1e]hF[0xffffffbb]i [0x18][0xffffffb4][0xffffffdd]&[0xfffffff9][0xffffffc5]$7[0xffffffc1]R[0x12]#;[0xffffff94]v[0xffffffbf]~[0xffffffb6][0xfffffff3]1[0xffffff92][0xffffff9a][0xffffffc1][0x1a]x[0xffffffcb][0xffffffb5][0xffffffaf][0xffffffcf]9[0xffffffbe][0xfffffff7]8v[0xb][0x1c][0x1e]E4[0xfffffff6]$x4[0xffffffa1][0xb]*[0xffffffb1][0xffffffd1][0xffffff82][0xfffffffb]%[0xffffff93][0xffffffe0][0xffffffb3][0x10][0xffffffc1][0xffffffe5]qBY,!Y[0xffffffea] KM8,[0x10][0xfffffff0][0x19][0xffffffdd]u[0xffffff82][0x1e][0xffffffb0][0xffffffd8]L[0xffffffcb]%[0xffffff86][0xffffffa1][0xe][0xffffffb8][0xfffffff0]P[0xffffffe8]$[0xf][0x13]t[0x13]3[0xfffffff9][0xffffff84]B2[0xffffffae][0xffffffe6]|@[0xfffffff5][0x1d][0x8][0xffffffc4][0x18][0x16][0xffffff82]o[0xffffffa4][0xffffff9a]P[0xffffff94][0xffffffe7][0xffffffce]R[0xfffffff0][0x8][0xffffffdb]p[0xffffffcb][0x4][0xfffffffa][0xfffffffc][0xffffffb9][\r][0xffffff93][0x15][\n]"
08:24:06.269 [Test worker] DEBUG org.apache.hc.client5.http.wire - http-outgoing-0 << "[0xffffffda][0xffffff86][0xffffffa1][0x17][0xffffffa8]Q3[0xffffffcb][0xffffffd6][0xffffffd1][0xffffff85][0xffffffc6][0xfffffff7][0xffffff98][0xffffffef][0xffffffa3][0xffffffc0]8[0x1][0xffffffae]s[0x12][0x16][0x7] _d[0xffffff82][0xffffff91][0xffffff84][0xfffffff3][0x1f],[0xfffffff6][0x14]j[0x1b]F,^+[0xffffff98]1ua2[0xffffffbf]h([0xffffff8e][0xffffff94][0xffffffa2][0xffffff91]m[0xffffffa3][0xffffffeb][0xffffff9a][0xffffffb0][0xffffffbb]I[0x17]t[0xffffffdf][0xffffffbd][0xffffffef][0xffffffbb][0xffffff91][0xffffffd7]U[0xffffffbb][0xffffff82][0xffffff9e][0x3][0xffffff9b][0xffffff88][0xffffffb9][0xffffffa6]$[0xffffffa6][0xc][0xffffff9b][0xffffffa5][0xffffffe2][0xffffff83][0xffffff98]F[0xffffffd8]o[0xffffff9e]Mg[0xffffff93][0xffffffbb][0xffffffd9]`|[0xfffffffb]u4[0xffffff9c][0x7f]"}B[0xffffffce][0x8][0xffffffb9][0xffffffe3]<[0x8][0xffffff91][0xffffff90][0xffffff94][0xffffff82][0xffffff90][0xffffffc1]j[0x15]2WI[0xffffffe3]1![0x19][0xffffff91]BnB[0xffffff80][0x9]<f[0xffffffb5][0xffffffe8]=[0xffffffd1]p[0xffffffbd][[0xffffffcf][0xffffffe5][0x1b][0xfffffff4][0xffffff9c][0xffffffff][0xfffffffc][0xfffffff8][0xffffffe1][0xffffffe2][0xffffff94][0xffffffa2][0xffffffae][0xe][0x14]5[0xffffff9a]8[0xffffff83][0xffffffd1]`:[0xfffffffd]<[0xffffffb8][0x1f][0xffffff9c]R[0xffffffcf]u[0x7f]6[0xffffffbc][0xffffff83][0xffffffef][0xf][0xffffffc3][0xffffffd9]/[0xfffffff8][0xfffffff2][0xffffffcd]y s[0xffffffee]'[0x1b]*0g[0xffffffcb][0xffffffc8]nF7H][0xffffff83][0xffffff97]{[0xffffffb1]Q[0x5][\r][0xffffffb5]c[0xffffffb4][0xf][0x2][0xffffffb3][0xffffffb4][0xffffff93][0xe]C[0xffffffa7][0xffffffb3]kAD][0xffffff9d][0xffffffde][0xffffffdb][0xffffffda][0xffffff88][0xffffffec][0xffffffa5][0xffffffbc][0xffffff99][0xffffffd9][0xffffffba]t[0xffffffb5][0xffffffea]9[0xffffffea][0x10])[0xffffffb7][0xffffffca][0xffffff9e][0xfffffff2][0xffffffe2]d^N[0xffffffd8]FW[0x16][0xffffffcd][0xffffffdc]_[0x10][0xfffffff9]i|[0x1c][0xffffff93][0xffffff8e][0xfffffff9]o[0x16][0xffffff86]4'!$G[0xffffffdf]W[0xfffffff4]W*j[[0xfffffff3]xR[0xffffffae][0xffffffb6][0xc][0xffffffd0],; #[0xffffffa9][0xffffff92]5[0xffffffb5][0x7][0xffffff9c][0xffffffb5][0xffffffd0][0x7f][0xffffff90][0xffffffc7]jgs[0xfffffffc][0xffffffc2][0xb][0xffffffd9][0x0]t[0xffffff9e]^'Y[0xfffffffb][0xffffff9f][0xffffffb1][0xffffffd8]:[0xffffffbf][0xffffff8d][0xffffffa5][0xffffff9a][0xffffffad][0x7f]m[0x5]&[0xffffffaa][0xffffffa0]^[0xffffff9b][0xffffffcb][0x5]f[0xffffffae][0xffffffe0]RU[0xffffff82][0x10]MS9l[0xffffff91]4t[0xfffffffb][0xffffff8a]][0xffffffd6][0xfffffff4][0xffffff96][0xffffffa6][0xffffff9f]P[0xffffffce][0xffffffd5][0xffffffce][0xffffff93][0xffffffff][0xffffff97][0xffffffcc]p[0xfffffffd][0xfffffff3][0xffffffe8][0x1b][0xffffffcc][0xffffffa2][0xffffffd9]Q[0xffffffbe][0xffffffb2][0xffffffa3][0xffffffc7]m'[0xffffffdf][0xffffffe4][[0xfffffffb]^[0xffffffb0][0xffffff9a][0xffffffbe][0xffffffda][0xffffffda]_[0xffffffce][0xffffff80][0xffffffd2][0xffffffc1]7[0xffffffb7]][0xffffffc1]b[0xffffffee][0xffffffb5][0xffffffff]w[0xffffff83][0xffffffed][0xffffffa7];[0x15]<[0x10]4[0xffffff92][0xffffff84][0x18][\n]"
08:24:06.269 [Test worker] DEBUG org.apache.hc.client5.http.wire - http-outgoing-0 << "BB[0xffffffba][0xffffff8e]][0xffffffb5]jo[0xffffffb9]+"[0xffffffea][0xffffffb4][0xffffffff]h"[0xffffffea]\?5[0xffffffa9][0xffffffaf]k[0xffffffec][0xffffffff]P[0xffffffea][\n]"
08:24:06.269 [Test worker] DEBUG org.apache.hc.client5.http.wire - http-outgoing-0 << "w[0xffffffe1]K[0x13][0xffffffda][0xffffffec][0xffffff98][0xffffffe6]Y[0xfffffffd]h8m6[0xffffff9c]T[0xffffffc1][0xfffffff2][0xffffffa7][0xffffff91]z_[0xffffff95]o85p[0x1c][0x13][0xffffffe6][0xfffffff0]5[0xffffffee][0xfffffffc][0xffffff92][0xffffff96][0xffffffda][0xfffffff7][0xffffffcf][0xffffffb1][0x5][0x1d][0xffffffea]K[0xffffff9b]9[0xffffff8e][0xffffffad]e[0xfffffff7][0xffffff93][0xffffffa8]`[0xffffffda][0xffffffff][0x1a][0xffffffd2][0xffffff88][0xffffff85][0xfffffffd][0xfffffff2][0xffffff91]N[0xfffffff6]`[0xffffffdf]2[0xffffffcf][0xffffffae]E[0xffffff97][0xffffffc5][0xffffffa2][0xffffff9d][0xffffffef]'[0xffffff9d]mun.[0xffffffd3]f^[0xffffffc7][0xffffff82][0xffffffda][0xffffff82]9[0xfffffff5][0xffffffa9]`[0x5][0xffffffbc]4[0xffffffa1][0x1d]<M[0xffffffb5]A[0xffffffa7]3[[0xffffffc0][0x7f][0x0][0xffffffc1][0xffffffd0]$[0xffffff85][0x1d][\r][0x0][0x0]"
08:24:06.269 [Test worker] DEBUG org.apache.hc.client5.http.impl.classic.InternalHttpClient - ep-00000000: releasing valid endpoint
08:24:06.269 [Test worker] DEBUG org.apache.hc.client5.http.impl.io.PoolingHttpClientConnectionManager - ep-00000000: releasing endpoint
08:24:06.269 [Test worker] DEBUG org.apache.hc.client5.http.impl.io.PoolingHttpClientConnectionManager - ep-00000000: connection http-outgoing-0 can be kept alive for 3 MINUTES
08:24:06.269 [Test worker] DEBUG org.apache.hc.client5.http.impl.io.PoolingHttpClientConnectionManager - ep-00000000: connection released [route: {s}->https://raw.githubusercontent.com:443][total available: 1; route allocated: 1 of 5; total allocated: 1 of 25]
08:24:06.269 [Test worker] DEBUG io.github.bonigarcia.wdm.versions.VersionDetector - Detecting chrome version using online commands.properties
08:24:06.282 [Test worker] DEBUG io.github.bonigarcia.wdm.versions.Shell - Running command on the shell: [cmd.exe, /C, wmic, datafile, where, name="%PROGRAMFILES:\=\\%\\Google\\Chrome\\Application\\chrome.exe", get, Version, /value]
08:24:06.450 [Test worker] DEBUG io.github.bonigarcia.wdm.versions.Shell - Result: Version=110.0.5481.180
08:24:06.450 [Test worker] DEBUG io.github.bonigarcia.wdm.cache.ResolutionCache - Removing resolution chrome110=110.0.5481.77 from cache (expired on Sat Mar 11 16:55:11 COT 2023)
08:24:06.450 [Test worker] DEBUG org.apache.hc.client5.http.impl.classic.InternalHttpClient - ex-00000002: preparing request execution
08:24:06.450 [Test worker] DEBUG org.apache.hc.client5.http.protocol.RequestAddCookies - Cookie spec selected: strict
08:24:06.450 [Test worker] DEBUG org.apache.hc.client5.http.protocol.RequestAuthCache - Auth cache not set in the context
08:24:06.450 [Test worker] DEBUG org.apache.hc.client5.http.impl.classic.ProtocolExec - ex-00000002: target auth state: UNCHALLENGED
08:24:06.450 [Test worker] DEBUG org.apache.hc.client5.http.impl.classic.ProtocolExec - ex-00000002: proxy auth state: UNCHALLENGED
08:24:06.450 [Test worker] DEBUG org.apache.hc.client5.http.impl.classic.ConnectExec - ex-00000002: acquiring connection with route {s}->https://chromedriver.storage.googleapis.com:443
08:24:06.450 [Test worker] DEBUG org.apache.hc.client5.http.impl.classic.InternalHttpClient - ex-00000002: acquiring endpoint (3 MINUTES)
08:24:06.450 [Test worker] DEBUG org.apache.hc.client5.http.impl.io.PoolingHttpClientConnectionManager - ex-00000002: endpoint lease request (3 MINUTES) [route: {s}->https://chromedriver.storage.googleapis.com:443][total available: 1; route allocated: 0 of 5; total allocated: 1 of 25]
08:24:06.450 [Test worker] DEBUG org.apache.hc.client5.http.impl.io.PoolingHttpClientConnectionManager - ex-00000002: endpoint leased [route: {s}->https://chromedriver.storage.googleapis.com:443][total available: 1; route allocated: 1 of 5; total allocated: 2 of 25]
08:24:06.450 [Test worker] DEBUG org.apache.hc.client5.http.impl.io.PoolingHttpClientConnectionManager - ex-00000002: acquired ep-00000001
08:24:06.450 [Test worker] DEBUG org.apache.hc.client5.http.impl.classic.InternalHttpClient - ex-00000002: acquired endpoint ep-00000001
08:24:06.450 [Test worker] DEBUG org.apache.hc.client5.http.impl.classic.ConnectExec - ex-00000002: opening connection {s}->https://chromedriver.storage.googleapis.com:443
08:24:06.450 [Test worker] DEBUG org.apache.hc.client5.http.impl.classic.InternalHttpClient - ep-00000001: connecting endpoint (30 SECONDS)
08:24:06.450 [Test worker] DEBUG org.apache.hc.client5.http.impl.io.PoolingHttpClientConnectionManager - ep-00000001: connecting endpoint to https://chromedriver.storage.googleapis.com:443 (30 SECONDS)
08:24:06.544 [Test worker] DEBUG org.apache.hc.client5.http.impl.io.DefaultHttpClientConnectionOperator - http-outgoing-1: connecting to chromedriver.storage.googleapis.com/142.250.78.112:443
08:24:06.544 [Test worker] DEBUG org.apache.hc.client5.http.ssl.SSLConnectionSocketFactory - Connecting socket to chromedriver.storage.googleapis.com/142.250.78.112:443 with timeout 30 SECONDS
08:24:06.598 [Test worker] DEBUG org.apache.hc.client5.http.ssl.SSLConnectionSocketFactory - Enabled protocols: [TLSv1.2]
08:24:06.598 [Test worker] DEBUG org.apache.hc.client5.http.ssl.SSLConnectionSocketFactory - Enabled cipher suites: [TLS_ECDHE_ECDSA_WITH_AES_128_CBC_SHA256, TLS_ECDHE_RSA_WITH_AES_128_CBC_SHA256, TLS_RSA_WITH_AES_128_CBC_SHA256, TLS_ECDH_ECDSA_WITH_AES_128_CBC_SHA256, TLS_ECDH_RSA_WITH_AES_128_CBC_SHA256, TLS_DHE_RSA_WITH_AES_128_CBC_SHA256, TLS_DHE_DSS_WITH_AES_128_CBC_SHA256, TLS_ECDHE_ECDSA_WITH_AES_128_CBC_SHA, TLS_ECDHE_RSA_WITH_AES_128_CBC_SHA, TLS_RSA_WITH_AES_128_CBC_SHA, TLS_ECDH_ECDSA_WITH_AES_128_CBC_SHA, TLS_ECDH_RSA_WITH_AES_128_CBC_SHA, TLS_DHE_RSA_WITH_AES_128_CBC_SHA, TLS_DHE_DSS_WITH_AES_128_CBC_SHA, TLS_ECDHE_ECDSA_WITH_AES_128_GCM_SHA256, TLS_ECDHE_RSA_WITH_AES_128_GCM_SHA256, TLS_RSA_WITH_AES_128_GCM_SHA256, TLS_ECDH_ECDSA_WITH_AES_128_GCM_SHA256, TLS_ECDH_RSA_WITH_AES_128_GCM_SHA256, TLS_DHE_RSA_WITH_AES_128_GCM_SHA256, TLS_DHE_DSS_WITH_AES_128_GCM_SHA256, TLS_EMPTY_RENEGOTIATION_INFO_SCSV]
08:24:06.598 [Test worker] DEBUG org.apache.hc.client5.http.ssl.SSLConnectionSocketFactory - Starting handshake
08:24:06.816 [Test worker] DEBUG org.apache.hc.client5.http.ssl.SSLConnectionSocketFactory - Secure session established
08:24:06.816 [Test worker] DEBUG org.apache.hc.client5.http.ssl.SSLConnectionSocketFactory -  negotiated protocol: TLSv1.2
08:24:06.816 [Test worker] DEBUG org.apache.hc.client5.http.ssl.SSLConnectionSocketFactory -  negotiated cipher suite: TLS_ECDHE_ECDSA_WITH_AES_128_GCM_SHA256
08:24:06.816 [Test worker] DEBUG org.apache.hc.client5.http.ssl.SSLConnectionSocketFactory -  peer principal: CN=*.storage.googleapis.com
08:24:06.816 [Test worker] DEBUG org.apache.hc.client5.http.ssl.SSLConnectionSocketFactory -  peer alternative names: [*.storage.googleapis.com, *.googleapis.com, commondatastorage.googleapis.com, *.commondatastorage.googleapis.com, storage.googleapis.com, storage-p2.googleapis.com, *.storage-p2.googleapis.com, storage.mtls.googleapis.com, *.appspot.com.storage.googleapis.com, *.content-storage.googleapis.com, *.content-storage-p2.googleapis.com, *.content-storage-upload.googleapis.com, *.content-storage-download.googleapis.com, *.storage-upload.googleapis.com, *.storage-download.googleapis.com]
08:24:06.816 [Test worker] DEBUG org.apache.hc.client5.http.ssl.SSLConnectionSocketFactory -  issuer principal: CN=GTS CA 1C3, O=Google Trust Services LLC, C=US
08:24:06.816 [Test worker] DEBUG org.apache.hc.client5.http.impl.io.DefaultHttpClientConnectionOperator - http-outgoing-1: connection established 192.168.1.7:61386<->142.250.78.112:443
08:24:06.816 [Test worker] DEBUG org.apache.hc.client5.http.impl.io.PoolingHttpClientConnectionManager - ep-00000001: connected http-outgoing-1
08:24:06.816 [Test worker] DEBUG org.apache.hc.client5.http.impl.classic.InternalHttpClient - ep-00000001: endpoint connected
08:24:06.816 [Test worker] DEBUG org.apache.hc.client5.http.impl.classic.MainClientExec - ex-00000002: executing GET /LATEST_RELEASE_110 HTTP/1.1
08:24:06.816 [Test worker] DEBUG org.apache.hc.client5.http.impl.classic.InternalHttpClient - ep-00000001: start execution ex-00000002
08:24:06.816 [Test worker] DEBUG org.apache.hc.client5.http.impl.io.PoolingHttpClientConnectionManager - ep-00000001: executing exchange ex-00000002 over http-outgoing-1
08:24:06.816 [Test worker] DEBUG org.apache.hc.client5.http.headers - http-outgoing-1 >> GET /LATEST_RELEASE_110 HTTP/1.1
08:24:06.816 [Test worker] DEBUG org.apache.hc.client5.http.headers - http-outgoing-1 >> user-agent: Apache-HttpClient/5.0
08:24:06.816 [Test worker] DEBUG org.apache.hc.client5.http.headers - http-outgoing-1 >> accept-encoding: gzip, deflate, br
08:24:06.816 [Test worker] DEBUG org.apache.hc.client5.http.headers - http-outgoing-1 >> cache-control: max-age=0
08:24:06.816 [Test worker] DEBUG org.apache.hc.client5.http.headers - http-outgoing-1 >> connection: keep-alive
08:24:06.816 [Test worker] DEBUG org.apache.hc.client5.http.headers - http-outgoing-1 >> Host: chromedriver.storage.googleapis.com
08:24:06.816 [Test worker] DEBUG org.apache.hc.client5.http.wire - http-outgoing-1 >> "GET /LATEST_RELEASE_110 HTTP/1.1[\r][\n]"
08:24:06.816 [Test worker] DEBUG org.apache.hc.client5.http.wire - http-outgoing-1 >> "user-agent: Apache-HttpClient/5.0[\r][\n]"
08:24:06.816 [Test worker] DEBUG org.apache.hc.client5.http.wire - http-outgoing-1 >> "accept-encoding: gzip, deflate, br[\r][\n]"
08:24:06.816 [Test worker] DEBUG org.apache.hc.client5.http.wire - http-outgoing-1 >> "cache-control: max-age=0[\r][\n]"
08:24:06.816 [Test worker] DEBUG org.apache.hc.client5.http.wire - http-outgoing-1 >> "connection: keep-alive[\r][\n]"
08:24:06.816 [Test worker] DEBUG org.apache.hc.client5.http.wire - http-outgoing-1 >> "Host: chromedriver.storage.googleapis.com[\r][\n]"
08:24:06.816 [Test worker] DEBUG org.apache.hc.client5.http.wire - http-outgoing-1 >> "[\r][\n]"
08:24:06.832 [Test worker] DEBUG org.apache.hc.client5.http.wire - http-outgoing-1 << "HTTP/1.1 200 OK[\r][\n]"
08:24:06.832 [Test worker] DEBUG org.apache.hc.client5.http.wire - http-outgoing-1 << "X-GUploader-UploadID: ADPycdunyipl_N4r8SK9zk-Acuw618ZuCGHES9Bibl6y5fLfpiEJR0pNVmLBOkxrD6WBBNuBbQP-WHHiISUHDF4zsYAhgLqRRJWg[\r][\n]"
08:24:06.832 [Test worker] DEBUG org.apache.hc.client5.http.wire - http-outgoing-1 << "x-goog-generation: 1675843673711119[\r][\n]"
08:24:06.832 [Test worker] DEBUG org.apache.hc.client5.http.wire - http-outgoing-1 << "x-goog-metageneration: 1[\r][\n]"
08:24:06.832 [Test worker] DEBUG org.apache.hc.client5.http.wire - http-outgoing-1 << "x-goog-stored-content-encoding: identity[\r][\n]"
08:24:06.832 [Test worker] DEBUG org.apache.hc.client5.http.wire - http-outgoing-1 << "x-goog-stored-content-length: 13[\r][\n]"
08:24:06.832 [Test worker] DEBUG org.apache.hc.client5.http.wire - http-outgoing-1 << "x-goog-hash: crc32c=AZE9hw==[\r][\n]"
08:24:06.832 [Test worker] DEBUG org.apache.hc.client5.http.wire - http-outgoing-1 << "x-goog-hash: md5=/HJdpcBGegAQlGbP5/WAtA==[\r][\n]"
08:24:06.832 [Test worker] DEBUG org.apache.hc.client5.http.wire - http-outgoing-1 << "x-goog-storage-class: STANDARD[\r][\n]"
08:24:06.832 [Test worker] DEBUG org.apache.hc.client5.http.wire - http-outgoing-1 << "Accept-Ranges: bytes[\r][\n]"
08:24:06.832 [Test worker] DEBUG org.apache.hc.client5.http.wire - http-outgoing-1 << "Content-Length: 13[\r][\n]"
08:24:06.832 [Test worker] DEBUG org.apache.hc.client5.http.wire - http-outgoing-1 << "Server: UploadServer[\r][\n]"
08:24:06.832 [Test worker] DEBUG org.apache.hc.client5.http.wire - http-outgoing-1 << "Date: Mon, 13 Mar 2023 12:39:16 GMT[\r][\n]"
08:24:06.832 [Test worker] DEBUG org.apache.hc.client5.http.wire - http-outgoing-1 << "Expires: Mon, 13 Mar 2023 13:39:16 GMT[\r][\n]"
08:24:06.832 [Test worker] DEBUG org.apache.hc.client5.http.wire - http-outgoing-1 << "Cache-Control: public, max-age=3600[\r][\n]"
08:24:06.832 [Test worker] DEBUG org.apache.hc.client5.http.wire - http-outgoing-1 << "Age: 2681[\r][\n]"
08:24:06.832 [Test worker] DEBUG org.apache.hc.client5.http.wire - http-outgoing-1 << "Last-Modified: Wed, 08 Feb 2023 08:07:53 GMT[\r][\n]"
08:24:06.832 [Test worker] DEBUG org.apache.hc.client5.http.wire - http-outgoing-1 << "ETag: "fc725da5c0467a00109466cfe7f580b4"[\r][\n]"
08:24:06.832 [Test worker] DEBUG org.apache.hc.client5.http.wire - http-outgoing-1 << "Content-Type: text/plain[\r][\n]"
08:24:06.832 [Test worker] DEBUG org.apache.hc.client5.http.wire - http-outgoing-1 << "Alt-Svc: h3=":443"; ma=2592000,h3-29=":443"; ma=2592000,h3-Q050=":443"; ma=2592000,h3-Q046=":443"; ma=2592000,h3-Q043=":443"; ma=2592000,quic=":443"; ma=2592000; v="46,43"[\r][\n]"
08:24:06.832 [Test worker] DEBUG org.apache.hc.client5.http.wire - http-outgoing-1 << "[\r][\n]"
08:24:06.832 [Test worker] DEBUG org.apache.hc.client5.http.wire - http-outgoing-1 << "110.0.5481.77"
08:24:06.848 [Test worker] DEBUG org.apache.hc.client5.http.headers - http-outgoing-1 << HTTP/1.1 200 OK
08:24:06.848 [Test worker] DEBUG org.apache.hc.client5.http.headers - http-outgoing-1 << X-GUploader-UploadID: ADPycdunyipl_N4r8SK9zk-Acuw618ZuCGHES9Bibl6y5fLfpiEJR0pNVmLBOkxrD6WBBNuBbQP-WHHiISUHDF4zsYAhgLqRRJWg
08:24:06.848 [Test worker] DEBUG org.apache.hc.client5.http.headers - http-outgoing-1 << x-goog-generation: 1675843673711119
08:24:06.848 [Test worker] DEBUG org.apache.hc.client5.http.headers - http-outgoing-1 << x-goog-metageneration: 1
08:24:06.848 [Test worker] DEBUG org.apache.hc.client5.http.headers - http-outgoing-1 << x-goog-stored-content-encoding: identity
08:24:06.848 [Test worker] DEBUG org.apache.hc.client5.http.headers - http-outgoing-1 << x-goog-stored-content-length: 13
08:24:06.848 [Test worker] DEBUG org.apache.hc.client5.http.headers - http-outgoing-1 << x-goog-hash: crc32c=AZE9hw==
08:24:06.848 [Test worker] DEBUG org.apache.hc.client5.http.headers - http-outgoing-1 << x-goog-hash: md5=/HJdpcBGegAQlGbP5/WAtA==
08:24:06.848 [Test worker] DEBUG org.apache.hc.client5.http.headers - http-outgoing-1 << x-goog-storage-class: STANDARD
08:24:06.848 [Test worker] DEBUG org.apache.hc.client5.http.headers - http-outgoing-1 << Accept-Ranges: bytes
08:24:06.848 [Test worker] DEBUG org.apache.hc.client5.http.headers - http-outgoing-1 << Content-Length: 13
08:24:06.848 [Test worker] DEBUG org.apache.hc.client5.http.headers - http-outgoing-1 << Server: UploadServer
08:24:06.848 [Test worker] DEBUG org.apache.hc.client5.http.headers - http-outgoing-1 << Date: Mon, 13 Mar 2023 12:39:16 GMT
08:24:06.848 [Test worker] DEBUG org.apache.hc.client5.http.headers - http-outgoing-1 << Expires: Mon, 13 Mar 2023 13:39:16 GMT
08:24:06.848 [Test worker] DEBUG org.apache.hc.client5.http.headers - http-outgoing-1 << Cache-Control: public, max-age=3600
08:24:06.848 [Test worker] DEBUG org.apache.hc.client5.http.headers - http-outgoing-1 << Age: 2681
08:24:06.848 [Test worker] DEBUG org.apache.hc.client5.http.headers - http-outgoing-1 << Last-Modified: Wed, 08 Feb 2023 08:07:53 GMT
08:24:06.848 [Test worker] DEBUG org.apache.hc.client5.http.headers - http-outgoing-1 << ETag: "fc725da5c0467a00109466cfe7f580b4"
08:24:06.848 [Test worker] DEBUG org.apache.hc.client5.http.headers - http-outgoing-1 << Content-Type: text/plain
08:24:06.848 [Test worker] DEBUG org.apache.hc.client5.http.headers - http-outgoing-1 << Alt-Svc: h3=":443"; ma=2592000,h3-29=":443"; ma=2592000,h3-Q050=":443"; ma=2592000,h3-Q046=":443"; ma=2592000,h3-Q043=":443"; ma=2592000,quic=":443"; ma=2592000; v="46,43"
08:24:06.848 [Test worker] DEBUG org.apache.hc.client5.http.impl.classic.MainClientExec - ex-00000002: connection can be kept alive for 3 MINUTES
08:24:06.848 [Test worker] DEBUG org.apache.hc.client5.http.impl.classic.InternalHttpClient - ep-00000001: releasing valid endpoint
08:24:06.848 [Test worker] DEBUG org.apache.hc.client5.http.impl.io.PoolingHttpClientConnectionManager - ep-00000001: releasing endpoint
08:24:06.848 [Test worker] DEBUG org.apache.hc.client5.http.impl.io.PoolingHttpClientConnectionManager - ep-00000001: connection http-outgoing-1 can be kept alive for 3 MINUTES
08:24:06.848 [Test worker] DEBUG org.apache.hc.client5.http.impl.io.PoolingHttpClientConnectionManager - ep-00000001: connection released [route: {s}->https://chromedriver.storage.googleapis.com:443][total available: 2; route allocated: 1 of 5; total allocated: 2 of 25]
08:24:06.848 [Test worker] DEBUG io.github.bonigarcia.wdm.versions.VersionDetector - Latest version of chromedriver according to https://chromedriver.storage.googleapis.com/LATEST_RELEASE_110 is 110.0.5481.77
08:24:06.848 [Test worker] INFO io.github.bonigarcia.wdm.WebDriverManager - Using chromedriver 110.0.5481.77 (resolved driver for Chrome 110)
08:24:06.848 [Test worker] DEBUG io.github.bonigarcia.wdm.cache.ResolutionCache - Storing resolution chrome=110 in cache (valid until 09:24:06 13/03/2023 COT)
08:24:06.848 [Test worker] DEBUG io.github.bonigarcia.wdm.cache.ResolutionCache - Storing resolution chrome110=110.0.5481.77 in cache (valid until 08:24:06 14/03/2023 COT)
08:24:06.883 [Test worker] DEBUG io.github.bonigarcia.wdm.WebDriverManager - Driver chromedriver 110.0.5481.77 found in cache
08:24:06.883 [Test worker] INFO io.github.bonigarcia.wdm.WebDriverManager - Exporting webdriver.chrome.driver as C:\Users\jmolinab\.cache\selenium\chromedriver\win32\110.0.5481.77\chromedriver.exe
08:24:06.963 [Test worker] DEBUG io.netty.util.internal.logging.InternalLoggerFactory - Using SLF4J as the default logging framework
08:24:06.979 [Test worker] DEBUG io.netty.util.ResourceLeakDetector - -Dio.netty.leakDetection.level: simple
08:24:06.979 [Test worker] DEBUG io.netty.util.ResourceLeakDetector - -Dio.netty.leakDetection.targetRecords: 4
08:24:06.982 [Test worker] DEBUG io.netty.util.ResourceLeakDetectorFactory - Loaded default ResourceLeakDetector: io.netty.util.ResourceLeakDetector@2dc3271b
08:24:07.007 [Test worker] DEBUG io.netty.util.internal.PlatformDependent0 - -Dio.netty.noUnsafe: false
08:24:07.007 [Test worker] DEBUG io.netty.util.internal.PlatformDependent0 - Java version: 8
08:24:07.007 [Test worker] DEBUG io.netty.util.internal.PlatformDependent0 - sun.misc.Unsafe.theUnsafe: available
08:24:07.007 [Test worker] DEBUG io.netty.util.internal.PlatformDependent0 - sun.misc.Unsafe.copyMemory: available
08:24:07.007 [Test worker] DEBUG io.netty.util.internal.PlatformDependent0 - java.nio.Buffer.address: available
08:24:07.007 [Test worker] DEBUG io.netty.util.internal.PlatformDependent0 - direct buffer constructor: available
08:24:07.007 [Test worker] DEBUG io.netty.util.internal.PlatformDependent0 - java.nio.Bits.unaligned: available, true
08:24:07.007 [Test worker] DEBUG io.netty.util.internal.PlatformDependent0 - jdk.internal.misc.Unsafe.allocateUninitializedArray(int): unavailable prior to Java9
08:24:07.007 [Test worker] DEBUG io.netty.util.internal.PlatformDependent0 - java.nio.DirectByteBuffer.<init>(long, int): available
08:24:07.007 [Test worker] DEBUG io.netty.util.internal.PlatformDependent - sun.misc.Unsafe: available
08:24:07.007 [Test worker] DEBUG io.netty.util.internal.PlatformDependent - -Dio.netty.tmpdir: C:\Users\jmolinab\AppData\Local\Temp (java.io.tmpdir)
08:24:07.007 [Test worker] DEBUG io.netty.util.internal.PlatformDependent - -Dio.netty.bitMode: 64 (sun.arch.data.model)
08:24:07.007 [Test worker] DEBUG io.netty.util.internal.PlatformDependent - Platform: Windows
08:24:07.007 [Test worker] DEBUG io.netty.util.internal.PlatformDependent - -Dio.netty.maxDirectMemory: 477626368 bytes
08:24:07.007 [Test worker] DEBUG io.netty.util.internal.PlatformDependent - -Dio.netty.uninitializedArrayAllocationThreshold: -1
08:24:07.007 [Test worker] DEBUG io.netty.util.internal.CleanerJava6 - java.nio.ByteBuffer.cleaner(): available
08:24:07.007 [Test worker] DEBUG io.netty.util.internal.PlatformDependent - -Dio.netty.noPreferDirect: false
08:24:07.023 [Test worker] DEBUG io.netty.util.internal.PlatformDependent - org.jctools-core.MpscChunkedArrayQueue: available
08:24:07.038 [Test worker] DEBUG io.netty.util.internal.InternalThreadLocalMap - -Dio.netty.threadLocalMap.stringBuilder.initialSize: 1024
08:24:07.038 [Test worker] DEBUG io.netty.util.internal.InternalThreadLocalMap - -Dio.netty.threadLocalMap.stringBuilder.maxSize: 4096
08:24:07.054 [Test worker] DEBUG io.netty.handler.ssl.JdkSslContext - Default protocols (JDK): [TLSv1.2, TLSv1.1, TLSv1] 
08:24:07.054 [Test worker] DEBUG io.netty.handler.ssl.JdkSslContext - Default cipher suites (JDK): [TLS_ECDHE_ECDSA_WITH_AES_128_GCM_SHA256, TLS_ECDHE_RSA_WITH_AES_128_GCM_SHA256, TLS_ECDHE_RSA_WITH_AES_128_CBC_SHA, TLS_RSA_WITH_AES_128_GCM_SHA256, TLS_RSA_WITH_AES_128_CBC_SHA]
08:24:07.099 [Test worker] DEBUG io.netty.channel.MultithreadEventLoopGroup - -Dio.netty.eventLoopThreads: 16
08:24:07.114 [Test worker] DEBUG io.netty.channel.nio.NioEventLoop - -Dio.netty.noKeySetOptimization: false
08:24:07.114 [Test worker] DEBUG io.netty.channel.nio.NioEventLoop - -Dio.netty.selectorAutoRebuildThreshold: 512
08:24:07.183 [Test worker] DEBUG io.netty.buffer.PooledByteBufAllocator - -Dio.netty.allocator.numHeapArenas: 1
08:24:07.183 [Test worker] DEBUG io.netty.buffer.PooledByteBufAllocator - -Dio.netty.allocator.numDirectArenas: 1
08:24:07.183 [Test worker] DEBUG io.netty.buffer.PooledByteBufAllocator - -Dio.netty.allocator.pageSize: 8192
08:24:07.183 [Test worker] DEBUG io.netty.buffer.PooledByteBufAllocator - -Dio.netty.allocator.maxOrder: 9
08:24:07.183 [Test worker] DEBUG io.netty.buffer.PooledByteBufAllocator - -Dio.netty.allocator.chunkSize: 4194304
08:24:07.183 [Test worker] DEBUG io.netty.buffer.PooledByteBufAllocator - -Dio.netty.allocator.smallCacheSize: 256
08:24:07.183 [Test worker] DEBUG io.netty.buffer.PooledByteBufAllocator - -Dio.netty.allocator.normalCacheSize: 64
08:24:07.183 [Test worker] DEBUG io.netty.buffer.PooledByteBufAllocator - -Dio.netty.allocator.maxCachedBufferCapacity: 32768
08:24:07.183 [Test worker] DEBUG io.netty.buffer.PooledByteBufAllocator - -Dio.netty.allocator.cacheTrimInterval: 8192
08:24:07.183 [Test worker] DEBUG io.netty.buffer.PooledByteBufAllocator - -Dio.netty.allocator.cacheTrimIntervalMillis: 600000
08:24:07.183 [Test worker] DEBUG io.netty.buffer.PooledByteBufAllocator - -Dio.netty.allocator.useCacheForAllThreads: false
08:24:07.183 [Test worker] DEBUG io.netty.buffer.PooledByteBufAllocator - -Dio.netty.allocator.maxCachedByteBuffersPerChunk: 1023
08:24:07.213 [Test worker] DEBUG io.netty.buffer.ByteBufUtil - -Dio.netty.allocator.type: pooled
08:24:07.213 [Test worker] DEBUG io.netty.buffer.ByteBufUtil - -Dio.netty.threadLocalDirectBufferSize: 0
08:24:07.213 [Test worker] DEBUG io.netty.buffer.ByteBufUtil - -Dio.netty.maxThreadLocalCharBufferSize: 16384
08:24:08.518 [Forwarding newSession on session null to remote] DEBUG io.netty.channel.DefaultChannelId - -Dio.netty.processId: 46962 (user-set)
08:24:08.518 [Forwarding newSession on session null to remote] DEBUG io.netty.channel.DefaultChannelId - -Dio.netty.machineId: 28:f0:76:ff:fe:16:65:0e (user-set)
08:24:08.565 [AsyncHttpClient-1-2] DEBUG io.netty.buffer.AbstractByteBuf - -Dio.netty.buffer.checkAccessible: true
08:24:08.565 [AsyncHttpClient-1-2] DEBUG io.netty.buffer.AbstractByteBuf - -Dio.netty.buffer.checkBounds: true
08:24:08.565 [AsyncHttpClient-1-2] DEBUG io.netty.util.ResourceLeakDetectorFactory - Loaded default ResourceLeakDetector: io.netty.util.ResourceLeakDetector@661de2cc
08:24:08.586 [AsyncHttpClient-1-2] DEBUG org.asynchttpclient.netty.channel.NettyConnectListener - Using new Channel '[id: 0xf197cd07, L:/127.0.0.1:61422 - R:localhost/127.0.0.1:63073]' for 'POST' to '/session'
08:24:08.602 [AsyncHttpClient-1-2] DEBUG io.netty.util.Recycler - -Dio.netty.recycler.maxCapacityPerThread: 4096
08:24:08.602 [AsyncHttpClient-1-2] DEBUG io.netty.util.Recycler - -Dio.netty.recycler.ratio: 8
08:24:08.602 [AsyncHttpClient-1-2] DEBUG io.netty.util.Recycler - -Dio.netty.recycler.chunkSize: 32
08:24:08.602 [AsyncHttpClient-1-2] DEBUG io.netty.util.Recycler - -Dio.netty.recycler.blocking: false
08:24:13.617 [AsyncHttpClient-1-2] DEBUG io.netty.handler.codec.compression.Brotli - brotli4j not in the classpath; Brotli support will be unavailable.
08:24:13.617 [AsyncHttpClient-1-2] DEBUG org.asynchttpclient.netty.handler.HttpHandler - 

Request DefaultHttpRequest(decodeResult: success, version: HTTP/1.1)
POST /session HTTP/1.1
User-Agent: selenium/4.1.3 (java windows)
Content-Length: 439
Content-Type: application/json; charset=utf-8
host: localhost:63073
accept: */*

Response DefaultHttpResponse(decodeResult: success, version: HTTP/1.1)
HTTP/1.1 200 OK
Content-Type: application/json; charset=utf-8
cache-control: no-cache
content-length: 792

08:24:13.641 [AsyncHttpClient-1-2] DEBUG org.asynchttpclient.netty.channel.ChannelManager - Adding key: http://localhost:63073 for channel [id: 0xf197cd07, L:/127.0.0.1:61422 - R:localhost/127.0.0.1:63073]
08:24:13.792 [AsyncHttpClient-1-3] DEBUG org.asynchttpclient.netty.channel.NettyConnectListener - Using new Channel '[id: 0x7c9e900c, L:/127.0.0.1:61430 - R:localhost/127.0.0.1:61423]' for 'GET' to '/json/version'
08:24:13.795 [AsyncHttpClient-1-3] DEBUG org.asynchttpclient.netty.handler.HttpHandler - 

Request DefaultFullHttpRequest(decodeResult: success, version: HTTP/1.1, content: EmptyByteBufBE)
GET /json/version HTTP/1.1
User-Agent: selenium/4.1.3 (java windows)
host: localhost:61423
accept: */*

Response DefaultHttpResponse(decodeResult: success, version: HTTP/1.1)
HTTP/1.1 200 OK
Content-Security-Policy: frame-ancestors 'none'
Content-Type: application/json; charset=UTF-8
content-length: 424

08:24:13.795 [AsyncHttpClient-1-3] DEBUG org.asynchttpclient.netty.channel.ChannelManager - Adding key: http://localhost:61423 for channel [id: 0x7c9e900c, L:/127.0.0.1:61430 - R:localhost/127.0.0.1:61423]
08:24:13.816 [Test worker] DEBUG io.netty.util.internal.ThreadLocalRandom - -Dio.netty.initialSeedUniquifier: 0x12456d83752e1fb5
08:24:13.816 [AsyncHttpClient-1-4] DEBUG org.asynchttpclient.netty.channel.NettyConnectListener - Using new Channel '[id: 0x85ef2ef3, L:/127.0.0.1:61431 - R:localhost/127.0.0.1:61423]' for 'GET' to '/devtools/browser/1ae1ef72-898a-4b01-97d2-64482dc676ef'
08:24:13.816 [AsyncHttpClient-1-4] DEBUG org.asynchttpclient.netty.handler.WebSocketHandler - 

Request DefaultFullHttpRequest(decodeResult: success, version: HTTP/1.1, content: EmptyByteBufBE)
GET /devtools/browser/1ae1ef72-898a-4b01-97d2-64482dc676ef HTTP/1.1
upgrade: websocket
connection: upgrade
sec-websocket-key: 2snfvyIemAVw7gqrYuMWmg==
sec-websocket-version: 13
origin: http://localhost:61423
host: localhost:61423
accept: */*
user-agent: AHC/2.1

Response DefaultHttpResponse(decodeResult: success, version: HTTP/1.1)
HTTP/1.1 101 WebSocket Protocol Handshake
Upgrade: WebSocket
Connection: Upgrade
Sec-WebSocket-Accept: 4IqZFM1WkB2prWWE8A7Fh+xhd74=

08:24:14.706 [Test worker] DEBUG net.thucydides.core.steps.StepInterceptor - STARTING STEP: ExitoStepDefinitions.theUserEntersPageAndSelectAAnd - {0} opens the browser at #url
08:24:14.738 [AsyncHttpClient-1-1] DEBUG org.asynchttpclient.netty.channel.DefaultChannelPool - Entry count for : http://localhost:63073 : 1
08:24:14.738 [AsyncHttpClient-1-1] DEBUG org.asynchttpclient.netty.channel.DefaultChannelPool - Entry count for : http://localhost:61423 : 1
08:24:14.804 [Test worker] INFO net.serenitybdd.core.webdriver.driverproviders.ChromeDriverProvider - Using automatically driver download
08:24:15.836 [AsyncHttpClient-1-1] DEBUG org.asynchttpclient.netty.channel.DefaultChannelPool - Entry count for : http://localhost:63073 : 1
08:24:15.836 [AsyncHttpClient-1-1] DEBUG org.asynchttpclient.netty.channel.DefaultChannelPool - Entry count for : http://localhost:61423 : 1
08:24:16.071 [Test worker] DEBUG io.github.bonigarcia.wdm.cache.ResolutionCache - Resolution chrome=110 in cache (valid until 09:24:06 13/03/2023 COT)
08:24:16.085 [Test worker] DEBUG io.github.bonigarcia.wdm.cache.ResolutionCache - Resolution chrome110=110.0.5481.77 in cache (valid until 08:24:06 14/03/2023 COT)
08:24:16.085 [Test worker] INFO io.github.bonigarcia.wdm.WebDriverManager - Using chromedriver 110.0.5481.77 (resolved driver for Chrome 110)
08:24:16.111 [Test worker] DEBUG io.github.bonigarcia.wdm.WebDriverManager - Driver chromedriver 110.0.5481.77 found in cache
08:24:16.119 [Test worker] INFO io.github.bonigarcia.wdm.WebDriverManager - Exporting webdriver.chrome.driver as C:\Users\jmolinab\.cache\selenium\chromedriver\win32\110.0.5481.77\chromedriver.exe
08:24:16.348 [Test worker] DEBUG net.thucydides.core.reflection.ClassFinder - Could not load class .co.com.choucair.retotecnico.exitoweb.interations.Wait
08:24:16.348 [Test worker] DEBUG net.thucydides.core.reflection.ClassFinder - Could not load class .co.com.choucair.retotecnico.exitoweb.questions.CompareNameProduct
08:24:16.348 [Test worker] DEBUG net.thucydides.core.reflection.ClassFinder - Could not load class .co.com.choucair.retotecnico.exitoweb.questions.ComparePrices
08:24:16.348 [Test worker] DEBUG net.thucydides.core.reflection.ClassFinder - Could not load class .co.com.choucair.retotecnico.exitoweb.tasks.AddRandomAmountOfProducts
08:24:16.348 [Test worker] DEBUG net.thucydides.core.reflection.ClassFinder - Could not load class .co.com.choucair.retotecnico.exitoweb.tasks.GetFinalPriceAndName
08:24:16.348 [Test worker] DEBUG net.thucydides.core.reflection.ClassFinder - Could not load class .co.com.choucair.retotecnico.exitoweb.tasks.SaveProductNameAndPrice
08:24:16.348 [Test worker] DEBUG net.thucydides.core.reflection.ClassFinder - Could not load class .co.com.choucair.retotecnico.exitoweb.userinterface.CartPage
08:24:16.348 [Test worker] DEBUG net.thucydides.core.reflection.ClassFinder - Could not load class .co.com.choucair.retotecnico.exitoweb.userinterface.ExitoPage
08:24:16.348 [Test worker] DEBUG net.thucydides.core.reflection.ClassFinder - Could not load class .co.com.choucair.retotecnico.exitoweb.utils.ReturnRandomAmount
08:24:16.348 [Test worker] DEBUG net.thucydides.core.reflection.ClassFinder - Could not load class .runners.ExitoRunner
08:24:16.348 [Test worker] DEBUG net.thucydides.core.reflection.ClassFinder - Could not load class .stepdefinitions.ExitoStepDefinitions
08:24:16.536 [Test worker] DEBUG net.serenitybdd.core.webdriver.driverproviders.ProvideNewDriver - Instantiating driver
08:24:16.536 [Test worker] DEBUG net.serenitybdd.core.webdriver.driverproviders.ProvideNewDriver - Driver capabilities: Capabilities {acceptInsecureCerts: false, browserName: chrome, goog:chromeOptions: {args: [--start-maximized, --incognito], extensions: []}}
08:24:16.937 [AsyncHttpClient-1-1] DEBUG org.asynchttpclient.netty.channel.DefaultChannelPool - Entry count for : http://localhost:63073 : 1
08:24:16.937 [AsyncHttpClient-1-1] DEBUG org.asynchttpclient.netty.channel.DefaultChannelPool - Entry count for : http://localhost:61423 : 1
08:24:17.093 [AsyncHttpClient-1-5] DEBUG org.asynchttpclient.netty.channel.NettyConnectListener - Using new Channel '[id: 0x01ca4d0f, L:/127.0.0.1:61434 - R:localhost/127.0.0.1:54306]' for 'POST' to '/session'
08:24:17.608 [AsyncHttpClient-1-5] DEBUG org.asynchttpclient.netty.handler.HttpHandler - 

Request DefaultHttpRequest(decodeResult: success, version: HTTP/1.1)
POST /session HTTP/1.1
User-Agent: selenium/4.1.3 (java windows)
Content-Length: 547
Content-Type: application/json; charset=utf-8
host: localhost:54306
accept: */*

Response DefaultHttpResponse(decodeResult: success, version: HTTP/1.1)
HTTP/1.1 200 OK
Content-Type: application/json; charset=utf-8
cache-control: no-cache
content-length: 792

08:24:17.608 [AsyncHttpClient-1-5] DEBUG org.asynchttpclient.netty.channel.ChannelManager - Adding key: http://localhost:54306 for channel [id: 0x01ca4d0f, L:/127.0.0.1:61434 - R:localhost/127.0.0.1:54306]
08:24:17.624 [AsyncHttpClient-1-6] DEBUG org.asynchttpclient.netty.channel.NettyConnectListener - Using new Channel '[id: 0x463916fd, L:/127.0.0.1:61443 - R:localhost/127.0.0.1:61436]' for 'GET' to '/json/version'
08:24:17.633 [AsyncHttpClient-1-6] DEBUG org.asynchttpclient.netty.handler.HttpHandler - 

Request DefaultFullHttpRequest(decodeResult: success, version: HTTP/1.1, content: EmptyByteBufBE)
GET /json/version HTTP/1.1
User-Agent: selenium/4.1.3 (java windows)
host: localhost:61436
accept: */*

Response DefaultHttpResponse(decodeResult: success, version: HTTP/1.1)
HTTP/1.1 200 OK
Content-Security-Policy: frame-ancestors 'none'
Content-Type: application/json; charset=UTF-8
content-length: 424

08:24:17.633 [AsyncHttpClient-1-6] DEBUG org.asynchttpclient.netty.channel.ChannelManager - Adding key: http://localhost:61436 for channel [id: 0x463916fd, L:/127.0.0.1:61443 - R:localhost/127.0.0.1:61436]
08:24:17.636 [AsyncHttpClient-1-7] DEBUG org.asynchttpclient.netty.channel.NettyConnectListener - Using new Channel '[id: 0xdbe14f2c, L:/127.0.0.1:61444 - R:localhost/127.0.0.1:61436]' for 'GET' to '/devtools/browser/59f31117-ed9f-4ebd-99ef-dba3c639ef30'
08:24:17.641 [AsyncHttpClient-1-7] DEBUG org.asynchttpclient.netty.handler.WebSocketHandler - 

Request DefaultFullHttpRequest(decodeResult: success, version: HTTP/1.1, content: EmptyByteBufBE)
GET /devtools/browser/59f31117-ed9f-4ebd-99ef-dba3c639ef30 HTTP/1.1
upgrade: websocket
connection: upgrade
sec-websocket-key: INMo3wxhD6LoMEOx1zpJLQ==
sec-websocket-version: 13
origin: http://localhost:61436
host: localhost:61436
accept: */*
user-agent: AHC/2.1

Response DefaultHttpResponse(decodeResult: success, version: HTTP/1.1)
HTTP/1.1 101 WebSocket Protocol Handshake
Upgrade: WebSocket
Connection: Upgrade
Sec-WebSocket-Accept: 6wpE3RMMrcdXms3mjjtcgHgcpSE=

08:24:17.842 [Test worker] DEBUG net.thucydides.core.reflection.ClassFinder - Could not load class .co.com.choucair.retotecnico.exitoweb.interations.Wait
08:24:17.842 [Test worker] DEBUG net.thucydides.core.reflection.ClassFinder - Could not load class .co.com.choucair.retotecnico.exitoweb.questions.CompareNameProduct
08:24:17.842 [Test worker] DEBUG net.thucydides.core.reflection.ClassFinder - Could not load class .co.com.choucair.retotecnico.exitoweb.questions.ComparePrices
08:24:17.842 [Test worker] DEBUG net.thucydides.core.reflection.ClassFinder - Could not load class .co.com.choucair.retotecnico.exitoweb.tasks.AddRandomAmountOfProducts
08:24:17.842 [Test worker] DEBUG net.thucydides.core.reflection.ClassFinder - Could not load class .co.com.choucair.retotecnico.exitoweb.tasks.GetFinalPriceAndName
08:24:17.844 [Test worker] DEBUG net.thucydides.core.reflection.ClassFinder - Could not load class .co.com.choucair.retotecnico.exitoweb.tasks.SaveProductNameAndPrice
08:24:17.844 [Test worker] DEBUG net.thucydides.core.reflection.ClassFinder - Could not load class .co.com.choucair.retotecnico.exitoweb.userinterface.CartPage
08:24:17.844 [Test worker] DEBUG net.thucydides.core.reflection.ClassFinder - Could not load class .co.com.choucair.retotecnico.exitoweb.userinterface.ExitoPage
08:24:17.844 [Test worker] DEBUG net.thucydides.core.reflection.ClassFinder - Could not load class .co.com.choucair.retotecnico.exitoweb.utils.ReturnRandomAmount
08:24:17.844 [Test worker] DEBUG net.thucydides.core.reflection.ClassFinder - Could not load class .runners.ExitoRunner
08:24:17.844 [Test worker] DEBUG net.thucydides.core.reflection.ClassFinder - Could not load class .stepdefinitions.ExitoStepDefinitions
08:24:17.844 [Forwarding get on session 82a4be880e2af5804342b0537ecd5727 to remote] DEBUG org.asynchttpclient.netty.request.NettyRequestSender - Using pooled Channel '[id: 0x01ca4d0f, L:/127.0.0.1:61434 - R:localhost/127.0.0.1:54306]' for 'POST' to 'http://localhost:54306/session/82a4be880e2af5804342b0537ecd5727/url'
08:24:17.844 [Forwarding get on session 82a4be880e2af5804342b0537ecd5727 to remote] DEBUG org.asynchttpclient.netty.request.NettyRequestSender - Using open Channel [id: 0x01ca4d0f, L:/127.0.0.1:61434 - R:localhost/127.0.0.1:54306] for POST '/session/82a4be880e2af5804342b0537ecd5727/url'
08:24:18.040 [AsyncHttpClient-1-1] DEBUG org.asynchttpclient.netty.channel.DefaultChannelPool - Entry count for : http://localhost:63073 : 1
08:24:18.041 [AsyncHttpClient-1-1] DEBUG org.asynchttpclient.netty.channel.DefaultChannelPool - Entry count for : http://localhost:61436 : 1
08:24:18.041 [AsyncHttpClient-1-1] DEBUG org.asynchttpclient.netty.channel.DefaultChannelPool - Entry count for : http://localhost:61423 : 1
08:24:19.137 [AsyncHttpClient-1-1] DEBUG org.asynchttpclient.netty.channel.DefaultChannelPool - Entry count for : http://localhost:63073 : 1
08:24:19.137 [AsyncHttpClient-1-1] DEBUG org.asynchttpclient.netty.channel.DefaultChannelPool - Entry count for : http://localhost:61436 : 1
08:24:19.137 [AsyncHttpClient-1-1] DEBUG org.asynchttpclient.netty.channel.DefaultChannelPool - Entry count for : http://localhost:61423 : 1
08:24:20.244 [AsyncHttpClient-1-1] DEBUG org.asynchttpclient.netty.channel.DefaultChannelPool - Entry count for : http://localhost:63073 : 1
08:24:20.244 [AsyncHttpClient-1-1] DEBUG org.asynchttpclient.netty.channel.DefaultChannelPool - Entry count for : http://localhost:61436 : 1
08:24:20.244 [AsyncHttpClient-1-1] DEBUG org.asynchttpclient.netty.channel.DefaultChannelPool - Entry count for : http://localhost:61423 : 1
08:24:21.128 [AsyncHttpClient-1-5] DEBUG org.asynchttpclient.netty.handler.HttpHandler - 

Request DefaultHttpRequest(decodeResult: success, version: HTTP/1.1)
POST /session/82a4be880e2af5804342b0537ecd5727/url HTTP/1.1
User-Agent: selenium/4.1.3 (java windows)
Content-Length: 52
Content-Type: application/json; charset=utf-8
host: localhost:54306
accept: */*

Response DefaultHttpResponse(decodeResult: success, version: HTTP/1.1)
HTTP/1.1 200 OK
Content-Type: application/json; charset=utf-8
cache-control: no-cache
content-length: 14

08:24:21.128 [AsyncHttpClient-1-5] DEBUG org.asynchttpclient.netty.channel.ChannelManager - Adding key: http://localhost:54306 for channel [id: 0x01ca4d0f, L:/127.0.0.1:61434 - R:localhost/127.0.0.1:54306]
08:24:21.128 [Forwarding setTimeout on session 82a4be880e2af5804342b0537ecd5727 to remote] DEBUG org.asynchttpclient.netty.request.NettyRequestSender - Using pooled Channel '[id: 0x01ca4d0f, L:/127.0.0.1:61434 - R:localhost/127.0.0.1:54306]' for 'POST' to 'http://localhost:54306/session/82a4be880e2af5804342b0537ecd5727/timeouts'
08:24:21.128 [Forwarding setTimeout on session 82a4be880e2af5804342b0537ecd5727 to remote] DEBUG org.asynchttpclient.netty.request.NettyRequestSender - Using open Channel [id: 0x01ca4d0f, L:/127.0.0.1:61434 - R:localhost/127.0.0.1:54306] for POST '/session/82a4be880e2af5804342b0537ecd5727/timeouts'
08:24:21.139 [AsyncHttpClient-1-5] DEBUG org.asynchttpclient.netty.handler.HttpHandler - 

Request DefaultHttpRequest(decodeResult: success, version: HTTP/1.1)
POST /session/82a4be880e2af5804342b0537ecd5727/timeouts HTTP/1.1
User-Agent: selenium/4.1.3 (java windows)
Content-Length: 22
Content-Type: application/json; charset=utf-8
host: localhost:54306
accept: */*

Response DefaultHttpResponse(decodeResult: success, version: HTTP/1.1)
HTTP/1.1 200 OK
Content-Type: application/json; charset=utf-8
cache-control: no-cache
content-length: 14

08:24:21.141 [AsyncHttpClient-1-5] DEBUG org.asynchttpclient.netty.channel.ChannelManager - Adding key: http://localhost:54306 for channel [id: 0x01ca4d0f, L:/127.0.0.1:61434 - R:localhost/127.0.0.1:54306]
08:24:21.179 [Forwarding getCurrentUrl on session 82a4be880e2af5804342b0537ecd5727 to remote] DEBUG org.asynchttpclient.netty.request.NettyRequestSender - Using pooled Channel '[id: 0x01ca4d0f, L:/127.0.0.1:61434 - R:localhost/127.0.0.1:54306]' for 'GET' to 'http://localhost:54306/session/82a4be880e2af5804342b0537ecd5727/url'
08:24:21.179 [Forwarding getCurrentUrl on session 82a4be880e2af5804342b0537ecd5727 to remote] DEBUG org.asynchttpclient.netty.request.NettyRequestSender - Using open Channel [id: 0x01ca4d0f, L:/127.0.0.1:61434 - R:localhost/127.0.0.1:54306] for GET '/session/82a4be880e2af5804342b0537ecd5727/url'
08:24:21.210 [AsyncHttpClient-1-5] DEBUG org.asynchttpclient.netty.handler.HttpHandler - 

Request DefaultFullHttpRequest(decodeResult: success, version: HTTP/1.1, content: EmptyByteBufBE)
GET /session/82a4be880e2af5804342b0537ecd5727/url HTTP/1.1
User-Agent: selenium/4.1.3 (java windows)
Cache-Control: no-cache
Content-Type: application/json; charset=utf-8
host: localhost:54306
accept: */*

Response DefaultHttpResponse(decodeResult: success, version: HTTP/1.1)
HTTP/1.1 200 OK
Content-Type: application/json; charset=utf-8
cache-control: no-cache
content-length: 34

08:24:21.210 [AsyncHttpClient-1-5] DEBUG org.asynchttpclient.netty.channel.ChannelManager - Adding key: http://localhost:54306 for channel [id: 0x01ca4d0f, L:/127.0.0.1:61434 - R:localhost/127.0.0.1:54306]
08:24:21.266 [Test worker] DEBUG net.serenitybdd.core.photography.Darkroom - Opening darkroom
08:24:21.266 [Darkroom Processing Line] DEBUG net.serenitybdd.core.photography.DarkroomProcessingLine - Darkroom processing line starting up
08:24:21.274 [Forwarding screenshot on session 82a4be880e2af5804342b0537ecd5727 to remote] DEBUG org.asynchttpclient.netty.request.NettyRequestSender - Using pooled Channel '[id: 0x01ca4d0f, L:/127.0.0.1:61434 - R:localhost/127.0.0.1:54306]' for 'GET' to 'http://localhost:54306/session/82a4be880e2af5804342b0537ecd5727/screenshot'
08:24:21.274 [Forwarding screenshot on session 82a4be880e2af5804342b0537ecd5727 to remote] DEBUG org.asynchttpclient.netty.request.NettyRequestSender - Using open Channel [id: 0x01ca4d0f, L:/127.0.0.1:61434 - R:localhost/127.0.0.1:54306] for GET '/session/82a4be880e2af5804342b0537ecd5727/screenshot'
08:24:21.341 [AsyncHttpClient-1-1] DEBUG org.asynchttpclient.netty.channel.DefaultChannelPool - Entry count for : http://localhost:63073 : 1
08:24:21.342 [AsyncHttpClient-1-1] DEBUG org.asynchttpclient.netty.channel.DefaultChannelPool - Entry count for : http://localhost:61436 : 1
08:24:21.342 [AsyncHttpClient-1-1] DEBUG org.asynchttpclient.netty.channel.DefaultChannelPool - Entry count for : http://localhost:61423 : 1
08:24:21.536 [AsyncHttpClient-1-5] DEBUG org.asynchttpclient.netty.handler.HttpHandler - 

Request DefaultFullHttpRequest(decodeResult: success, version: HTTP/1.1, content: EmptyByteBufBE)
GET /session/82a4be880e2af5804342b0537ecd5727/screenshot HTTP/1.1
User-Agent: selenium/4.1.3 (java windows)
Cache-Control: no-cache
Content-Type: application/json; charset=utf-8
host: localhost:54306
accept: */*

Response DefaultHttpResponse(decodeResult: success, version: HTTP/1.1)
HTTP/1.1 200 OK
Content-Type: application/json; charset=utf-8
cache-control: no-cache
content-length: 845064

08:24:21.556 [AsyncHttpClient-1-5] DEBUG org.asynchttpclient.netty.channel.ChannelManager - Adding key: http://localhost:54306 for channel [id: 0x01ca4d0f, L:/127.0.0.1:61434 - R:localhost/127.0.0.1:54306]
08:24:21.775 [Test worker] DEBUG net.serenitybdd.core.photography.Darkroom - Send negative for processing for C:\Users\jmolinab\Documents\Prueba tecnica Choucair\AutomatizacionWebExito\target\site\serenity\f76168397ee9352b6212a3ac16900fb8f34b71f5d16961c36e43b6f4fb773a19.png
08:24:21.783 [Darkroom Processing Line] DEBUG net.serenitybdd.core.photography.DarkroomProcessingLine - Processing screenshot image in /var/screenshots/screenshot-686321834791653918
08:24:21.783 [Darkroom Processing Line] DEBUG net.serenitybdd.core.photography.DarkroomProcessingLine - Saving screenshot to C:\Users\jmolinab\Documents\Prueba tecnica Choucair\AutomatizacionWebExito\target\site\serenity\f76168397ee9352b6212a3ac16900fb8f34b71f5d16961c36e43b6f4fb773a19.png
08:24:21.783 [Test worker] DEBUG net.thucydides.core.steps.StepInterceptor - STEP DONE: {0} opens the browser at #url
08:24:21.841 [Forwarding screenshot on session 82a4be880e2af5804342b0537ecd5727 to remote] DEBUG org.asynchttpclient.netty.request.NettyRequestSender - Using pooled Channel '[id: 0x01ca4d0f, L:/127.0.0.1:61434 - R:localhost/127.0.0.1:54306]' for 'GET' to 'http://localhost:54306/session/82a4be880e2af5804342b0537ecd5727/screenshot'
08:24:21.842 [Forwarding screenshot on session 82a4be880e2af5804342b0537ecd5727 to remote] DEBUG org.asynchttpclient.netty.request.NettyRequestSender - Using open Channel [id: 0x01ca4d0f, L:/127.0.0.1:61434 - R:localhost/127.0.0.1:54306] for GET '/session/82a4be880e2af5804342b0537ecd5727/screenshot'
08:24:22.126 [AsyncHttpClient-1-5] DEBUG org.asynchttpclient.netty.handler.HttpHandler - 

Request DefaultFullHttpRequest(decodeResult: success, version: HTTP/1.1, content: EmptyByteBufBE)
GET /session/82a4be880e2af5804342b0537ecd5727/screenshot HTTP/1.1
User-Agent: selenium/4.1.3 (java windows)
Cache-Control: no-cache
Content-Type: application/json; charset=utf-8
host: localhost:54306
accept: */*

Response DefaultHttpResponse(decodeResult: success, version: HTTP/1.1)
HTTP/1.1 200 OK
Content-Type: application/json; charset=utf-8
cache-control: no-cache
content-length: 845424

08:24:22.142 [AsyncHttpClient-1-5] DEBUG org.asynchttpclient.netty.channel.ChannelManager - Adding key: http://localhost:54306 for channel [id: 0x01ca4d0f, L:/127.0.0.1:61434 - R:localhost/127.0.0.1:54306]
08:24:22.192 [Test worker] DEBUG net.serenitybdd.core.photography.Darkroom - Send negative for processing for C:\Users\jmolinab\Documents\Prueba tecnica Choucair\AutomatizacionWebExito\target\site\serenity\525613379f7b95dda2ee7eb5bc1254f10e339b48158aebee250ab5a31383ce49.png
08:24:22.192 [Darkroom Processing Line] DEBUG net.serenitybdd.core.photography.DarkroomProcessingLine - Processing screenshot image in /var/screenshots/screenshot-1564723123078877816
08:24:22.192 [Darkroom Processing Line] DEBUG net.serenitybdd.core.photography.DarkroomProcessingLine - Saving screenshot to C:\Users\jmolinab\Documents\Prueba tecnica Choucair\AutomatizacionWebExito\target\site\serenity\525613379f7b95dda2ee7eb5bc1254f10e339b48158aebee250ab5a31383ce49.png
08:24:22.192 [Test worker] DEBUG net.thucydides.core.steps.StepInterceptor - STARTING STEP: ExitoStepDefinitions.theUserEntersPageAndSelectAAnd - {0} clicks on #target
08:24:22.192 [Test worker] DEBUG net.serenitybdd.screenplay.targets.IFrameSwitcher - default content already selected for Selects the dropdown menu on main the page
08:24:22.395 [Forwarding findElement on session 82a4be880e2af5804342b0537ecd5727 to remote] DEBUG org.asynchttpclient.netty.request.NettyRequestSender - Using pooled Channel '[id: 0x01ca4d0f, L:/127.0.0.1:61434 - R:localhost/127.0.0.1:54306]' for 'POST' to 'http://localhost:54306/session/82a4be880e2af5804342b0537ecd5727/element'
08:24:22.395 [Forwarding findElement on session 82a4be880e2af5804342b0537ecd5727 to remote] DEBUG org.asynchttpclient.netty.request.NettyRequestSender - Using open Channel [id: 0x01ca4d0f, L:/127.0.0.1:61434 - R:localhost/127.0.0.1:54306] for POST '/session/82a4be880e2af5804342b0537ecd5727/element'
08:24:22.411 [AsyncHttpClient-1-5] DEBUG org.asynchttpclient.netty.handler.HttpHandler - 

Request DefaultHttpRequest(decodeResult: success, version: HTTP/1.1)
POST /session/82a4be880e2af5804342b0537ecd5727/element HTTP/1.1
User-Agent: selenium/4.1.3 (java windows)
Content-Length: 60
Content-Type: application/json; charset=utf-8
host: localhost:54306
accept: */*

Response DefaultHttpResponse(decodeResult: success, version: HTTP/1.1)
HTTP/1.1 200 OK
Content-Type: application/json; charset=utf-8
cache-control: no-cache
content-length: 88

08:24:22.411 [AsyncHttpClient-1-5] DEBUG org.asynchttpclient.netty.channel.ChannelManager - Adding key: http://localhost:54306 for channel [id: 0x01ca4d0f, L:/127.0.0.1:61434 - R:localhost/127.0.0.1:54306]
08:24:22.438 [AsyncHttpClient-1-1] DEBUG org.asynchttpclient.netty.channel.DefaultChannelPool - Entry count for : http://localhost:54306 : 1
08:24:22.438 [AsyncHttpClient-1-1] DEBUG org.asynchttpclient.netty.channel.DefaultChannelPool - Entry count for : http://localhost:63073 : 1
08:24:22.438 [AsyncHttpClient-1-1] DEBUG org.asynchttpclient.netty.channel.DefaultChannelPool - Entry count for : http://localhost:61436 : 1
08:24:22.438 [AsyncHttpClient-1-1] DEBUG org.asynchttpclient.netty.channel.DefaultChannelPool - Entry count for : http://localhost:61423 : 1
08:24:22.461 [Forwarding isElementDisplayed on session 82a4be880e2af5804342b0537ecd5727 to remote] DEBUG org.asynchttpclient.netty.request.NettyRequestSender - Using pooled Channel '[id: 0x01ca4d0f, L:/127.0.0.1:61434 - R:localhost/127.0.0.1:54306]' for 'POST' to 'http://localhost:54306/session/82a4be880e2af5804342b0537ecd5727/execute/sync'
08:24:22.461 [Forwarding isElementDisplayed on session 82a4be880e2af5804342b0537ecd5727 to remote] DEBUG org.asynchttpclient.netty.request.NettyRequestSender - Using open Channel [id: 0x01ca4d0f, L:/127.0.0.1:61434 - R:localhost/127.0.0.1:54306] for POST '/session/82a4be880e2af5804342b0537ecd5727/execute/sync'
08:24:22.476 [AsyncHttpClient-1-5] DEBUG org.asynchttpclient.netty.handler.HttpHandler - 

Request DefaultHttpRequest(decodeResult: success, version: HTTP/1.1)
POST /session/82a4be880e2af5804342b0537ecd5727/execute/sync HTTP/1.1
User-Agent: selenium/4.1.3 (java windows)
Content-Length: 48780
Content-Type: application/json; charset=utf-8
host: localhost:54306
accept: */*

Response DefaultHttpResponse(decodeResult: success, version: HTTP/1.1)
HTTP/1.1 200 OK
Content-Type: application/json; charset=utf-8
cache-control: no-cache
content-length: 14

08:24:22.476 [AsyncHttpClient-1-5] DEBUG org.asynchttpclient.netty.channel.ChannelManager - Adding key: http://localhost:54306 for channel [id: 0x01ca4d0f, L:/127.0.0.1:61434 - R:localhost/127.0.0.1:54306]
08:24:22.526 [Forwarding findElement on session 82a4be880e2af5804342b0537ecd5727 to remote] DEBUG org.asynchttpclient.netty.request.NettyRequestSender - Using pooled Channel '[id: 0x01ca4d0f, L:/127.0.0.1:61434 - R:localhost/127.0.0.1:54306]' for 'POST' to 'http://localhost:54306/session/82a4be880e2af5804342b0537ecd5727/element'
08:24:22.526 [Forwarding findElement on session 82a4be880e2af5804342b0537ecd5727 to remote] DEBUG org.asynchttpclient.netty.request.NettyRequestSender - Using open Channel [id: 0x01ca4d0f, L:/127.0.0.1:61434 - R:localhost/127.0.0.1:54306] for POST '/session/82a4be880e2af5804342b0537ecd5727/element'
08:24:22.544 [AsyncHttpClient-1-5] DEBUG org.asynchttpclient.netty.handler.HttpHandler - 

Request DefaultHttpRequest(decodeResult: success, version: HTTP/1.1)
POST /session/82a4be880e2af5804342b0537ecd5727/element HTTP/1.1
User-Agent: selenium/4.1.3 (java windows)
Content-Length: 60
Content-Type: application/json; charset=utf-8
host: localhost:54306
accept: */*

Response DefaultHttpResponse(decodeResult: success, version: HTTP/1.1)
HTTP/1.1 200 OK
Content-Type: application/json; charset=utf-8
cache-control: no-cache
content-length: 88

08:24:22.544 [AsyncHttpClient-1-5] DEBUG org.asynchttpclient.netty.channel.ChannelManager - Adding key: http://localhost:54306 for channel [id: 0x01ca4d0f, L:/127.0.0.1:61434 - R:localhost/127.0.0.1:54306]
08:24:22.560 [Forwarding clickElement on session 82a4be880e2af5804342b0537ecd5727 to remote] DEBUG org.asynchttpclient.netty.request.NettyRequestSender - Using pooled Channel '[id: 0x01ca4d0f, L:/127.0.0.1:61434 - R:localhost/127.0.0.1:54306]' for 'POST' to 'http://localhost:54306/session/82a4be880e2af5804342b0537ecd5727/element/5ed37337-dc60-4a55-853c-e56396f772a0/click'
08:24:22.560 [Forwarding clickElement on session 82a4be880e2af5804342b0537ecd5727 to remote] DEBUG org.asynchttpclient.netty.request.NettyRequestSender - Using open Channel [id: 0x01ca4d0f, L:/127.0.0.1:61434 - R:localhost/127.0.0.1:54306] for POST '/session/82a4be880e2af5804342b0537ecd5727/element/5ed37337-dc60-4a55-853c-e56396f772a0/click'
08:24:22.610 [AsyncHttpClient-1-5] DEBUG org.asynchttpclient.netty.handler.HttpHandler - 

Request DefaultHttpRequest(decodeResult: success, version: HTTP/1.1)
POST /session/82a4be880e2af5804342b0537ecd5727/element/5ed37337-dc60-4a55-853c-e56396f772a0/click HTTP/1.1
User-Agent: selenium/4.1.3 (java windows)
Content-Length: 50
Content-Type: application/json; charset=utf-8
host: localhost:54306
accept: */*

Response DefaultHttpResponse(decodeResult: success, version: HTTP/1.1)
HTTP/1.1 200 OK
Content-Type: application/json; charset=utf-8
cache-control: no-cache
content-length: 14

08:24:22.610 [AsyncHttpClient-1-5] DEBUG org.asynchttpclient.netty.channel.ChannelManager - Adding key: http://localhost:54306 for channel [id: 0x01ca4d0f, L:/127.0.0.1:61434 - R:localhost/127.0.0.1:54306]
08:24:22.655 [Forwarding screenshot on session 82a4be880e2af5804342b0537ecd5727 to remote] DEBUG org.asynchttpclient.netty.request.NettyRequestSender - Using pooled Channel '[id: 0x01ca4d0f, L:/127.0.0.1:61434 - R:localhost/127.0.0.1:54306]' for 'GET' to 'http://localhost:54306/session/82a4be880e2af5804342b0537ecd5727/screenshot'
08:24:22.655 [Forwarding screenshot on session 82a4be880e2af5804342b0537ecd5727 to remote] DEBUG org.asynchttpclient.netty.request.NettyRequestSender - Using open Channel [id: 0x01ca4d0f, L:/127.0.0.1:61434 - R:localhost/127.0.0.1:54306] for GET '/session/82a4be880e2af5804342b0537ecd5727/screenshot'
08:24:22.978 [AsyncHttpClient-1-5] DEBUG org.asynchttpclient.netty.handler.HttpHandler - 

Request DefaultFullHttpRequest(decodeResult: success, version: HTTP/1.1, content: EmptyByteBufBE)
GET /session/82a4be880e2af5804342b0537ecd5727/screenshot HTTP/1.1
User-Agent: selenium/4.1.3 (java windows)
Cache-Control: no-cache
Content-Type: application/json; charset=utf-8
host: localhost:54306
accept: */*

Response DefaultHttpResponse(decodeResult: success, version: HTTP/1.1)
HTTP/1.1 200 OK
Content-Type: application/json; charset=utf-8
cache-control: no-cache
content-length: 697212

08:24:22.981 [AsyncHttpClient-1-5] DEBUG org.asynchttpclient.netty.channel.ChannelManager - Adding key: http://localhost:54306 for channel [id: 0x01ca4d0f, L:/127.0.0.1:61434 - R:localhost/127.0.0.1:54306]
08:24:23.017 [Test worker] DEBUG net.serenitybdd.core.photography.Darkroom - Send negative for processing for C:\Users\jmolinab\Documents\Prueba tecnica Choucair\AutomatizacionWebExito\target\site\serenity\786bc9890bbcf998863c3be1abae9d2c574f77c81bcc40fe2165f265acdf5375.png
08:24:23.017 [Test worker] DEBUG net.thucydides.core.steps.StepInterceptor - STEP DONE: {0} clicks on #target
08:24:23.017 [Darkroom Processing Line] DEBUG net.serenitybdd.core.photography.DarkroomProcessingLine - Processing screenshot image in /var/screenshots/screenshot-265895394433746988
08:24:23.017 [Darkroom Processing Line] DEBUG net.serenitybdd.core.photography.DarkroomProcessingLine - Saving screenshot to C:\Users\jmolinab\Documents\Prueba tecnica Choucair\AutomatizacionWebExito\target\site\serenity\786bc9890bbcf998863c3be1abae9d2c574f77c81bcc40fe2165f265acdf5375.png
08:24:23.051 [Test worker] DEBUG net.thucydides.core.steps.StepInterceptor - STARTING STEP: ExitoStepDefinitions.theUserEntersPageAndSelectAAnd - {0} clicks on #target
08:24:23.056 [Test worker] DEBUG net.serenitybdd.screenplay.targets.IFrameSwitcher - default content already selected for Selects a category
08:24:23.243 [Forwarding findElement on session 82a4be880e2af5804342b0537ecd5727 to remote] DEBUG org.asynchttpclient.netty.request.NettyRequestSender - Using pooled Channel '[id: 0x01ca4d0f, L:/127.0.0.1:61434 - R:localhost/127.0.0.1:54306]' for 'POST' to 'http://localhost:54306/session/82a4be880e2af5804342b0537ecd5727/element'
08:24:23.243 [Forwarding findElement on session 82a4be880e2af5804342b0537ecd5727 to remote] DEBUG org.asynchttpclient.netty.request.NettyRequestSender - Using open Channel [id: 0x01ca4d0f, L:/127.0.0.1:61434 - R:localhost/127.0.0.1:54306] for POST '/session/82a4be880e2af5804342b0537ecd5727/element'
08:24:23.268 [AsyncHttpClient-1-5] DEBUG org.asynchttpclient.netty.handler.HttpHandler - 

Request DefaultHttpRequest(decodeResult: success, version: HTTP/1.1)
POST /session/82a4be880e2af5804342b0537ecd5727/element HTTP/1.1
User-Agent: selenium/4.1.3 (java windows)
Content-Length: 82
Content-Type: application/json; charset=utf-8
host: localhost:54306
accept: */*

Response DefaultHttpResponse(decodeResult: success, version: HTTP/1.1)
HTTP/1.1 200 OK
Content-Type: application/json; charset=utf-8
cache-control: no-cache
content-length: 88

08:24:23.268 [AsyncHttpClient-1-5] DEBUG org.asynchttpclient.netty.channel.ChannelManager - Adding key: http://localhost:54306 for channel [id: 0x01ca4d0f, L:/127.0.0.1:61434 - R:localhost/127.0.0.1:54306]
08:24:23.309 [Forwarding isElementDisplayed on session 82a4be880e2af5804342b0537ecd5727 to remote] DEBUG org.asynchttpclient.netty.request.NettyRequestSender - Using pooled Channel '[id: 0x01ca4d0f, L:/127.0.0.1:61434 - R:localhost/127.0.0.1:54306]' for 'POST' to 'http://localhost:54306/session/82a4be880e2af5804342b0537ecd5727/execute/sync'
08:24:23.309 [Forwarding isElementDisplayed on session 82a4be880e2af5804342b0537ecd5727 to remote] DEBUG org.asynchttpclient.netty.request.NettyRequestSender - Using open Channel [id: 0x01ca4d0f, L:/127.0.0.1:61434 - R:localhost/127.0.0.1:54306] for POST '/session/82a4be880e2af5804342b0537ecd5727/execute/sync'
08:24:23.326 [AsyncHttpClient-1-5] DEBUG org.asynchttpclient.netty.handler.HttpHandler - 

Request DefaultHttpRequest(decodeResult: success, version: HTTP/1.1)
POST /session/82a4be880e2af5804342b0537ecd5727/execute/sync HTTP/1.1
User-Agent: selenium/4.1.3 (java windows)
Content-Length: 48780
Content-Type: application/json; charset=utf-8
host: localhost:54306
accept: */*

Response DefaultHttpResponse(decodeResult: success, version: HTTP/1.1)
HTTP/1.1 200 OK
Content-Type: application/json; charset=utf-8
cache-control: no-cache
content-length: 14

08:24:23.326 [AsyncHttpClient-1-5] DEBUG org.asynchttpclient.netty.channel.ChannelManager - Adding key: http://localhost:54306 for channel [id: 0x01ca4d0f, L:/127.0.0.1:61434 - R:localhost/127.0.0.1:54306]
08:24:23.360 [Forwarding findElement on session 82a4be880e2af5804342b0537ecd5727 to remote] DEBUG org.asynchttpclient.netty.request.NettyRequestSender - Using pooled Channel '[id: 0x01ca4d0f, L:/127.0.0.1:61434 - R:localhost/127.0.0.1:54306]' for 'POST' to 'http://localhost:54306/session/82a4be880e2af5804342b0537ecd5727/element'
08:24:23.360 [Forwarding findElement on session 82a4be880e2af5804342b0537ecd5727 to remote] DEBUG org.asynchttpclient.netty.request.NettyRequestSender - Using open Channel [id: 0x01ca4d0f, L:/127.0.0.1:61434 - R:localhost/127.0.0.1:54306] for POST '/session/82a4be880e2af5804342b0537ecd5727/element'
08:24:23.368 [AsyncHttpClient-1-5] DEBUG org.asynchttpclient.netty.handler.HttpHandler - 

Request DefaultHttpRequest(decodeResult: success, version: HTTP/1.1)
POST /session/82a4be880e2af5804342b0537ecd5727/element HTTP/1.1
User-Agent: selenium/4.1.3 (java windows)
Content-Length: 82
Content-Type: application/json; charset=utf-8
host: localhost:54306
accept: */*

Response DefaultHttpResponse(decodeResult: success, version: HTTP/1.1)
HTTP/1.1 200 OK
Content-Type: application/json; charset=utf-8
cache-control: no-cache
content-length: 88

08:24:23.368 [AsyncHttpClient-1-5] DEBUG org.asynchttpclient.netty.channel.ChannelManager - Adding key: http://localhost:54306 for channel [id: 0x01ca4d0f, L:/127.0.0.1:61434 - R:localhost/127.0.0.1:54306]
08:24:23.378 [Forwarding clickElement on session 82a4be880e2af5804342b0537ecd5727 to remote] DEBUG org.asynchttpclient.netty.request.NettyRequestSender - Using pooled Channel '[id: 0x01ca4d0f, L:/127.0.0.1:61434 - R:localhost/127.0.0.1:54306]' for 'POST' to 'http://localhost:54306/session/82a4be880e2af5804342b0537ecd5727/element/6a526de3-358e-4715-8ddb-b9fa44b85fda/click'
08:24:23.378 [Forwarding clickElement on session 82a4be880e2af5804342b0537ecd5727 to remote] DEBUG org.asynchttpclient.netty.request.NettyRequestSender - Using open Channel [id: 0x01ca4d0f, L:/127.0.0.1:61434 - R:localhost/127.0.0.1:54306] for POST '/session/82a4be880e2af5804342b0537ecd5727/element/6a526de3-358e-4715-8ddb-b9fa44b85fda/click'
08:24:23.476 [AsyncHttpClient-1-5] DEBUG org.asynchttpclient.netty.handler.HttpHandler - 

Request DefaultHttpRequest(decodeResult: success, version: HTTP/1.1)
[...]

Request DefaultHttpRequest(decodeResult: success, version: HTTP/1.1)
POST /session/82a4be880e2af5804342b0537ecd5727/element HTTP/1.1
User-Agent: selenium/4.1.3 (java windows)
Content-Length: 88
Content-Type: application/json; charset=utf-8
host: localhost:54306
accept: */*

Response DefaultHttpResponse(decodeResult: success, version: HTTP/1.1)
HTTP/1.1 200 OK
Content-Type: application/json; charset=utf-8
cache-control: no-cache
content-length: 88

08:24:40.612 [AsyncHttpClient-1-5] DEBUG org.asynchttpclient.netty.channel.ChannelManager - Adding key: http://localhost:54306 for channel [id: 0x01ca4d0f, L:/127.0.0.1:61434 - R:localhost/127.0.0.1:54306]
08:24:40.621 [Forwarding getElementText on session 82a4be880e2af5804342b0537ecd5727 to remote] DEBUG org.asynchttpclient.netty.request.NettyRequestSender - Using pooled Channel '[id: 0x01ca4d0f, L:/127.0.0.1:61434 - R:localhost/127.0.0.1:54306]' for 'GET' to 'http://localhost:54306/session/82a4be880e2af5804342b0537ecd5727/element/2eb91905-e08b-4889-add8-2b90d42288c7/text'
08:24:40.621 [Forwarding getElementText on session 82a4be880e2af5804342b0537ecd5727 to remote] DEBUG org.asynchttpclient.netty.request.NettyRequestSender - Using open Channel [id: 0x01ca4d0f, L:/127.0.0.1:61434 - R:localhost/127.0.0.1:54306] for GET '/session/82a4be880e2af5804342b0537ecd5727/element/2eb91905-e08b-4889-add8-2b90d42288c7/text'
08:24:40.635 [AsyncHttpClient-1-5] DEBUG org.asynchttpclient.netty.handler.HttpHandler - 

Request DefaultFullHttpRequest(decodeResult: success, version: HTTP/1.1, content: EmptyByteBufBE)
GET /session/82a4be880e2af5804342b0537ecd5727/element/2eb91905-e08b-4889-add8-2b90d42288c7/text HTTP/1.1
User-Agent: selenium/4.1.3 (java windows)
Cache-Control: no-cache
Content-Type: application/json; charset=utf-8
host: localhost:54306
accept: */*

Response DefaultHttpResponse(decodeResult: success, version: HTTP/1.1)
HTTP/1.1 200 OK
Content-Type: application/json; charset=utf-8
cache-control: no-cache
content-length: 70

08:24:40.635 [AsyncHttpClient-1-5] DEBUG org.asynchttpclient.netty.channel.ChannelManager - Adding key: http://localhost:54306 for channel [id: 0x01ca4d0f, L:/127.0.0.1:61434 - R:localhost/127.0.0.1:54306]
Monitor Gamer Samsung S19a330 Lcd 19 Negro 110V Modo Juego
08:24:40.663 [Forwarding screenshot on session 82a4be880e2af5804342b0537ecd5727 to remote] DEBUG org.asynchttpclient.netty.request.NettyRequestSender - Using pooled Channel '[id: 0x01ca4d0f, L:/127.0.0.1:61434 - R:localhost/127.0.0.1:54306]' for 'GET' to 'http://localhost:54306/session/82a4be880e2af5804342b0537ecd5727/screenshot'
08:24:40.663 [Forwarding screenshot on session 82a4be880e2af5804342b0537ecd5727 to remote] DEBUG org.asynchttpclient.netty.request.NettyRequestSender - Using open Channel [id: 0x01ca4d0f, L:/127.0.0.1:61434 - R:localhost/127.0.0.1:54306] for GET '/session/82a4be880e2af5804342b0537ecd5727/screenshot'
08:24:40.762 [AsyncHttpClient-1-5] DEBUG org.asynchttpclient.netty.handler.HttpHandler - 

Request DefaultFullHttpRequest(decodeResult: success, version: HTTP/1.1, content: EmptyByteBufBE)
GET /session/82a4be880e2af5804342b0537ecd5727/screenshot HTTP/1.1
User-Agent: selenium/4.1.3 (java windows)
Cache-Control: no-cache
Content-Type: application/json; charset=utf-8
host: localhost:54306
accept: */*

Response DefaultHttpResponse(decodeResult: success, version: HTTP/1.1)
HTTP/1.1 200 OK
Content-Type: application/json; charset=utf-8
cache-control: no-cache
content-length: 109156

08:24:40.770 [AsyncHttpClient-1-5] DEBUG org.asynchttpclient.netty.channel.ChannelManager - Adding key: http://localhost:54306 for channel [id: 0x01ca4d0f, L:/127.0.0.1:61434 - R:localhost/127.0.0.1:54306]
08:24:40.778 [Test worker] DEBUG net.serenitybdd.core.photography.Darkroom - Send negative for processing for C:\Users\jmolinab\Documents\Prueba tecnica Choucair\AutomatizacionWebExito\target\site\serenity\de7e9dc2e86e72b60a20c34f2cc73960857fed3b95bc551aa2624c7ac593ec1f.png
08:24:40.778 [Test worker] DEBUG net.thucydides.core.steps.StepInterceptor - STEP DONE: performAs
08:24:40.843 [Forwarding screenshot on session 82a4be880e2af5804342b0537ecd5727 to remote] DEBUG org.asynchttpclient.netty.request.NettyRequestSender - Using pooled Channel '[id: 0x01ca4d0f, L:/127.0.0.1:61434 - R:localhost/127.0.0.1:54306]' for 'GET' to 'http://localhost:54306/session/82a4be880e2af5804342b0537ecd5727/screenshot'
08:24:40.843 [Forwarding screenshot on session 82a4be880e2af5804342b0537ecd5727 to remote] DEBUG org.asynchttpclient.netty.request.NettyRequestSender - Using open Channel [id: 0x01ca4d0f, L:/127.0.0.1:61434 - R:localhost/127.0.0.1:54306] for GET '/session/82a4be880e2af5804342b0537ecd5727/screenshot'
08:24:40.937 [AsyncHttpClient-1-5] DEBUG org.asynchttpclient.netty.handler.HttpHandler - 

Request DefaultFullHttpRequest(decodeResult: success, version: HTTP/1.1, content: EmptyByteBufBE)
GET /session/82a4be880e2af5804342b0537ecd5727/screenshot HTTP/1.1
User-Agent: selenium/4.1.3 (java windows)
Cache-Control: no-cache
Content-Type: application/json; charset=utf-8
host: localhost:54306
accept: */*

Response DefaultHttpResponse(decodeResult: success, version: HTTP/1.1)
HTTP/1.1 200 OK
Content-Type: application/json; charset=utf-8
cache-control: no-cache
content-length: 109156

08:24:40.937 [AsyncHttpClient-1-5] DEBUG org.asynchttpclient.netty.channel.ChannelManager - Adding key: http://localhost:54306 for channel [id: 0x01ca4d0f, L:/127.0.0.1:61434 - R:localhost/127.0.0.1:54306]
08:24:40.937 [Test worker] DEBUG net.serenitybdd.core.photography.Darkroom - Send negative for processing for C:\Users\jmolinab\Documents\Prueba tecnica Choucair\AutomatizacionWebExito\target\site\serenity\de7e9dc2e86e72b60a20c34f2cc73960857fed3b95bc551aa2624c7ac593ec1f.png
08:24:41.126 [Forwarding screenshot on session 82a4be880e2af5804342b0537ecd5727 to remote] DEBUG org.asynchttpclient.netty.request.NettyRequestSender - Using pooled Channel '[id: 0x01ca4d0f, L:/127.0.0.1:61434 - R:localhost/127.0.0.1:54306]' for 'GET' to 'http://localhost:54306/session/82a4be880e2af5804342b0537ecd5727/screenshot'
08:24:41.126 [Forwarding screenshot on session 82a4be880e2af5804342b0537ecd5727 to remote] DEBUG org.asynchttpclient.netty.request.NettyRequestSender - Using open Channel [id: 0x01ca4d0f, L:/127.0.0.1:61434 - R:localhost/127.0.0.1:54306] for GET '/session/82a4be880e2af5804342b0537ecd5727/screenshot'
08:24:41.139 [AsyncHttpClient-1-1] DEBUG org.asynchttpclient.netty.channel.DefaultChannelPool - Entry count for : http://localhost:63073 : 1
08:24:41.139 [AsyncHttpClient-1-1] DEBUG org.asynchttpclient.netty.channel.DefaultChannelPool - Entry count for : http://localhost:61436 : 1
08:24:41.139 [AsyncHttpClient-1-1] DEBUG org.asynchttpclient.netty.channel.DefaultChannelPool - Entry count for : http://localhost:61423 : 1
08:24:41.225 [AsyncHttpClient-1-5] DEBUG org.asynchttpclient.netty.handler.HttpHandler - 

Request DefaultFullHttpRequest(decodeResult: success, version: HTTP/1.1, content: EmptyByteBufBE)
GET /session/82a4be880e2af5804342b0537ecd5727/screenshot HTTP/1.1
User-Agent: selenium/4.1.3 (java windows)
Cache-Control: no-cache
Content-Type: application/json; charset=utf-8
host: localhost:54306
accept: */*

Response DefaultHttpResponse(decodeResult: success, version: HTTP/1.1)
HTTP/1.1 200 OK
Content-Type: application/json; charset=utf-8
cache-control: no-cache
content-length: 109156

08:24:41.233 [AsyncHttpClient-1-5] DEBUG org.asynchttpclient.netty.channel.ChannelManager - Adding key: http://localhost:54306 for channel [id: 0x01ca4d0f, L:/127.0.0.1:61434 - R:localhost/127.0.0.1:54306]
08:24:41.237 [Test worker] DEBUG net.serenitybdd.core.photography.Darkroom - Send negative for processing for C:\Users\jmolinab\Documents\Prueba tecnica Choucair\AutomatizacionWebExito\target\site\serenity\de7e9dc2e86e72b60a20c34f2cc73960857fed3b95bc551aa2624c7ac593ec1f.png
08:24:41.300 [Forwarding screenshot on session 82a4be880e2af5804342b0537ecd5727 to remote] DEBUG org.asynchttpclient.netty.request.NettyRequestSender - Using pooled Channel '[id: 0x01ca4d0f, L:/127.0.0.1:61434 - R:localhost/127.0.0.1:54306]' for 'GET' to 'http://localhost:54306/session/82a4be880e2af5804342b0537ecd5727/screenshot'
08:24:41.300 [Forwarding screenshot on session 82a4be880e2af5804342b0537ecd5727 to remote] DEBUG org.asynchttpclient.netty.request.NettyRequestSender - Using open Channel [id: 0x01ca4d0f, L:/127.0.0.1:61434 - R:localhost/127.0.0.1:54306] for GET '/session/82a4be880e2af5804342b0537ecd5727/screenshot'
08:24:41.398 [AsyncHttpClient-1-5] DEBUG org.asynchttpclient.netty.handler.HttpHandler - 

Request DefaultFullHttpRequest(decodeResult: success, version: HTTP/1.1, content: EmptyByteBufBE)
GET /session/82a4be880e2af5804342b0537ecd5727/screenshot HTTP/1.1
User-Agent: selenium/4.1.3 (java windows)
Cache-Control: no-cache
Content-Type: application/json; charset=utf-8
host: localhost:54306
accept: */*

Response DefaultHttpResponse(decodeResult: success, version: HTTP/1.1)
HTTP/1.1 200 OK
Content-Type: application/json; charset=utf-8
cache-control: no-cache
content-length: 109156

08:24:41.407 [AsyncHttpClient-1-5] DEBUG org.asynchttpclient.netty.channel.ChannelManager - Adding key: http://localhost:54306 for channel [id: 0x01ca4d0f, L:/127.0.0.1:61434 - R:localhost/127.0.0.1:54306]
08:24:41.413 [Test worker] DEBUG net.serenitybdd.core.photography.Darkroom - Send negative for processing for C:\Users\jmolinab\Documents\Prueba tecnica Choucair\AutomatizacionWebExito\target\site\serenity\de7e9dc2e86e72b60a20c34f2cc73960857fed3b95bc551aa2624c7ac593ec1f.png
08:24:41.497 [Forwarding screenshot on session 82a4be880e2af5804342b0537ecd5727 to remote] DEBUG org.asynchttpclient.netty.request.NettyRequestSender - Using pooled Channel '[id: 0x01ca4d0f, L:/127.0.0.1:61434 - R:localhost/127.0.0.1:54306]' for 'GET' to 'http://localhost:54306/session/82a4be880e2af5804342b0537ecd5727/screenshot'
08:24:41.497 [Forwarding screenshot on session 82a4be880e2af5804342b0537ecd5727 to remote] DEBUG org.asynchttpclient.netty.request.NettyRequestSender - Using open Channel [id: 0x01ca4d0f, L:/127.0.0.1:61434 - R:localhost/127.0.0.1:54306] for GET '/session/82a4be880e2af5804342b0537ecd5727/screenshot'
08:24:41.582 [AsyncHttpClient-1-5] DEBUG org.asynchttpclient.netty.handler.HttpHandler - 

Request DefaultFullHttpRequest(decodeResult: success, version: HTTP/1.1, content: EmptyByteBufBE)
GET /session/82a4be880e2af5804342b0537ecd5727/screenshot HTTP/1.1
User-Agent: selenium/4.1.3 (java windows)
Cache-Control: no-cache
Content-Type: application/json; charset=utf-8
host: localhost:54306
accept: */*

Response DefaultHttpResponse(decodeResult: success, version: HTTP/1.1)
HTTP/1.1 200 OK
Content-Type: application/json; charset=utf-8
cache-control: no-cache
content-length: 109156

08:24:41.589 [AsyncHttpClient-1-5] DEBUG org.asynchttpclient.netty.channel.ChannelManager - Adding key: http://localhost:54306 for channel [id: 0x01ca4d0f, L:/127.0.0.1:61434 - R:localhost/127.0.0.1:54306]
08:24:41.600 [Test worker] DEBUG net.serenitybdd.core.photography.Darkroom - Send negative for processing for C:\Users\jmolinab\Documents\Prueba tecnica Choucair\AutomatizacionWebExito\target\site\serenity\de7e9dc2e86e72b60a20c34f2cc73960857fed3b95bc551aa2624c7ac593ec1f.png
08:24:41.767 [Driver Command Executor] DEBUG org.asynchttpclient.netty.request.NettyRequestSender - Using pooled Channel '[id: 0x01ca4d0f, L:/127.0.0.1:61434 - R:localhost/127.0.0.1:54306]' for 'DELETE' to 'http://localhost:54306/session/82a4be880e2af5804342b0537ecd5727'
08:24:41.767 [Driver Command Executor] DEBUG org.asynchttpclient.netty.request.NettyRequestSender - Using open Channel [id: 0x01ca4d0f, L:/127.0.0.1:61434 - R:localhost/127.0.0.1:54306] for DELETE '/session/82a4be880e2af5804342b0537ecd5727'
08:24:41.800 [AsyncHttpClient-1-7] DEBUG org.asynchttpclient.netty.handler.WebSocketHandler - Channel Closed: [id: 0xdbe14f2c, L:/127.0.0.1:61444 ! R:localhost/127.0.0.1:61436] with attribute NettyResponseFuture{currentRetry=5,
	isDone=1,
	isCancelled=0,
	asyncHandler=org.asynchttpclient.ws.WebSocketUpgradeHandler@372bf71,
	nettyRequest=org.asynchttpclient.netty.request.NettyRequest@7f6e3dee,
	future=java.util.concurrent.CompletableFuture@7cd81235[Completed normally],
	uri=ws://localhost:61436/devtools/browser/59f31117-ed9f-4ebd-99ef-dba3c639ef30,
	keepAlive=true,
	redirectCount=0,
	timeoutsHolder=null,
	inAuth=0,
	touch=1678713857642}
08:24:41.800 [AsyncHttpClient-1-7] DEBUG org.asynchttpclient.netty.channel.ChannelManager - Closing Channel [id: 0xdbe14f2c, L:/127.0.0.1:61444 ! R:localhost/127.0.0.1:61436] 
08:24:41.887 [AsyncHttpClient-1-6] DEBUG org.asynchttpclient.netty.handler.HttpHandler - Unexpected I/O exception on channel [id: 0x463916fd, L:/127.0.0.1:61443 - R:localhost/127.0.0.1:61436]
java.io.IOException: Se ha forzado la interrupción de una conexión existente por el host remoto
	at sun.nio.ch.SocketDispatcher.read0(Native Method)
	at sun.nio.ch.SocketDispatcher.read(SocketDispatcher.java:43)
	at sun.nio.ch.IOUtil.readIntoNativeBuffer(IOUtil.java:223)
	at sun.nio.ch.IOUtil.read(IOUtil.java:192)
	at sun.nio.ch.SocketChannelImpl.read(SocketChannelImpl.java:380)
	at io.netty.buffer.PooledByteBuf.setBytes(PooledByteBuf.java:258)
	at io.netty.buffer.AbstractByteBuf.writeBytes(AbstractByteBuf.java:1132)
	at io.netty.channel.socket.nio.NioSocketChannel.doReadBytes(NioSocketChannel.java:350)
	at io.netty.channel.nio.AbstractNioByteChannel$NioByteUnsafe.read(AbstractNioByteChannel.java:151)
	at io.netty.channel.nio.NioEventLoop.processSelectedKey(NioEventLoop.java:722)
	at io.netty.channel.nio.NioEventLoop.processSelectedKeysOptimized(NioEventLoop.java:658)
	at io.netty.channel.nio.NioEventLoop.processSelectedKeys(NioEventLoop.java:584)
	at io.netty.channel.nio.NioEventLoop.run(NioEventLoop.java:496)
	at io.netty.util.concurrent.SingleThreadEventExecutor$4.run(SingleThreadEventExecutor.java:986)
	at io.netty.util.internal.ThreadExecutorMap$2.run(ThreadExecutorMap.java:74)
	at io.netty.util.concurrent.FastThreadLocalRunnable.run(FastThreadLocalRunnable.java:30)
	at java.lang.Thread.run(Thread.java:748)
08:24:41.888 [AsyncHttpClient-1-6] DEBUG org.asynchttpclient.netty.channel.ChannelManager - Closing Channel [id: 0x463916fd, L:/127.0.0.1:61443 - R:localhost/127.0.0.1:61436] 
08:24:41.889 [AsyncHttpClient-1-6] DEBUG org.asynchttpclient.netty.handler.HttpHandler - Channel Closed: [id: 0x463916fd, L:/127.0.0.1:61443 ! R:localhost/127.0.0.1:61436] with attribute DISCARD
08:24:41.946 [AsyncHttpClient-1-5] DEBUG org.asynchttpclient.netty.handler.HttpHandler - 

Request DefaultFullHttpRequest(decodeResult: success, version: HTTP/1.1, content: EmptyByteBufBE)
DELETE /session/82a4be880e2af5804342b0537ecd5727 HTTP/1.1
User-Agent: selenium/4.1.3 (java windows)
Content-Type: application/json; charset=utf-8
host: localhost:54306
accept: */*

Response DefaultHttpResponse(decodeResult: success, version: HTTP/1.1)
HTTP/1.1 200 OK
Content-Type: application/json; charset=utf-8
cache-control: no-cache
content-length: 14

08:24:41.947 [AsyncHttpClient-1-5] DEBUG org.asynchttpclient.netty.channel.ChannelManager - Adding key: http://localhost:54306 for channel [id: 0x01ca4d0f, L:/127.0.0.1:61434 - R:localhost/127.0.0.1:54306]
08:24:42.243 [AsyncHttpClient-1-1] DEBUG org.asynchttpclient.netty.channel.DefaultChannelPool - Entry count for : http://localhost:54306 : 1
08:24:42.243 [AsyncHttpClient-1-1] DEBUG org.asynchttpclient.netty.channel.DefaultChannelPool - Entry count for : http://localhost:63073 : 1
08:24:42.243 [AsyncHttpClient-1-1] DEBUG org.asynchttpclient.netty.channel.DefaultChannelPool - Entry count for : http://localhost:61436 : 1
08:24:42.243 [AsyncHttpClient-1-1] DEBUG org.asynchttpclient.netty.channel.DefaultChannelPool - Entry count for : http://localhost:61423 : 1
08:24:42.243 [AsyncHttpClient-1-1] DEBUG org.asynchttpclient.netty.channel.DefaultChannelPool - Adding Candidate expired Channel [id: 0x463916fd, L:/127.0.0.1:61443 ! R:localhost/127.0.0.1:61436] isIdleTimeoutExpired=false isRemotelyClosed=true isTtlExpired=false
08:24:42.243 [AsyncHttpClient-1-1] DEBUG org.asynchttpclient.netty.channel.DefaultChannelPool - Closing Idle Channel [id: 0x463916fd, L:/127.0.0.1:61443 ! R:localhost/127.0.0.1:61436]
08:24:42.243 [AsyncHttpClient-1-1] DEBUG org.asynchttpclient.netty.channel.DefaultChannelPool - Closed 1 connections out of 4 in 0 ms
08:24:42.687 [AsyncHttpClient-1-5] DEBUG org.asynchttpclient.netty.handler.HttpHandler - Channel Closed: [id: 0x01ca4d0f, L:/127.0.0.1:61434 ! R:localhost/127.0.0.1:54306] with attribute DISCARD
08:24:43.238 [Test worker] INFO  - 
  _____   ___   ___   _____     ___     _     ___   ___   ___   ___  
 |_   _| | __| / __| |_   _|   | _ \   /_\   / __| / __| | __| |   \ 
   | |   | _|  \__ \   | |     |  _/  / _ \  \__ \ \__ \ | _|  | |) |
   |_|   |___| |___/   |_|     |_|   /_/ \_\ |___/ |___/ |___| |___/ 

Selection of random products
----------------------------------------------------------------------
]]></system-out>
  <system-err><![CDATA[Starting ChromeDriver 110.0.5481.77 (65ed616c6e8ee3fe0ad64fe83796c020644d42af-refs/branch-heads/5481@{#839}) on port 63073
Only local connections are allowed.
Please see https://chromedriver.chromium.org/security-considerations for suggestions on keeping ChromeDriver safe.
ChromeDriver was started successfully.
[1678713852.683][WARNING]: virtual void DevToolsClientImpl::AddListener(DevToolsEventListener *) subscribing a listener to the already connected DevToolsClient. Connection notification will not arrive.
mar 13, 2023 8:24:13 AM org.openqa.selenium.remote.ProtocolHandshake createSession
INFORMACIÓN: Detected dialect: W3C
mar 13, 2023 8:24:13 AM org.openqa.selenium.devtools.CdpVersionFinder findNearestMatch
ADVERTENCIA: Unable to find an exact match for CDP version 110, so returning the closest version found: a no-op implementation
mar 13, 2023 8:24:13 AM org.openqa.selenium.devtools.CdpVersionFinder findNearestMatch
INFORMACIÓN: Unable to find CDP implementation matching 110.
mar 13, 2023 8:24:13 AM org.openqa.selenium.chromium.ChromiumDriver lambda$new$3
ADVERTENCIA: Unable to find version of CDP to use for . You may need to include a dependency on a specific version of the CDP using something similar to `org.seleniumhq.selenium:selenium-devtools-v86:4.1.3` where the version ("v86") matches the version of the chromium-based browser you're using and the version number of the artifact is the same as Selenium's.
Starting ChromeDriver 110.0.5481.77 (65ed616c6e8ee3fe0ad64fe83796c020644d42af-refs/branch-heads/5481@{#839}) on port 54306
Only local connections are allowed.
Please see https://chromedriver.chromium.org/security-considerations for suggestions on keeping ChromeDriver safe.
ChromeDriver was started successfully.
[1678713857.595][WARNING]: virtual void DevToolsClientImpl::AddListener(DevToolsEventListener *) subscribing a listener to the already connected DevToolsClient. Connection notification will not arrive.
mar 13, 2023 8:24:17 AM org.openqa.selenium.remote.ProtocolHandshake createSession
INFORMACIÓN: Detected dialect: W3C
mar 13, 2023 8:24:17 AM org.openqa.selenium.devtools.CdpVersionFinder findNearestMatch
ADVERTENCIA: Unable to find an exact match for CDP version 110, so returning the closest version found: a no-op implementation
mar 13, 2023 8:24:17 AM org.openqa.selenium.devtools.CdpVersionFinder findNearestMatch
INFORMACIÓN: Unable to find CDP implementation matching 110.
mar 13, 2023 8:24:17 AM org.openqa.selenium.chromium.ChromiumDriver lambda$new$3
ADVERTENCIA: Unable to find version of CDP to use for . You may need to include a dependency on a specific version of the CDP using something similar to `org.seleniumhq.selenium:selenium-devtools-v86:4.1.3` where the version ("v86") matches the version of the chromium-based browser you're using and the version number of the artifact is the same as Selenium's.
]]></system-err>
</testsuite>
