<?xml version="1.0" encoding="UTF-8"?>
<testsuite name="Perform Crud methods for the dummy api" tests="1" skipped="0" failures="0" errors="0" timestamp="2023-03-09T21:54:52" hostname="CHMEPCZ4KDL3" time="282.007">
  <properties/>
  <testcase name="Perform a query, create, update, and delete process" classname="Perform Crud methods for the dummy api" time="282.007"/>
  <system-out><![CDATA[16:54:53.078 [Test worker] INFO io.cucumber.core.plugin.SerenityReporter - Running feature from file:///C:/Users/jmolinab/Documents/Prueba%20tecnica%20Choucair/AutomatizacionApiDummy/src/test/resources/features/dummyApi.feature
16:54:53.192 [Test worker] INFO  - 
  _____   ___   ___   _____     ___   _____     _     ___   _____   ___   ___  
 |_   _| | __| / __| |_   _|   / __| |_   _|   /_\   | _ \ |_   _| | __| |   \ 
   | |   | _|  \__ \   | |     \__ \   | |    / _ \  |   /   | |   | _|  | |) |
   |_|   |___| |___/   |_|     |___/   |_|   /_/ \_\ |_|_\   |_|   |___| |___/ 

Perform a query, create, update, and delete process(perform-crud-methods-for-the-dummy-api;perform-a-query--create--update--and-delete-process)
--------------------------------------------------------------------------------
16:54:53.724 [Test worker] DEBUG net.thucydides.core.steps.StepInterceptor - STARTING STEP: dummyApiStepDefinitions.consultEmployeeInformation - performAs
16:54:53.756 [Test worker] DEBUG net.thucydides.core.steps.StepInterceptor - STARTING STEP: Get.performAs - {0} executes a GET on the resource #resource
16:54:55.806 [Test worker] DEBUG org.apache.http.impl.conn.BasicClientConnectionManager - Get connection for route {s}->https://dummy.restapiexample.com:443
16:54:56.041 [Test worker] DEBUG org.apache.http.impl.conn.DefaultClientConnectionOperator - Connecting to dummy.restapiexample.com:443
16:54:57.295 [Test worker] DEBUG org.apache.http.client.protocol.RequestAddCookies - CookieSpec selected: ignoreCookies
16:54:57.295 [Test worker] DEBUG org.apache.http.client.protocol.RequestAuthCache - Auth cache not set in the context
16:54:57.295 [Test worker] DEBUG org.apache.http.client.protocol.RequestTargetAuthentication - Target auth state: UNCHALLENGED
16:54:57.295 [Test worker] DEBUG org.apache.http.client.protocol.RequestProxyAuthentication - Proxy auth state: UNCHALLENGED
16:54:57.295 [Test worker] DEBUG org.apache.http.impl.client.DefaultHttpClient - Attempt 1 to execute request
16:54:57.295 [Test worker] DEBUG org.apache.http.impl.conn.DefaultClientConnection - Sending request: GET /api/v1/employee/1 HTTP/1.1
16:54:57.295 [Test worker] DEBUG org.apache.http.wire -  >> "GET /api/v1/employee/1 HTTP/1.1[\r][\n]"
16:54:57.295 [Test worker] DEBUG org.apache.http.wire -  >> "Content-Type: application/json[\r][\n]"
16:54:57.295 [Test worker] DEBUG org.apache.http.wire -  >> "Accept: */*[\r][\n]"
16:54:57.295 [Test worker] DEBUG org.apache.http.wire -  >> "Host: dummy.restapiexample.com[\r][\n]"
16:54:57.295 [Test worker] DEBUG org.apache.http.wire -  >> "Connection: Keep-Alive[\r][\n]"
16:54:57.295 [Test worker] DEBUG org.apache.http.wire -  >> "User-Agent: Apache-HttpClient/4.5.13 (Java/1.8.0_131)[\r][\n]"
16:54:57.295 [Test worker] DEBUG org.apache.http.wire -  >> "Accept-Encoding: gzip,deflate[\r][\n]"
16:54:57.295 [Test worker] DEBUG org.apache.http.wire -  >> "[\r][\n]"
16:54:57.299 [Test worker] DEBUG org.apache.http.headers - >> GET /api/v1/employee/1 HTTP/1.1
16:54:57.299 [Test worker] DEBUG org.apache.http.headers - >> Content-Type: application/json
16:54:57.299 [Test worker] DEBUG org.apache.http.headers - >> Accept: */*
16:54:57.299 [Test worker] DEBUG org.apache.http.headers - >> Host: dummy.restapiexample.com
16:54:57.299 [Test worker] DEBUG org.apache.http.headers - >> Connection: Keep-Alive
16:54:57.300 [Test worker] DEBUG org.apache.http.headers - >> User-Agent: Apache-HttpClient/4.5.13 (Java/1.8.0_131)
16:54:57.300 [Test worker] DEBUG org.apache.http.headers - >> Accept-Encoding: gzip,deflate
16:54:57.624 [Test worker] DEBUG org.apache.http.wire -  << "HTTP/1.1 200 OK[\r][\n]"
16:54:57.624 [Test worker] DEBUG org.apache.http.wire -  << "Date: Thu, 09 Mar 2023 21:54:53 GMT[\r][\n]"
16:54:57.624 [Test worker] DEBUG org.apache.http.wire -  << "Server: nginx/1.21.6[\r][\n]"
16:54:57.624 [Test worker] DEBUG org.apache.http.wire -  << "Content-Type: application/json[\r][\n]"
16:54:57.624 [Test worker] DEBUG org.apache.http.wire -  << "Content-Length: 152[\r][\n]"
16:54:57.624 [Test worker] DEBUG org.apache.http.wire -  << "Cache-Control: no-cache, private[\r][\n]"
16:54:57.624 [Test worker] DEBUG org.apache.http.wire -  << "X-RateLimit-Limit: 60[\r][\n]"
16:54:57.624 [Test worker] DEBUG org.apache.http.wire -  << "X-RateLimit-Remaining: 58[\r][\n]"
16:54:57.624 [Test worker] DEBUG org.apache.http.wire -  << "Cache-Control: max-age=21600[\r][\n]"
16:54:57.624 [Test worker] DEBUG org.apache.http.wire -  << "Expires: Fri, 10 Mar 2023 03:54:51 GMT[\r][\n]"
16:54:57.624 [Test worker] DEBUG org.apache.http.wire -  << "Vary: Accept-Encoding[\r][\n]"
16:54:57.624 [Test worker] DEBUG org.apache.http.wire -  << "Content-Encoding: gzip[\r][\n]"
16:54:57.624 [Test worker] DEBUG org.apache.http.wire -  << "host-header: c2hhcmVkLmJsdWVob3N0LmNvbQ==[\r][\n]"
16:54:57.624 [Test worker] DEBUG org.apache.http.wire -  << "X-Endurance-Cache-Level: 2[\r][\n]"
16:54:57.624 [Test worker] DEBUG org.apache.http.wire -  << "X-nginx-cache: WordPress[\r][\n]"
16:54:57.624 [Test worker] DEBUG org.apache.http.wire -  << "X-Server-Cache: true[\r][\n]"
16:54:57.624 [Test worker] DEBUG org.apache.http.wire -  << "X-Proxy-Cache: MISS[\r][\n]"
16:54:57.624 [Test worker] DEBUG org.apache.http.wire -  << "[\r][\n]"
16:54:57.624 [Test worker] DEBUG org.apache.http.impl.conn.DefaultClientConnection - Receiving response: HTTP/1.1 200 OK
16:54:57.624 [Test worker] DEBUG org.apache.http.headers - << HTTP/1.1 200 OK
16:54:57.624 [Test worker] DEBUG org.apache.http.headers - << Date: Thu, 09 Mar 2023 21:54:53 GMT
16:54:57.624 [Test worker] DEBUG org.apache.http.headers - << Server: nginx/1.21.6
16:54:57.624 [Test worker] DEBUG org.apache.http.headers - << Content-Type: application/json
16:54:57.624 [Test worker] DEBUG org.apache.http.headers - << Content-Length: 152
16:54:57.624 [Test worker] DEBUG org.apache.http.headers - << Cache-Control: no-cache, private
16:54:57.624 [Test worker] DEBUG org.apache.http.headers - << X-RateLimit-Limit: 60
16:54:57.624 [Test worker] DEBUG org.apache.http.headers - << X-RateLimit-Remaining: 58
16:54:57.624 [Test worker] DEBUG org.apache.http.headers - << Cache-Control: max-age=21600
16:54:57.624 [Test worker] DEBUG org.apache.http.headers - << Expires: Fri, 10 Mar 2023 03:54:51 GMT
16:54:57.624 [Test worker] DEBUG org.apache.http.headers - << Vary: Accept-Encoding
16:54:57.624 [Test worker] DEBUG org.apache.http.headers - << Content-Encoding: gzip
16:54:57.624 [Test worker] DEBUG org.apache.http.headers - << host-header: c2hhcmVkLmJsdWVob3N0LmNvbQ==
16:54:57.624 [Test worker] DEBUG org.apache.http.headers - << X-Endurance-Cache-Level: 2
16:54:57.624 [Test worker] DEBUG org.apache.http.headers - << X-nginx-cache: WordPress
16:54:57.624 [Test worker] DEBUG org.apache.http.headers - << X-Server-Cache: true
16:54:57.624 [Test worker] DEBUG org.apache.http.headers - << X-Proxy-Cache: MISS
16:54:57.624 [Test worker] DEBUG org.apache.http.impl.client.DefaultHttpClient - Connection can be kept alive indefinitely
16:54:57.642 [Test worker] DEBUG io.restassured.internal.RestAssuredHttpBuilder - Parsing response as: application/json
16:54:57.642 [Test worker] DEBUG org.apache.http.wire -  << "[0x1f][0x8b][0x8][0x0][0x0][0x0][0x0][0x0][0x0][0x3]M[0x8d][0xcd][\n]"
16:54:57.647 [Test worker] DEBUG org.apache.http.wire -  << "[0x83]0[0x10][0x84]_%[0x9d][0xb3][0x14][0xdb]B)y[0x88][0x1e]Z[0xef][0xb2]MV[\r]$F[0xb2][0x11]*[0xe2][0xbb]7[0xd4][0x8b][0xc7][0x99]o~VH[0xa6]<[0xb]4d6[0x86]EP[0xc1]R&[0xe8][0x15][0xce]B_*p[0x98]|\[0x98][0xdb][0x91][0x2][0x97]`[0xe3]zN[0xea][0xe9][0xbe]q[0xc4][0x81][\n]"
16:54:57.647 [Test worker] DEBUG org.apache.http.wire -  << "yJ[0xb][0xf4][0xed]Z?[0xea][0xfa][0x0][0xa8]/[0xad]{[0x19][0x9a]R[0xec][0x9c][0xe7][0xd6][0x85][0xbf][0x5]l[0x15]B[0xb9][0xdc][0xd5]{[0xff][0xef]f[0xef][0x97][0x93]z[0xb1][0x89][0xc9][0xaa][0x81]D}[0x98]G[0xd5]q6[0x3][0xdb]3[0xb6][0x1f]H[0xd8][0xed][0xae][0xb3][0x0][0x0][0x0]"
16:54:57.647 [Test worker] DEBUG io.restassured.internal.RestAssuredHttpBuilder - Parsed data to instance of: class org.apache.http.conn.EofSensorInputStream
16:54:57.695 [Test worker] DEBUG org.apache.http.impl.conn.BasicClientConnectionManager - Releasing connection org.apache.http.impl.conn.ManagedClientConnectionImpl@69364b2d
16:54:57.695 [Test worker] DEBUG org.apache.http.impl.conn.BasicClientConnectionManager - Connection can be kept alive indefinitely
16:54:57.735 [Test worker] DEBUG net.thucydides.core.steps.StepInterceptor - STEP DONE: {0} executes a GET on the resource #resource
16:54:57.754 [Test worker] DEBUG net.thucydides.core.steps.StepInterceptor - STEP DONE: performAs
16:54:57.769 [Test worker] DEBUG net.thucydides.core.steps.StepInterceptor - STARTING STEP: dummyApiStepDefinitions.updateEmployeeInformation - performAs
16:54:57.786 [Test worker] DEBUG net.thucydides.core.steps.StepInterceptor - STARTING STEP: Put.performAs - {0} executes a PUT on the resource #resource
16:54:58.137 [Test worker] DEBUG org.apache.http.impl.conn.BasicClientConnectionManager - Get connection for route {s}->https://dummy.restapiexample.com:443
16:54:58.137 [Test worker] DEBUG org.apache.http.impl.conn.DefaultClientConnectionOperator - Connecting to dummy.restapiexample.com:443
16:54:58.972 [Test worker] DEBUG org.apache.http.client.protocol.RequestAddCookies - CookieSpec selected: ignoreCookies
16:54:58.972 [Test worker] DEBUG org.apache.http.client.protocol.RequestAuthCache - Auth cache not set in the context
16:54:58.972 [Test worker] DEBUG org.apache.http.client.protocol.RequestTargetAuthentication - Target auth state: UNCHALLENGED
16:54:58.972 [Test worker] DEBUG org.apache.http.client.protocol.RequestProxyAuthentication - Proxy auth state: UNCHALLENGED
16:54:58.972 [Test worker] DEBUG org.apache.http.impl.client.DefaultHttpClient - Attempt 1 to execute request
16:54:58.972 [Test worker] DEBUG org.apache.http.impl.conn.DefaultClientConnection - Sending request: PUT /api/v1/update/21 HTTP/1.1
16:54:58.972 [Test worker] DEBUG org.apache.http.wire -  >> "PUT /api/v1/update/21 HTTP/1.1[\r][\n]"
16:54:58.972 [Test worker] DEBUG org.apache.http.wire -  >> "Accept: */*[\r][\n]"
16:54:58.987 [Test worker] DEBUG org.apache.http.wire -  >> "Content-Type: application/json[\r][\n]"
16:54:58.988 [Test worker] DEBUG org.apache.http.wire -  >> "Content-Length: 50[\r][\n]"
16:54:58.988 [Test worker] DEBUG org.apache.http.wire -  >> "Host: dummy.restapiexample.com[\r][\n]"
16:54:58.988 [Test worker] DEBUG org.apache.http.wire -  >> "Connection: Keep-Alive[\r][\n]"
16:54:58.988 [Test worker] DEBUG org.apache.http.wire -  >> "User-Agent: Apache-HttpClient/4.5.13 (Java/1.8.0_131)[\r][\n]"
16:54:58.988 [Test worker] DEBUG org.apache.http.wire -  >> "Accept-Encoding: gzip,deflate[\r][\n]"
16:54:58.988 [Test worker] DEBUG org.apache.http.wire -  >> "[\r][\n]"
16:54:58.988 [Test worker] DEBUG org.apache.http.headers - >> PUT /api/v1/update/21 HTTP/1.1
16:54:58.988 [Test worker] DEBUG org.apache.http.headers - >> Accept: */*
16:54:58.988 [Test worker] DEBUG org.apache.http.headers - >> Content-Type: application/json
16:54:58.988 [Test worker] DEBUG org.apache.http.headers - >> Content-Length: 50
16:54:58.988 [Test worker] DEBUG org.apache.http.headers - >> Host: dummy.restapiexample.com
16:54:58.988 [Test worker] DEBUG org.apache.http.headers - >> Connection: Keep-Alive
16:54:58.988 [Test worker] DEBUG org.apache.http.headers - >> User-Agent: Apache-HttpClient/4.5.13 (Java/1.8.0_131)
16:54:58.988 [Test worker] DEBUG org.apache.http.headers - >> Accept-Encoding: gzip,deflate
16:54:58.988 [Test worker] DEBUG org.apache.http.wire -  >> "{"nombre":"Jose","salario":"10000000","edad":"23"}"
16:54:59.284 [Test worker] DEBUG org.apache.http.wire -  << "HTTP/1.1 429 Too Many Requests[\r][\n]"
16:54:59.284 [Test worker] DEBUG org.apache.http.wire -  << "Date: Thu, 09 Mar 2023 21:54:52 GMT[\r][\n]"
16:54:59.284 [Test worker] DEBUG org.apache.http.wire -  << "Server: Apache[\r][\n]"
16:54:59.284 [Test worker] DEBUG org.apache.http.wire -  << "X-RateLimit-Limit: 60[\r][\n]"
16:54:59.284 [Test worker] DEBUG org.apache.http.wire -  << "X-RateLimit-Remaining: 57[\r][\n]"
16:54:59.284 [Test worker] DEBUG org.apache.http.wire -  << "retry-after: 59[\r][\n]"
16:54:59.284 [Test worker] DEBUG org.apache.http.wire -  << "x-ratelimit-reset: 1678398951[\r][\n]"
16:54:59.284 [Test worker] DEBUG org.apache.http.wire -  << "Cache-Control: no-cache, private[\r][\n]"
16:54:59.284 [Test worker] DEBUG org.apache.http.wire -  << "Upgrade: h2,h2c[\r][\n]"
16:54:59.284 [Test worker] DEBUG org.apache.http.wire -  << "Connection: Upgrade[\r][\n]"
16:54:59.284 [Test worker] DEBUG org.apache.http.wire -  << "Vary: Accept-Encoding[\r][\n]"
16:54:59.284 [Test worker] DEBUG org.apache.http.wire -  << "Content-Encoding: gzip[\r][\n]"
16:54:59.284 [Test worker] DEBUG org.apache.http.wire -  << "host-header: c2hhcmVkLmJsdWVob3N0LmNvbQ==[\r][\n]"
16:54:59.284 [Test worker] DEBUG org.apache.http.wire -  << "X-Endurance-Cache-Level: 2[\r][\n]"
16:54:59.284 [Test worker] DEBUG org.apache.http.wire -  << "X-nginx-cache: WordPress[\r][\n]"
16:54:59.284 [Test worker] DEBUG org.apache.http.wire -  << "Content-Length: 595[\r][\n]"
16:54:59.298 [Test worker] DEBUG org.apache.http.wire -  << "Content-Type: text/html; charset=UTF-8[\r][\n]"
16:54:59.298 [Test worker] DEBUG org.apache.http.wire -  << "[\r][\n]"
16:54:59.298 [Test worker] DEBUG org.apache.http.impl.conn.DefaultClientConnection - Receiving response: HTTP/1.1 429 Too Many Requests
16:54:59.298 [Test worker] DEBUG org.apache.http.headers - << HTTP/1.1 429 Too Many Requests
16:54:59.298 [Test worker] DEBUG org.apache.http.headers - << Date: Thu, 09 Mar 2023 21:54:52 GMT
16:54:59.298 [Test worker] DEBUG org.apache.http.headers - << Server: Apache
16:54:59.299 [Test worker] DEBUG org.apache.http.headers - << X-RateLimit-Limit: 60
16:54:59.299 [Test worker] DEBUG org.apache.http.headers - << X-RateLimit-Remaining: 57
16:54:59.299 [Test worker] DEBUG org.apache.http.headers - << retry-after: 59
16:54:59.299 [Test worker] DEBUG org.apache.http.headers - << x-ratelimit-reset: 1678398951
16:54:59.299 [Test worker] DEBUG org.apache.http.headers - << Cache-Control: no-cache, private
16:54:59.299 [Test worker] DEBUG org.apache.http.headers - << Upgrade: h2,h2c
16:54:59.299 [Test worker] DEBUG org.apache.http.headers - << Connection: Upgrade
16:54:59.299 [Test worker] DEBUG org.apache.http.headers - << Vary: Accept-Encoding
16:54:59.299 [Test worker] DEBUG org.apache.http.headers - << Content-Encoding: gzip
16:54:59.299 [Test worker] DEBUG org.apache.http.headers - << host-header: c2hhcmVkLmJsdWVob3N0LmNvbQ==
16:54:59.299 [Test worker] DEBUG org.apache.http.headers - << X-Endurance-Cache-Level: 2
16:54:59.299 [Test worker] DEBUG org.apache.http.headers - << X-nginx-cache: WordPress
16:54:59.299 [Test worker] DEBUG org.apache.http.headers - << Content-Length: 595
16:54:59.299 [Test worker] DEBUG org.apache.http.headers - << Content-Type: text/html; charset=UTF-8
16:54:59.299 [Test worker] DEBUG org.apache.http.impl.client.DefaultHttpClient - Connection can be kept alive indefinitely
16:54:59.299 [Test worker] DEBUG io.restassured.internal.RestAssuredHttpBuilder - Parsing response as: text/html; charset=UTF-8
16:54:59.299 [Test worker] DEBUG org.apache.http.wire -  << "[0x1f][0x8b][0x8][0x0][0x0][0x0][0x0][0x0][0x0][0x3][0x9d]RMs[0xd4]0[0xc][0xbd][0xef][0xaf][0x10][0xe6][0xd0]K[0xdd]t[0xb][0xec][0x94][0xb0][0x9][0x7]>n[0x5][0xa6][0xf4][0xc2][0xd1][0x1b]+[0x89][0xa9]c[0xa7][0x91][0xb2]m`[0xf8][0xef]8[0x9b][0xb6][0xfb][0x91][0xb4][0xc3][0xe0][0x8b][0xad]yOO[0xf2][0x93][0x96]/>~[0xfd]p[0xf5][0xe3][0xdb]'([0xb9][0xb2][0xe9]l[0xd9]_`[0x95]+[0x12][0x81]N[0xa4]3[0x8]gY[0xa2][0xd2][0xc3]s[0x13]V[0xc8][\n]"
16:54:59.299 [Test worker] DEBUG org.apache.http.wire -  << "[0xb2]R5[0x84][0x9c][0x88][0x96]sy.[0xe]a[0xa7]*L[0xc4][0xda][0xe0]m[0xed][0x1b][0x16][0x90]y[0xc7][0xe8][0x2][0xfd][0xd6]h.[0x13][0x8d]k[0x93][0xa1][0xdc][0x4][0xc7]`[0x9c]a[0xa3][0xac][0xa4]LYL[0xe6]Al[0xab][0xc6][0x86]-[0xa6]W[0xde][0xc3][0x85]r[0x1d]\[0xe2]M[0x8b][0xc4][0xb4][0x8c][0x6]`[0x87][0xf9]BJ[0xf8][0x1c][0xca][0x10]H[0xb9][0xd3][0x8e]5[0xee][0x1a][0x1a][0xb4][0x89][0xd0][0x8e]d[0xdd]`[0x8e][0x9c][0x95][0x2][0xca][0xf0]JD[0x14][0xe5]}[0xca]IA[0xac][0xd8]d'[0x99][0xaf][0xc4]a[0xf2][0xc0],[0x99]k[0x8a][0x1f][0xf9][0xde][0x17][0x16]Um[0xa8]O[0x89]2[0xa2][0xf7][0xb9][0xaa][0x8c][0xed][0x92]/m[0xf8][0x8d][0x17]CI[0xe2][0xce]"[0x95][0x88],[0xe][[0xfd][0xbe][0x81][0xf6]{[0xdd][0xd0][0xb7]q]]>&#x7f;<![CDATA[[0xfa][0x81][0x1c][0xc3][0xca][0xeb][0xe]~[0xef][0x1][0xfd]Y[0xa9][0xec][0xba]h|[0xeb][0xb4][0xcc][0xbc][0xf5]M[0xc]/[0xf3]<]]>&#x7f;<![CDATA[7[0xe2]=[0x80][0x8b]W[0x8b][0xd5]b[0x2][0xef][0xff]$[0x87][0xfe]c8[0x1a]~pt[0xc][0xa4][0x82]c[0x84][0x8d]y*[0xe5][0x16]MQr[0xc][0xf3][0xd3][0xd3]1[0xa3][0xdc][0x82][0xeb]r[0xc]W[0xaa])[0x8c][0x8b][0xe1] [0xf3][0xcf]l/<[0xc9][k[0xe5] 5a[0xc0]35FB[0x16][0xef]d[0x16]v[0x10][0x9b][0x9]!eM[0xe1][0xa4]a[0xac]([0x86][0x81]5nY[0x1b][0xaa][0xad][\n]"
16:54:59.299 [Test worker] DEBUG org.apache.http.wire -  << "[0x16][0xf5]Zc[0xf8]gKl[0xf2]N[0xde][0xef][0xfa][0xb4][0xce]a[[0xb5]'[0xc3][0xc6];[0x19][0x96]l[0xa2][0xaf][0x7]8[0xee][0xf7])l[0xe8][0x1a][0x9f][0x97][0xcb][0xbc][0xc6][0xa9]E[0xf1][0x8d][0xc6]F6[0x83][g[0xf5][0x1d][0x90][0xb7]F?1V2[0xbf]0[0xb0][0x16][0xf5][0xc4]'k[0xa5][0xb5]qE[0x98][0x1b][0xcc][0xdf][0x4][0x9d][0xe1][0x1a][0xf3][0x18][0xef]Xn\[0xfd]7[0x1f]*$R[0xc5]T[0xef];-[0xcd][0xcf][0xff][0xaf][0xd4][0xc3]k[0x19][0x11]w[0x16][0xd3][0xd9][0x10][0x94][0xa8][0xf4][0xfd]{[0xe5]u[0x97]ny[0xda][0xac]![0xb3][0x8a]([0x11][0xbb]{[0xb3]7[0xac][0x9d][0xcd][0x14][0xe9]^[0xc1][0xdd][0xf4]~ [0x7]p]]>&#x7f;<![CDATA[^[0x9f][0xbd][0xdd][0xcb][0x88]BJ:{R[0xe5][0xde][0x1d][0x1][0x9b][0xfe][0x13][0xf1]8[0x85][0xf9]ipdB[0xff][0xca]{[0xb8]P[0xae][0x83]K[0xbc]i[0x91][0x98]&[0xaa]M[0x84][0xcb]h0"x[0xc3][0x95]Mg]]>&#x7f;<![CDATA[[0x1]e[0x9e][0xd3][0xfd] [0x6][0x0][0x0]"
16:54:59.299 [Test worker] DEBUG io.restassured.internal.RestAssuredHttpBuilder - Parsed data to instance of: class org.apache.http.conn.EofSensorInputStream
16:54:59.299 [Test worker] DEBUG org.apache.http.impl.conn.BasicClientConnectionManager - Releasing connection org.apache.http.impl.conn.ManagedClientConnectionImpl@52ecc989
16:54:59.299 [Test worker] DEBUG org.apache.http.impl.conn.BasicClientConnectionManager - Connection can be kept alive indefinitely
16:54:59.501 [Test worker] DEBUG net.thucydides.core.steps.StepInterceptor - STEP DONE: {0} executes a PUT on the resource #resource
16:55:09.504 [Test worker] DEBUG net.thucydides.core.steps.StepInterceptor - STARTING STEP: Put.performAs - {0} executes a PUT on the resource #resource
16:55:09.546 [Test worker] DEBUG org.apache.http.impl.conn.BasicClientConnectionManager - Get connection for route {s}->https://dummy.restapiexample.com:443
16:55:09.546 [Test worker] DEBUG org.apache.http.impl.conn.DefaultClientConnectionOperator - Connecting to dummy.restapiexample.com:443
16:55:10.455 [Test worker] DEBUG org.apache.http.client.protocol.RequestAddCookies - CookieSpec selected: ignoreCookies
16:55:10.455 [Test worker] DEBUG org.apache.http.client.protocol.RequestAuthCache - Auth cache not set in the context
16:55:10.455 [Test worker] DEBUG org.apache.http.client.protocol.RequestTargetAuthentication - Target auth state: UNCHALLENGED
16:55:10.455 [Test worker] DEBUG org.apache.http.client.protocol.RequestProxyAuthentication - Proxy auth state: UNCHALLENGED
16:55:10.455 [Test worker] DEBUG org.apache.http.impl.client.DefaultHttpClient - Attempt 1 to execute request
16:55:10.455 [Test worker] DEBUG org.apache.http.impl.conn.DefaultClientConnection - Sending request: PUT /api/v1/update/21 HTTP/1.1
16:55:10.455 [Test worker] DEBUG org.apache.http.wire -  >> "PUT /api/v1/update/21 HTTP/1.1[\r][\n]"
16:55:10.455 [Test worker] DEBUG org.apache.http.wire -  >> "Accept: */*[\r][\n]"
16:55:10.455 [Test worker] DEBUG org.apache.http.wire -  >> "Content-Type: application/json[\r][\n]"
16:55:10.455 [Test worker] DEBUG org.apache.http.wire -  >> "Content-Length: 50[\r][\n]"
16:55:10.455 [Test worker] DEBUG org.apache.http.wire -  >> "Host: dummy.restapiexample.com[\r][\n]"
16:55:10.455 [Test worker] DEBUG org.apache.http.wire -  >> "Connection: Keep-Alive[\r][\n]"
16:55:10.455 [Test worker] DEBUG org.apache.http.wire -  >> "User-Agent: Apache-HttpClient/4.5.13 (Java/1.8.0_131)[\r][\n]"
16:55:10.455 [Test worker] DEBUG org.apache.http.wire -  >> "Accept-Encoding: gzip,deflate[\r][\n]"
16:55:10.455 [Test worker] DEBUG org.apache.http.wire -  >> "[\r][\n]"
16:55:10.455 [Test worker] DEBUG org.apache.http.headers - >> PUT /api/v1/update/21 HTTP/1.1
16:55:10.455 [Test worker] DEBUG org.apache.http.headers - >> Accept: */*
16:55:10.455 [Test worker] DEBUG org.apache.http.headers - >> Content-Type: application/json
16:55:10.455 [Test worker] DEBUG org.apache.http.headers - >> Content-Length: 50
16:55:10.455 [Test worker] DEBUG org.apache.http.headers - >> Host: dummy.restapiexample.com
16:55:10.455 [Test worker] DEBUG org.apache.http.headers - >> Connection: Keep-Alive
16:55:10.455 [Test worker] DEBUG org.apache.http.headers - >> User-Agent: Apache-HttpClient/4.5.13 (Java/1.8.0_131)
16:55:10.455 [Test worker] DEBUG org.apache.http.headers - >> Accept-Encoding: gzip,deflate
16:55:10.455 [Test worker] DEBUG org.apache.http.wire -  >> "{"nombre":"Jose","salario":"10000000","edad":"23"}"
16:55:10.751 [Test worker] DEBUG org.apache.http.wire -  << "HTTP/1.1 429 Too Many Requests[\r][\n]"
16:55:10.751 [Test worker] DEBUG org.apache.http.wire -  << "Date: Thu, 09 Mar 2023 21:55:04 GMT[\r][\n]"
16:55:10.751 [Test worker] DEBUG org.apache.http.wire -  << "Server: Apache[\r][\n]"
16:55:10.751 [Test worker] DEBUG org.apache.http.wire -  << "X-RateLimit-Limit: 60[\r][\n]"
16:55:10.751 [Test worker] DEBUG org.apache.http.wire -  << "X-RateLimit-Remaining: 56[\r][\n]"
16:55:10.751 [Test worker] DEBUG org.apache.http.wire -  << "retry-after: 47[\r][\n]"
16:55:10.751 [Test worker] DEBUG org.apache.http.wire -  << "x-ratelimit-reset: 1678398951[\r][\n]"
16:55:10.751 [Test worker] DEBUG org.apache.http.wire -  << "Cache-Control: no-cache, private[\r][\n]"
16:55:10.751 [Test worker] DEBUG org.apache.http.wire -  << "Upgrade: h2,h2c[\r][\n]"
16:55:10.751 [Test worker] DEBUG org.apache.http.wire -  << "Connection: Upgrade[\r][\n]"
16:55:10.751 [Test worker] DEBUG org.apache.http.wire -  << "Vary: Accept-Encoding[\r][\n]"
16:55:10.751 [Test worker] DEBUG org.apache.http.wire -  << "Content-Encoding: gzip[\r][\n]"
16:55:10.751 [Test worker] DEBUG org.apache.http.wire -  << "host-header: c2hhcmVkLmJsdWVob3N0LmNvbQ==[\r][\n]"
16:55:10.751 [Test worker] DEBUG org.apache.http.wire -  << "X-Endurance-Cache-Level: 2[\r][\n]"
16:55:10.751 [Test worker] DEBUG org.apache.http.wire -  << "X-nginx-cache: WordPress[\r][\n]"
16:55:10.751 [Test worker] DEBUG org.apache.http.wire -  << "Content-Length: 595[\r][\n]"
16:55:10.751 [Test worker] DEBUG org.apache.http.wire -  << "Content-Type: text/html; charset=UTF-8[\r][\n]"
16:55:10.751 [Test worker] DEBUG org.apache.http.wire -  << "[\r][\n]"
16:55:10.751 [Test worker] DEBUG org.apache.http.impl.conn.DefaultClientConnection - Receiving response: HTTP/1.1 429 Too Many Requests
16:55:10.751 [Test worker] DEBUG org.apache.http.headers - << HTTP/1.1 429 Too Many Requests
16:55:10.751 [Test worker] DEBUG org.apache.http.headers - << Date: Thu, 09 Mar 2023 21:55:04 GMT
16:55:10.751 [Test worker] DEBUG org.apache.http.headers - << Server: Apache
16:55:10.751 [Test worker] DEBUG org.apache.http.headers - << X-RateLimit-Limit: 60
16:55:10.751 [Test worker] DEBUG org.apache.http.headers - << X-RateLimit-Remaining: 56
16:55:10.751 [Test worker] DEBUG org.apache.http.headers - << retry-after: 47
16:55:10.751 [Test worker] DEBUG org.apache.http.headers - << x-ratelimit-reset: 1678398951
16:55:10.751 [Test worker] DEBUG org.apache.http.headers - << Cache-Control: no-cache, private
16:55:10.751 [Test worker] DEBUG org.apache.http.headers - << Upgrade: h2,h2c
16:55:10.751 [Test worker] DEBUG org.apache.http.headers - << Connection: Upgrade
16:55:10.751 [Test worker] DEBUG org.apache.http.headers - << Vary: Accept-Encoding
16:55:10.751 [Test worker] DEBUG org.apache.http.headers - << Content-Encoding: gzip
16:55:10.751 [Test worker] DEBUG org.apache.http.headers - << host-header: c2hhcmVkLmJsdWVob3N0LmNvbQ==
16:55:10.751 [Test worker] DEBUG org.apache.http.headers - << X-Endurance-Cache-Level: 2
16:55:10.751 [Test worker] DEBUG org.apache.http.headers - << X-nginx-cache: WordPress
16:55:10.751 [Test worker] DEBUG org.apache.http.headers - << Content-Length: 595
16:55:10.751 [Test worker] DEBUG org.apache.http.headers - << Content-Type: text/html; charset=UTF-8
16:55:10.751 [Test worker] DEBUG org.apache.http.impl.client.DefaultHttpClient - Connection can be kept alive indefinitely
16:55:10.766 [Test worker] DEBUG io.restassured.internal.RestAssuredHttpBuilder - Parsing response as: text/html; charset=UTF-8
16:55:10.766 [Test worker] DEBUG org.apache.http.wire -  << "[0x1f][0x8b][0x8][0x0][0x0][0x0][0x0][0x0][0x0][0x3][0x9d]RMs[0xd4]0[0xc][0xbd][0xef][0xaf][0x10][0xe6][0xd0]K[0xdd]t[0xb][0xec][0x94][0xb0][0x9][0x7]>n[0x5][0xa6][0xf4][0xc2][0xd1][0x1b]+[0x89][0xa9]c[0xa7][0x91][0xb2]m`[0xf8][0xef]8[0x9b][0xb6][0xfb][0x91][0xb4][0xc3][0xe0][0x8b][0xad]yOO[0xf2][0x93][0x96]/>~[0xfd]p[0xf5][0xe3][0xdb]'([0xb9][0xb2][0xe9]l[0xd9]_`[0x95]+[0x12][0x81]N[0xa4]3[0x8]gY[0xa2][0xd2][0xc3]s[0x13]V[0xc8][\n]"
16:55:10.767 [Test worker] DEBUG org.apache.http.wire -  << "[0xb2]R5[0x84][0x9c][0x88][0x96]sy.[0xe]a[0xa7]*L[0xc4][0xda][0xe0]m[0xed][0x1b][0x16][0x90]y[0xc7][0xe8][0x2][0xfd][0xd6]h.[0x13][0x8d]k[0x93][0xa1][0xdc][0x4][0xc7]`[0x9c]a[0xa3][0xac][0xa4]LYL[0xe6]Al[0xab][0xc6][0x86]-[0xa6]W[0xde][0xc3][0x85]r[0x1d]\[0xe2]M[0x8b][0xc4][0xb4][0x8c][0x6]`[0x87][0xf9]BJ[0xf8][0x1c][0xca][0x10]H[0xb9][0xd3][0x8e]5[0xee][0x1a][0x1a][0xb4][0x89][0xd0][0x8e]d[0xdd]`[0x8e][0x9c][0x95][0x2][0xca][0xf0]JD[0x14][0xe5]}[0xca]IA[0xac][0xd8]d'[0x99][0xaf][0xc4]a[0xf2][0xc0],[0x99]k[0x8a][0x1f][0xf9][0xde][0x17][0x16]Um[0xa8]O[0x89]2[0xa2][0xf7][0xb9][0xaa][0x8c][0xed][0x92]/m[0xf8][0x8d][0x17]CI[0xe2][0xce]"[0x95][0x88],[0xe][[0xfd][0xbe][0x81][0xf6]{[0xdd][0xd0][0xb7]q]]>&#x7f;<![CDATA[[0xfa][0x81][0x1c][0xc3][0xca][0xeb][0xe]~[0xef][0x1][0xfd]Y[0xa9][0xec][0xba]h|[0xeb][0xb4][0xcc][0xbc][0xf5]M[0xc]/[0xf3]<]]>&#x7f;<![CDATA[7[0xe2]=[0x80][0x8b]W[0x8b][0xd5]b[0x2][0xef][0xff]$[0x87][0xfe]c8[0x1a]~pt[0xc][0xa4][0x82]c[0x84][0x8d]y*[0xe5][0x16]MQr[0xc][0xf3][0xd3][0xd3]1[0xa3][0xdc][0x82][0xeb]r[0xc]W[0xaa])[0x8c][0x8b][0xe1] [0xf3][0xcf]l/<[0xc9][k[0xe5] 5a[0xc0]35FB[0x16][0xef]d[0x16]v[0x10][0x9b][0x9]!eM[0xe1][0xa4]a[0xac]([0x86][0x81]5nY[0x1b][0xaa][0xad][\n]"
16:55:10.767 [Test worker] DEBUG org.apache.http.wire -  << "[0x16][0xf5]Zc[0xf8]gKl[0xf2]N[0xde][0xef][0xfa][0xb4][0xce]a[[0xb5]'[0xc3][0xc6];[0x19][0x96]l[0xa2][0xaf][0x7]8[0xee][0xf7])l[0xe8][0x1a][0x9f][0x97][0xcb][0xbc][0xc6][0xa9]E[0xf1][0x8d][0xc6]F6[0x83][g[0xf5][0x1d][0x90][0xb7]F?1V2[0xbf]0[0xb0][0x16][0xf5][0xc4]'k[0xa5][0xb5]qE[0x98][0x1b][0xcc][0xdf][0x4][0x9d][0xe1][0x1a][0xf3][0x18][0xef]Xn\[0xfd]7[0x1f]*$R[0xc5]T[0xef];-[0xcd][0xcf][0xff][0xaf][0xd4][0xc3]k[0x19][0x11]w[0x16][0xd3][0xd9][0x10][0x94][0xa8][0xf4][0xfd]{[0xe5]u[0x97]ny[0xda][0xac]![0xb3][0x8a]([0x11][0xbb]{[0xb3]7[0xac][0x9d][0xcd][0x14][0xe9]^[0xc1][0xdd][0xf4]~ [0x7]p]]>&#x7f;<![CDATA[^[0x9f][0xbd][0xdd][0xcb][0x88]BJ:{R[0xe5][0xde][0x1d][0x1][0x9b][0xfe][0x13][0xf1]8[0x85][0xf9]ipdB[0xff][0xca]{[0xb8]P[0xae][0x83]K[0xbc]i[0x91][0x98]&[0xaa]M[0x84][0xcb]h0"x[0xc3][0x95]Mg]]>&#x7f;<![CDATA[[0x1]e[0x9e][0xd3][0xfd] [0x6][0x0][0x0]"
16:55:10.767 [Test worker] DEBUG io.restassured.internal.RestAssuredHttpBuilder - Parsed data to instance of: class org.apache.http.conn.EofSensorInputStream
16:55:10.769 [Test worker] DEBUG org.apache.http.impl.conn.BasicClientConnectionManager - Releasing connection org.apache.http.impl.conn.ManagedClientConnectionImpl@125f16b2
16:55:10.769 [Test worker] DEBUG org.apache.http.impl.conn.BasicClientConnectionManager - Connection can be kept alive indefinitely
16:55:10.772 [Test worker] DEBUG net.thucydides.core.steps.StepInterceptor - STEP DONE: {0} executes a PUT on the resource #resource
16:55:20.786 [Test worker] DEBUG net.thucydides.core.steps.StepInterceptor - STARTING STEP: Put.performAs - {0} executes a PUT on the resource #resource
16:55:20.817 [Test worker] DEBUG org.apache.http.impl.conn.BasicClientConnectionManager - Get connection for route {s}->https://dummy.restapiexample.com:443
16:55:20.817 [Test worker] DEBUG org.apache.http.impl.conn.DefaultClientConnectionOperator - Connecting to dummy.restapiexample.com:443
16:55:21.872 [Test worker] DEBUG org.apache.http.client.protocol.RequestAddCookies - CookieSpec selected: ignoreCookies
16:55:21.872 [Test worker] DEBUG org.apache.http.client.protocol.RequestAuthCache - Auth cache not set in the context
16:55:21.872 [Test worker] DEBUG org.apache.http.client.protocol.RequestTargetAuthentication - Target auth state: UNCHALLENGED
16:55:21.872 [Test worker] DEBUG org.apache.http.client.protocol.RequestProxyAuthentication - Proxy auth state: UNCHALLENGED
16:55:21.872 [Test worker] DEBUG org.apache.http.impl.client.DefaultHttpClient - Attempt 1 to execute request
16:55:21.872 [Test worker] DEBUG org.apache.http.impl.conn.DefaultClientConnection - Sending request: PUT /api/v1/update/21 HTTP/1.1
16:55:21.872 [Test worker] DEBUG org.apache.http.wire -  >> "PUT /api/v1/update/21 HTTP/1.1[\r][\n]"
16:55:21.872 [Test worker] DEBUG org.apache.http.wire -  >> "Accept: */*[\r][\n]"
16:55:21.872 [Test worker] DEBUG org.apache.http.wire -  >> "Content-Type: application/json[\r][\n]"
16:55:21.872 [Test worker] DEBUG org.apache.http.wire -  >> "Content-Length: 50[\r][\n]"
16:55:21.872 [Test worker] DEBUG org.apache.http.wire -  >> "Host: dummy.restapiexample.com[\r][\n]"
16:55:21.872 [Test worker] DEBUG org.apache.http.wire -  >> "Connection: Keep-Alive[\r][\n]"
16:55:21.872 [Test worker] DEBUG org.apache.http.wire -  >> "User-Agent: Apache-HttpClient/4.5.13 (Java/1.8.0_131)[\r][\n]"
16:55:21.872 [Test worker] DEBUG org.apache.http.wire -  >> "Accept-Encoding: gzip,deflate[\r][\n]"
16:55:21.872 [Test worker] DEBUG org.apache.http.wire -  >> "[\r][\n]"
16:55:21.872 [Test worker] DEBUG org.apache.http.headers - >> PUT /api/v1/update/21 HTTP/1.1
16:55:21.872 [Test worker] DEBUG org.apache.http.headers - >> Accept: */*
16:55:21.872 [Test worker] DEBUG org.apache.http.headers - >> Content-Type: application/json
16:55:21.872 [Test worker] DEBUG org.apache.http.headers - >> Content-Length: 50
16:55:21.872 [Test worker] DEBUG org.apache.http.headers - >> Host: dummy.restapiexample.com
16:55:21.872 [Test worker] DEBUG org.apache.http.headers - >> Connection: Keep-Alive
16:55:21.872 [Test worker] DEBUG org.apache.http.headers - >> User-Agent: Apache-HttpClient/4.5.13 (Java/1.8.0_131)
16:55:21.872 [Test worker] DEBUG org.apache.http.headers - >> Accept-Encoding: gzip,deflate
16:55:21.872 [Test worker] DEBUG org.apache.http.wire -  >> "{"nombre":"Jose","salario":"10000000","edad":"23"}"
16:55:22.136 [Test worker] DEBUG org.apache.http.wire -  << "HTTP/1.1 429 Too Many Requests[\r][\n]"
16:55:22.136 [Test worker] DEBUG org.apache.http.wire -  << "Date: Thu, 09 Mar 2023 21:55:15 GMT[\r][\n]"
16:55:22.136 [Test worker] DEBUG org.apache.http.wire -  << "Server: Apache[\r][\n]"
16:55:22.136 [Test worker] DEBUG org.apache.http.wire -  << "X-RateLimit-Limit: 60[\r][\n]"
16:55:22.136 [Test worker] DEBUG org.apache.http.wire -  << "X-RateLimit-Remaining: 55[\r][\n]"
16:55:22.136 [Test worker] DEBUG org.apache.http.wire -  << "retry-after: 36[\r][\n]"
16:55:22.136 [Test worker] DEBUG org.apache.http.wire -  << "x-ratelimit-reset: 1678398951[\r][\n]"
16:55:22.136 [Test worker] DEBUG org.apache.http.wire -  << "Cache-Control: no-cache, private[\r][\n]"
16:55:22.136 [Test worker] DEBUG org.apache.http.wire -  << "Upgrade: h2,h2c[\r][\n]"
16:55:22.136 [Test worker] DEBUG org.apache.http.wire -  << "Connection: Upgrade[\r][\n]"
16:55:22.136 [Test worker] DEBUG org.apache.http.wire -  << "Vary: Accept-Encoding[\r][\n]"
16:55:22.136 [Test worker] DEBUG org.apache.http.wire -  << "Content-Encoding: gzip[\r][\n]"
16:55:22.136 [Test worker] DEBUG org.apache.http.wire -  << "host-header: c2hhcmVkLmJsdWVob3N0LmNvbQ==[\r][\n]"
16:55:22.136 [Test worker] DEBUG org.apache.http.wire -  << "X-Endurance-Cache-Level: 2[\r][\n]"
16:55:22.136 [Test worker] DEBUG org.apache.http.wire -  << "X-nginx-cache: WordPress[\r][\n]"
16:55:22.136 [Test worker] DEBUG org.apache.http.wire -  << "Content-Length: 595[\r][\n]"
16:55:22.136 [Test worker] DEBUG org.apache.http.wire -  << "Content-Type: text/html; charset=UTF-8[\r][\n]"
16:55:22.136 [Test worker] DEBUG org.apache.http.wire -  << "[\r][\n]"
16:55:22.136 [Test worker] DEBUG org.apache.http.impl.conn.DefaultClientConnection - Receiving response: HTTP/1.1 429 Too Many Requests
16:55:22.136 [Test worker] DEBUG org.apache.http.headers - << HTTP/1.1 429 Too Many Requests
16:55:22.136 [Test worker] DEBUG org.apache.http.headers - << Date: Thu, 09 Mar 2023 21:55:15 GMT
16:55:22.136 [Test worker] DEBUG org.apache.http.headers - << Server: Apache
16:55:22.136 [Test worker] DEBUG org.apache.http.headers - << X-RateLimit-Limit: 60
16:55:22.136 [Test worker] DEBUG org.apache.http.headers - << X-RateLimit-Remaining: 55
16:55:22.136 [Test worker] DEBUG org.apache.http.headers - << retry-after: 36
16:55:22.136 [Test worker] DEBUG org.apache.http.headers - << x-ratelimit-reset: 1678398951
16:55:22.136 [Test worker] DEBUG org.apache.http.headers - << Cache-Control: no-cache, private
16:55:22.136 [Test worker] DEBUG org.apache.http.headers - << Upgrade: h2,h2c
16:55:22.136 [Test worker] DEBUG org.apache.http.headers - << Connection: Upgrade
16:55:22.136 [Test worker] DEBUG org.apache.http.headers - << Vary: Accept-Encoding
16:55:22.136 [Test worker] DEBUG org.apache.http.headers - << Content-Encoding: gzip
16:55:22.136 [Test worker] DEBUG org.apache.http.headers - << host-header: c2hhcmVkLmJsdWVob3N0LmNvbQ==
16:55:22.136 [Test worker] DEBUG org.apache.http.headers - << X-Endurance-Cache-Level: 2
16:55:22.136 [Test worker] DEBUG org.apache.http.headers - << X-nginx-cache: WordPress
16:55:22.136 [Test worker] DEBUG org.apache.http.headers - << Content-Length: 595
16:55:22.136 [Test worker] DEBUG org.apache.http.headers - << Content-Type: text/html; charset=UTF-8
16:55:22.136 [Test worker] DEBUG org.apache.http.impl.client.DefaultHttpClient - Connection can be kept alive indefinitely
16:55:22.136 [Test worker] DEBUG io.restassured.internal.RestAssuredHttpBuilder - Parsing response as: text/html; charset=UTF-8
16:55:22.136 [Test worker] DEBUG org.apache.http.wire -  << "[0x1f][0x8b][0x8][0x0][0x0][0x0][0x0][0x0][0x0][0x3][0x9d]RMs[0xd4]0[0xc][0xbd][0xef][0xaf][0x10][0xe6][0xd0]K[0xdd]t[0xb][0xec][0x94][0xb0][0x9][0x7]>n[0x5][0xa6][0xf4][0xc2][0xd1][0x1b]+[0x89][0xa9]c[0xa7][0x91][0xb2]m`[0xf8][0xef]8[0x9b][0xb6][0xfb][0x91][0xb4][0xc3][0xe0][0x8b][0xad]yOO[0xf2][0x93][0x96]/>~[0xfd]p[0xf5][0xe3][0xdb]'([0xb9][0xb2][0xe9]l[0xd9]_`[0x95]+[0x12][0x81]N[0xa4]3[0x8]gY[0xa2][0xd2][0xc3]s[0x13]V[0xc8][\n]"
16:55:22.136 [Test worker] DEBUG org.apache.http.wire -  << "[0xb2]R5[0x84][0x9c][0x88][0x96]sy.[0xe]a[0xa7]*L[0xc4][0xda][0xe0]m[0xed][0x1b][0x16][0x90]y[0xc7][0xe8][0x2][0xfd][0xd6]h.[0x13][0x8d]k[0x93][0xa1][0xdc][0x4][0xc7]`[0x9c]a[0xa3][0xac][0xa4]LYL[0xe6]Al[0xab][0xc6][0x86]-[0xa6]W[0xde][0xc3][0x85]r[0x1d]\[0xe2]M[0x8b][0xc4][0xb4][0x8c][0x6]`[0x87][0xf9]BJ[0xf8][0x1c][0xca][0x10]H[0xb9][0xd3][0x8e]5[0xee][0x1a][0x1a][0xb4][0x89][0xd0][0x8e]d[0xdd]`[0x8e][0x9c][0x95][0x2][0xca][0xf0]JD[0x14][0xe5]}[0xca]IA[0xac][0xd8]d'[0x99][0xaf][0xc4]a[0xf2][0xc0],[0x99]k[0x8a][0x1f][0xf9][0xde][0x17][0x16]Um[0xa8]O[0x89]2[0xa2][0xf7][0xb9][0xaa][0x8c][0xed][0x92]/m[0xf8][0x8d][0x17]CI[0xe2][0xce]"[0x95][0x88],[0xe][[0xfd][0xbe][0x81][0xf6]{[0xdd][0xd0][0xb7]q]]>&#x7f;<![CDATA[[0xfa][0x81][0x1c][0xc3][0xca][0xeb][0xe]~[0xef][0x1][0xfd]Y[0xa9][0xec][0xba]h|[0xeb][0xb4][0xcc][0xbc][0xf5]M[0xc]/[0xf3]<]]>&#x7f;<![CDATA[7[0xe2]=[0x80][0x8b]W[0x8b][0xd5]b[0x2][0xef][0xff]$[0x87][0xfe]c8[0x1a]~pt[0xc][0xa4][0x82]c[0x84][0x8d]y*[0xe5][0x16]MQr[0xc][0xf3][0xd3][0xd3]1[0xa3][0xdc][0x82][0xeb]r[0xc]W[0xaa])[0x8c][0x8b][0xe1] [0xf3][0xcf]l/<[0xc9][k[0xe5] 5a[0xc0]35FB[0x16][0xef]d[0x16]v[0x10][0x9b][0x9]!eM[0xe1][0xa4]a[0xac]([0x86][0x81]5nY[0x1b][0xaa][0xad][\n]"
16:55:22.136 [Test worker] DEBUG org.apache.http.wire -  << "[0x16][0xf5]Zc[0xf8]gKl[0xf2]N[0xde][0xef][0xfa][0xb4][0xce]a[[0xb5]'[0xc3][0xc6];[0x19][0x96]l[0xa2][0xaf][0x7]8[0xee][0xf7])l[0xe8][0x1a][0x9f][0x97][0xcb][0xbc][0xc6][0xa9]E[0xf1][0x8d][0xc6]F6[0x83][g[0xf5][0x1d][0x90][0xb7]F?1V2[0xbf]0[0xb0][0x16][0xf5][0xc4]'k[0xa5][0xb5]qE[0x98][0x1b][0xcc][0xdf][0x4][0x9d][0xe1][0x1a][0xf3][0x18][0xef]Xn\[0xfd]7[0x1f]*$R[0xc5]T[0xef];-[0xcd][0xcf][0xff][0xaf][0xd4][0xc3]k[0x19][0x11]w[0x16][0xd3][0xd9][0x10][0x94][0xa8][0xf4][0xfd]{[0xe5]u[0x97]ny[0xda][0xac]![0xb3][0x8a]([0x11][0xbb]{[0xb3]7[0xac][0x9d][0xcd][0x14][0xe9]^[0xc1][0xdd][0xf4]~ [0x7]p]]>&#x7f;<![CDATA[^[0x9f][0xbd][0xdd][0xcb][0x88]BJ:{R[0xe5][0xde][0x1d][0x1][0x9b][0xfe][0x13][0xf1]8[0x85][0xf9]ipdB[0xff][0xca]{[0xb8]P[0xae][0x83]K[0xbc]i[0x91][0x98]&[0xaa]M[0x84][0xcb]h0"x[0xc3][0x95]Mg]]>&#x7f;<![CDATA[[0x1]e[0x9e][0xd3][0xfd] [0x6][0x0][0x0]"
16:55:22.136 [Test worker] DEBUG io.restassured.internal.RestAssuredHttpBuilder - Parsed data to instance of: class org.apache.http.conn.EofSensorInputStream
16:55:22.136 [Test worker] DEBUG org.apache.http.impl.conn.BasicClientConnectionManager - Releasing connection org.apache.http.impl.conn.ManagedClientConnectionImpl@222acad
16:55:22.136 [Test worker] DEBUG org.apache.http.impl.conn.BasicClientConnectionManager - Connection can be kept alive indefinitely
16:55:22.136 [Test worker] DEBUG net.thucydides.core.steps.StepInterceptor - STEP DONE: {0} executes a PUT on the resource #resource
16:55:32.184 [Test worker] DEBUG net.thucydides.core.steps.StepInterceptor - STARTING STEP: Put.performAs - {0} executes a PUT on the resource #resource
16:55:32.200 [Test worker] DEBUG org.apache.http.impl.conn.BasicClientConnectionManager - Get connection for route {s}->https://dummy.restapiexample.com:443
16:55:32.254 [Test worker] DEBUG org.apache.http.impl.conn.DefaultClientConnectionOperator - Connecting to dummy.restapiexample.com:443
16:55:33.180 [Test worker] DEBUG org.apache.http.client.protocol.RequestAddCookies - CookieSpec selected: ignoreCookies
16:55:33.180 [Test worker] DEBUG org.apache.http.client.protocol.RequestAuthCache - Auth cache not set in the context
16:55:33.180 [Test worker] DEBUG org.apache.http.client.protocol.RequestTargetAuthentication - Target auth state: UNCHALLENGED
16:55:33.180 [Test worker] DEBUG org.apache.http.client.protocol.RequestProxyAuthentication - Proxy auth state: UNCHALLENGED
16:55:33.180 [Test worker] DEBUG org.apache.http.impl.client.DefaultHttpClient - Attempt 1 to execute request
16:55:33.180 [Test worker] DEBUG org.apache.http.impl.conn.DefaultClientConnection - Sending request: PUT /api/v1/update/21 HTTP/1.1
16:55:33.180 [Test worker] DEBUG org.apache.http.wire -  >> "PUT /api/v1/update/21 HTTP/1.1[\r][\n]"
16:55:33.180 [Test worker] DEBUG org.apache.http.wire -  >> "Accept: */*[\r][\n]"
16:55:33.180 [Test worker] DEBUG org.apache.http.wire -  >> "Content-Type: application/json[\r][\n]"
16:55:33.180 [Test worker] DEBUG org.apache.http.wire -  >> "Content-Length: 50[\r][\n]"
16:55:33.180 [Test worker] DEBUG org.apache.http.wire -  >> "Host: dummy.restapiexample.com[\r][\n]"
16:55:33.180 [Test worker] DEBUG org.apache.http.wire -  >> "Connection: Keep-Alive[\r][\n]"
16:55:33.180 [Test worker] DEBUG org.apache.http.wire -  >> "User-Agent: Apache-HttpClient/4.5.13 (Java/1.8.0_131)[\r][\n]"
16:55:33.180 [Test worker] DEBUG org.apache.http.wire -  >> "Accept-Encoding: gzip,deflate[\r][\n]"
16:55:33.180 [Test worker] DEBUG org.apache.http.wire -  >> "[\r][\n]"
16:55:33.180 [Test worker] DEBUG org.apache.http.headers - >> PUT /api/v1/update/21 HTTP/1.1
16:55:33.180 [Test worker] DEBUG org.apache.http.headers - >> Accept: */*
16:55:33.180 [Test worker] DEBUG org.apache.http.headers - >> Content-Type: application/json
16:55:33.180 [Test worker] DEBUG org.apache.http.headers - >> Content-Length: 50
16:55:33.180 [Test worker] DEBUG org.apache.http.headers - >> Host: dummy.restapiexample.com
16:55:33.180 [Test worker] DEBUG org.apache.http.headers - >> Connection: Keep-Alive
16:55:33.180 [Test worker] DEBUG org.apache.http.headers - >> User-Agent: Apache-HttpClient/4.5.13 (Java/1.8.0_131)
16:55:33.180 [Test worker] DEBUG org.apache.http.headers - >> Accept-Encoding: gzip,deflate
16:55:33.180 [Test worker] DEBUG org.apache.http.wire -  >> "{"nombre":"Jose","salario":"10000000","edad":"23"}"
16:55:33.390 [Test worker] DEBUG org.apache.http.wire -  << "HTTP/1.1 429 Too Many Requests[\r][\n]"
16:55:33.390 [Test worker] DEBUG org.apache.http.wire -  << "Date: Thu, 09 Mar 2023 21:55:26 GMT[\r][\n]"
16:55:33.390 [Test worker] DEBUG org.apache.http.wire -  << "Server: Apache[\r][\n]"
16:55:33.390 [Test worker] DEBUG org.apache.http.wire -  << "X-RateLimit-Limit: 60[\r][\n]"
16:55:33.390 [Test worker] DEBUG org.apache.http.wire -  << "X-RateLimit-Remaining: 54[\r][\n]"
16:55:33.390 [Test worker] DEBUG org.apache.http.wire -  << "retry-after: 25[\r][\n]"
16:55:33.390 [Test worker] DEBUG org.apache.http.wire -  << "x-ratelimit-reset: 1678398951[\r][\n]"
16:55:33.390 [Test worker] DEBUG org.apache.http.wire -  << "Cache-Control: no-cache, private[\r][\n]"
16:55:33.390 [Test worker] DEBUG org.apache.http.wire -  << "Upgrade: h2,h2c[\r][\n]"
16:55:33.390 [Test worker] DEBUG org.apache.http.wire -  << "Connection: Upgrade[\r][\n]"
16:55:33.390 [Test worker] DEBUG org.apache.http.wire -  << "Vary: Accept-Encoding[\r][\n]"
16:55:33.390 [Test worker] DEBUG org.apache.http.wire -  << "Content-Encoding: gzip[\r][\n]"
16:55:33.390 [Test worker] DEBUG org.apache.http.wire -  << "host-header: c2hhcmVkLmJsdWVob3N0LmNvbQ==[\r][\n]"
16:55:33.390 [Test worker] DEBUG org.apache.http.wire -  << "X-Endurance-Cache-Level: 2[\r][\n]"
16:55:33.390 [Test worker] DEBUG org.apache.http.wire -  << "X-nginx-cache: WordPress[\r][\n]"
16:55:33.390 [Test worker] DEBUG org.apache.http.wire -  << "Content-Length: 595[\r][\n]"
16:55:33.390 [Test worker] DEBUG org.apache.http.wire -  << "Content-Type: text/html; charset=UTF-8[\r][\n]"
16:55:33.390 [Test worker] DEBUG org.apache.http.wire -  << "[\r][\n]"
16:55:33.390 [Test worker] DEBUG org.apache.http.impl.conn.DefaultClientConnection - Receiving response: HTTP/1.1 429 Too Many Requests
16:55:33.390 [Test worker] DEBUG org.apache.http.headers - << HTTP/1.1 429 Too Many Requests
16:55:33.390 [Test worker] DEBUG org.apache.http.headers - << Date: Thu, 09 Mar 2023 21:55:26 GMT
16:55:33.390 [Test worker] DEBUG org.apache.http.headers - << Server: Apache
16:55:33.390 [Test worker] DEBUG org.apache.http.headers - << X-RateLimit-Limit: 60
16:55:33.390 [Test worker] DEBUG org.apache.http.headers - << X-RateLimit-Remaining: 54
16:55:33.390 [Test worker] DEBUG org.apache.http.headers - << retry-after: 25
16:55:33.390 [Test worker] DEBUG org.apache.http.headers - << x-ratelimit-reset: 1678398951
16:55:33.390 [Test worker] DEBUG org.apache.http.headers - << Cache-Control: no-cache, private
16:55:33.390 [Test worker] DEBUG org.apache.http.headers - << Upgrade: h2,h2c
16:55:33.390 [Test worker] DEBUG org.apache.http.headers - << Connection: Upgrade
16:55:33.390 [Test worker] DEBUG org.apache.http.headers - << Vary: Accept-Encoding
16:55:33.390 [Test worker] DEBUG org.apache.http.headers - << Content-Encoding: gzip
16:55:33.390 [Test worker] DEBUG org.apache.http.headers - << host-header: c2hhcmVkLmJsdWVob3N0LmNvbQ==
16:55:33.390 [Test worker] DEBUG org.apache.http.headers - << X-Endurance-Cache-Level: 2
16:55:33.390 [Test worker] DEBUG org.apache.http.headers - << X-nginx-cache: WordPress
16:55:33.390 [Test worker] DEBUG org.apache.http.headers - << Content-Length: 595
16:55:33.390 [Test worker] DEBUG org.apache.http.headers - << Content-Type: text/html; charset=UTF-8
16:55:33.390 [Test worker] DEBUG org.apache.http.impl.client.DefaultHttpClient - Connection can be kept alive indefinitely
16:55:33.390 [Test worker] DEBUG io.restassured.internal.RestAssuredHttpBuilder - Parsing response as: text/html; charset=UTF-8
16:55:33.390 [Test worker] DEBUG org.apache.http.wire -  << "[0x1f][0x8b][0x8][0x0][0x0][0x0][0x0][0x0][0x0][0x3][0x9d]RMs[0xd4]0[0xc][0xbd][0xef][0xaf][0x10][0xe6][0xd0]K[0xdd]t[0xb][0xec][0x94][0xb0][0x9][0x7]>n[0x5][0xa6][0xf4][0xc2][0xd1][0x1b]+[0x89][0xa9]c[0xa7][0x91][0xb2]m`[0xf8][0xef]8[0x9b][0xb6][0xfb][0x91][0xb4][0xc3][0xe0][0x8b][0xad]yOO[0xf2][0x93][0x96]/>~[0xfd]p[0xf5][0xe3][0xdb]'([0xb9][0xb2][0xe9]l[0xd9]_`[0x95]+[0x12][0x81]N[0xa4]3[0x8]gY[0xa2][0xd2][0xc3]s[0x13]V[0xc8][\n]"
16:55:33.390 [Test worker] DEBUG org.apache.http.wire -  << "[0xb2]R5[0x84][0x9c][0x88][0x96]sy.[0xe]a[0xa7]*L[0xc4][0xda][0xe0]m[0xed][0x1b][0x16][0x90]y[0xc7][0xe8][0x2][0xfd][0xd6]h.[0x13][0x8d]k[0x93][0xa1][0xdc][0x4][0xc7]`[0x9c]a[0xa3][0xac][0xa4]LYL[0xe6]Al[0xab][0xc6][0x86]-[0xa6]W[0xde][0xc3][0x85]r[0x1d]\[0xe2]M[0x8b][0xc4][0xb4][0x8c][0x6]`[0x87][0xf9]BJ[0xf8][0x1c][0xca][0x10]H[0xb9][0xd3][0x8e]5[0xee][0x1a][0x1a][0xb4][0x89][0xd0][0x8e]d[0xdd]`[0x8e][0x9c][0x95][0x2][0xca][0xf0]JD[0x14][0xe5]}[0xca]IA[0xac][0xd8]d'[0x99][0xaf][0xc4]a[0xf2][0xc0],[0x99]k[0x8a][0x1f][0xf9][0xde][0x17][0x16]Um[0xa8]O[0x89]2[0xa2][0xf7][0xb9][0xaa][0x8c][0xed][0x92]/m[0xf8][0x8d][0x17]CI[0xe2][0xce]"[0x95][0x88],[0xe][[0xfd][0xbe][0x81][0xf6]{[0xdd][0xd0][0xb7]q]]>&#x7f;<![CDATA[[0xfa][0x81][0x1c][0xc3][0xca][0xeb][0xe]~[0xef][0x1][0xfd]Y[0xa9][0xec][0xba]h|[0xeb][0xb4][0xcc][0xbc][0xf5]M[0xc]/[0xf3]<]]>&#x7f;<![CDATA[7[0xe2]=[0x80][0x8b]W[0x8b][0xd5]b[0x2][0xef][0xff]$[0x87][0xfe]c8[0x1a]~pt[0xc][0xa4][0x82]c[0x84][0x8d]y*[0xe5][0x16]MQr[0xc][0xf3][0xd3][0xd3]1[0xa3][0xdc][0x82][0xeb]r[0xc]W[0xaa])[0x8c][0x8b][0xe1] [0xf3][0xcf]l/<[0xc9][k[0xe5] 5a[0xc0]35FB[0x16][0xef]d[0x16]v[0x10][0x9b][0x9]!eM[0xe1][0xa4]a[0xac]([0x86][0x81]5nY[0x1b][0xaa][0xad][\n]"
16:55:33.390 [Test worker] DEBUG org.apache.http.wire -  << "[0x16][0xf5]Zc[0xf8]gKl[0xf2]N[0xde][0xef][0xfa][0xb4][0xce]a[[0xb5]'[0xc3][0xc6];[0x19][0x96]l[0xa2][0xaf][0x7]8[0xee][0xf7])l[0xe8][0x1a][0x9f][0x97][0xcb][0xbc][0xc6][0xa9]E[0xf1][0x8d][0xc6]F6[0x83][g[0xf5][0x1d][0x90][0xb7]F?1V2[0xbf]0[0xb0][0x16][0xf5][0xc4]'k[0xa5][0xb5]qE[0x98][0x1b][0xcc][0xdf][0x4][0x9d][0xe1][0x1a][0xf3][0x18][0xef]Xn\[0xfd]7[0x1f]*$R[0xc5]T[0xef];-[0xcd][0xcf][0xff][0xaf][0xd4][0xc3]k[0x19][0x11]w[0x16][0xd3][0xd9][0x10][0x94][0xa8][0xf4][0xfd]{[0xe5]u[0x97]ny[0xda][0xac]![0xb3][0x8a]([0x11][0xbb]{[0xb3]7[0xac][0x9d][0xcd][0x14][0xe9]^[0xc1][0xdd][0xf4]~ [0x7]p]]>&#x7f;<![CDATA[^[0x9f][0xbd][0xdd][0xcb][0x88]BJ:{R[0xe5][0xde][0x1d][0x1][0x9b][0xfe][0x13][0xf1]8[0x85][0xf9]ipdB[0xff][0xca]{[0xb8]P[0xae][0x83]K[0xbc]i[0x91][0x98]&[0xaa]M[0x84][0xcb]h0"x[0xc3][0x95]Mg]]>&#x7f;<![CDATA[[0x1]e[0x9e][0xd3][0xfd] [0x6][0x0][0x0]"
16:55:33.390 [Test worker] DEBUG io.restassured.internal.RestAssuredHttpBuilder - Parsed data to instance of: class org.apache.http.conn.EofSensorInputStream
16:55:33.390 [Test worker] DEBUG org.apache.http.impl.conn.BasicClientConnectionManager - Releasing connection org.apache.http.impl.conn.ManagedClientConnectionImpl@787178b1
16:55:33.390 [Test worker] DEBUG org.apache.http.impl.conn.BasicClientConnectionManager - Connection can be kept alive indefinitely
16:55:33.390 [Test worker] DEBUG net.thucydides.core.steps.StepInterceptor - STEP DONE: {0} executes a PUT on the resource #resource
16:55:43.415 [Test worker] DEBUG net.thucydides.core.steps.StepInterceptor - STARTING STEP: Put.performAs - {0} executes a PUT on the resource #resource
16:55:43.436 [Test worker] DEBUG org.apache.http.impl.conn.BasicClientConnectionManager - Get connection for route {s}->https://dummy.restapiexample.com:443
16:55:43.436 [Test worker] DEBUG org.apache.http.impl.conn.DefaultClientConnectionOperator - Connecting to dummy.restapiexample.com:443
16:55:44.337 [Test worker] DEBUG org.apache.http.client.protocol.RequestAddCookies - CookieSpec selected: ignoreCookies
16:55:44.337 [Test worker] DEBUG org.apache.http.client.protocol.RequestAuthCache - Auth cache not set in the context
16:55:44.337 [Test worker] DEBUG org.apache.http.client.protocol.RequestTargetAuthentication - Target auth state: UNCHALLENGED
16:55:44.337 [Test worker] DEBUG org.apache.http.client.protocol.RequestProxyAuthentication - Proxy auth state: UNCHALLENGED
16:55:44.337 [Test worker] DEBUG org.apache.http.impl.client.DefaultHttpClient - Attempt 1 to execute request
16:55:44.337 [Test worker] DEBUG org.apache.http.impl.conn.DefaultClientConnection - Sending request: PUT /api/v1/update/21 HTTP/1.1
16:55:44.337 [Test worker] DEBUG org.apache.http.wire -  >> "PUT /api/v1/update/21 HTTP/1.1[\r][\n]"
16:55:44.337 [Test worker] DEBUG org.apache.http.wire -  >> "Accept: */*[\r][\n]"
16:55:44.337 [Test worker] DEBUG org.apache.http.wire -  >> "Content-Type: application/json[\r][\n]"
16:55:44.337 [Test worker] DEBUG org.apache.http.wire -  >> "Content-Length: 50[\r][\n]"
16:55:44.337 [Test worker] DEBUG org.apache.http.wire -  >> "Host: dummy.restapiexample.com[\r][\n]"
16:55:44.337 [Test worker] DEBUG org.apache.http.wire -  >> "Connection: Keep-Alive[\r][\n]"
16:55:44.337 [Test worker] DEBUG org.apache.http.wire -  >> "User-Agent: Apache-HttpClient/4.5.13 (Java/1.8.0_131)[\r][\n]"
16:55:44.337 [Test worker] DEBUG org.apache.http.wire -  >> "Accept-Encoding: gzip,deflate[\r][\n]"
16:55:44.337 [Test worker] DEBUG org.apache.http.wire -  >> "[\r][\n]"
16:55:44.337 [Test worker] DEBUG org.apache.http.headers - >> PUT /api/v1/update/21 HTTP/1.1
16:55:44.337 [Test worker] DEBUG org.apache.http.headers - >> Accept: */*
16:55:44.337 [Test worker] DEBUG org.apache.http.headers - >> Content-Type: application/json
16:55:44.337 [Test worker] DEBUG org.apache.http.headers - >> Content-Length: 50
16:55:44.337 [Test worker] DEBUG org.apache.http.headers - >> Host: dummy.restapiexample.com
16:55:44.337 [Test worker] DEBUG org.apache.http.headers - >> Connection: Keep-Alive
16:55:44.337 [Test worker] DEBUG org.apache.http.headers - >> User-Agent: Apache-HttpClient/4.5.13 (Java/1.8.0_131)
16:55:44.337 [Test worker] DEBUG org.apache.http.headers - >> Accept-Encoding: gzip,deflate
16:55:44.337 [Test worker] DEBUG org.apache.http.wire -  >> "{"nombre":"Jose","salario":"10000000","edad":"23"}"
16:55:44.554 [Test worker] DEBUG org.apache.http.wire -  << "HTTP/1.1 429 Too Many Requests[\r][\n]"
16:55:44.554 [Test worker] DEBUG org.apache.http.wire -  << "Date: Thu, 09 Mar 2023 21:55:38 GMT[\r][\n]"
16:55:44.554 [Test worker] DEBUG org.apache.http.wire -  << "Server: Apache[\r][\n]"
16:55:44.554 [Test worker] DEBUG org.apache.http.wire -  << "X-RateLimit-Limit: 60[\r][\n]"
16:55:44.554 [Test worker] DEBUG org.apache.http.wire -  << "X-RateLimit-Remaining: 53[\r][\n]"
16:55:44.554 [Test worker] DEBUG org.apache.http.wire -  << "retry-after: 13[\r][\n]"
16:55:44.554 [Test worker] DEBUG org.apache.http.wire -  << "x-ratelimit-reset: 1678398951[\r][\n]"
16:55:44.554 [Test worker] DEBUG org.apache.http.wire -  << "Cache-Control: no-cache, private[\r][\n]"
16:55:44.554 [Test worker] DEBUG org.apache.http.wire -  << "Upgrade: h2,h2c[\r][\n]"
16:55:44.554 [Test worker] DEBUG org.apache.http.wire -  << "Connection: Upgrade[\r][\n]"
16:55:44.554 [Test worker] DEBUG org.apache.http.wire -  << "Vary: Accept-Encoding[\r][\n]"
16:55:44.554 [Test worker] DEBUG org.apache.http.wire -  << "Content-Encoding: gzip[\r][\n]"
16:55:44.554 [Test worker] DEBUG org.apache.http.wire -  << "host-header: c2hhcmVkLmJsdWVob3N0LmNvbQ==[\r][\n]"
16:55:44.554 [Test worker] DEBUG org.apache.http.wire -  << "X-Endurance-Cache-Level: 2[\r][\n]"
16:55:44.554 [Test worker] DEBUG org.apache.http.wire -  << "X-nginx-cache: WordPress[\r][\n]"
16:55:44.554 [Test worker] DEBUG org.apache.http.wire -  << "Content-Length: 595[\r][\n]"
16:55:44.554 [Test worker] DEBUG org.apache.http.wire -  << "Content-Type: text/html; charset=UTF-8[\r][\n]"
16:55:44.554 [Test worker] DEBUG org.apache.http.wire -  << "[\r][\n]"
16:55:44.554 [Test worker] DEBUG org.apache.http.impl.conn.DefaultClientConnection - Receiving response: HTTP/1.1 429 Too Many Requests
16:55:44.554 [Test worker] DEBUG org.apache.http.headers - << HTTP/1.1 429 Too Many Requests
16:55:44.554 [Test worker] DEBUG org.apache.http.headers - << Date: Thu, 09 Mar 2023 21:55:38 GMT
16:55:44.554 [Test worker] DEBUG org.apache.http.headers - << Server: Apache
16:55:44.554 [Test worker] DEBUG org.apache.http.headers - << X-RateLimit-Limit: 60
16:55:44.554 [Test worker] DEBUG org.apache.http.headers - << X-RateLimit-Remaining: 53
16:55:44.554 [Test worker] DEBUG org.apache.http.headers - << retry-after: 13
16:55:44.554 [Test worker] DEBUG org.apache.http.headers - << x-ratelimit-reset: 1678398951
16:55:44.554 [Test worker] DEBUG org.apache.http.headers - << Cache-Control: no-cache, private
16:55:44.554 [Test worker] DEBUG org.apache.http.headers - << Upgrade: h2,h2c
16:55:44.554 [Test worker] DEBUG org.apache.http.headers - << Connection: Upgrade
16:55:44.554 [Test worker] DEBUG org.apache.http.headers - << Vary: Accept-Encoding
16:55:44.554 [Test worker] DEBUG org.apache.http.headers - << Content-Encoding: gzip
16:55:44.554 [Test worker] DEBUG org.apache.http.headers - << host-header: c2hhcmVkLmJsdWVob3N0LmNvbQ==
16:55:44.554 [Test worker] DEBUG org.apache.http.headers - << X-Endurance-Cache-Level: 2
16:55:44.554 [Test worker] DEBUG org.apache.http.headers - << X-nginx-cache: WordPress
16:55:44.554 [Test worker] DEBUG org.apache.http.headers - << Content-Length: 595
16:55:44.554 [Test worker] DEBUG org.apache.http.headers - << Content-Type: text/html; charset=UTF-8
16:55:44.554 [Test worker] DEBUG org.apache.http.impl.client.DefaultHttpClient - Connection can be kept alive indefinitely
16:55:44.554 [Test worker] DEBUG io.restassured.internal.RestAssuredHttpBuilder - Parsing response as: text/html; charset=UTF-8
16:55:44.554 [Test worker] DEBUG org.apache.http.wire -  << "[0x1f][0x8b][0x8][0x0][0x0][0x0][0x0][0x0][0x0][0x3][0x9d]RMs[0xd4]0[0xc][0xbd][0xef][0xaf][0x10][0xe6][0xd0]K[0xdd]t[0xb][0xec][0x94][0xb0][0x9][0x7]>n[0x5][0xa6][0xf4][0xc2][0xd1][0x1b]+[0x89][0xa9]c[0xa7][0x91][0xb2]m`[0xf8][0xef]8[0x9b][0xb6][0xfb][0x91][0xb4][0xc3][0xe0][0x8b][0xad]yOO[0xf2][0x93][0x96]/>~[0xfd]p[0xf5][0xe3][0xdb]'([0xb9][0xb2][0xe9]l[0xd9]_`[0x95]+[0x12][0x81]N[0xa4]3[0x8]gY[0xa2][0xd2][0xc3]s[0x13]V[0xc8][\n]"
16:55:44.554 [Test worker] DEBUG org.apache.http.wire -  << "[0xb2]R5[0x84][0x9c][0x88][0x96]sy.[0xe]a[0xa7]*L[0xc4][0xda][0xe0]m[0xed][0x1b][0x16][0x90]y[0xc7][0xe8][0x2][0xfd][0xd6]h.[0x13][0x8d]k[0x93][0xa1][0xdc][0x4][0xc7]`[0x9c]a[0xa3][0xac][0xa4]LYL[0xe6]Al[0xab][0xc6][0x86]-[0xa6]W[0xde][0xc3][0x85]r[0x1d]\[0xe2]M[0x8b][0xc4][0xb4][0x8c][0x6]`[0x87][0xf9]BJ[0xf8][0x1c][0xca][0x10]H[0xb9][0xd3][0x8e]5[0xee][0x1a][0x1a][0xb4][0x89][0xd0][0x8e]d[0xdd]`[0x8e][0x9c][0x95][0x2][0xca][0xf0]JD[0x14][0xe5]}[0xca]IA[0xac][0xd8]d'[0x99][0xaf][0xc4]a[0xf2][0xc0],[0x99]k[0x8a][0x1f][0xf9][0xde][0x17][0x16]Um[0xa8]O[0x89]2[0xa2][0xf7][0xb9][0xaa][0x8c][0xed][0x92]/m[0xf8][0x8d][0x17]CI[0xe2][0xce]"[0x95][0x88],[0xe][[0xfd][0xbe][0x81][0xf6]{[0xdd][0xd0][0xb7]q]]>&#x7f;<![CDATA[[0xfa][0x81][0x1c][0xc3][0xca][0xeb][0xe]~[0xef][0x1][0xfd]Y[0xa9][0xec][0xba]h|[0xeb][0xb4][0xcc][0xbc][0xf5]M[0xc]/[0xf3]<]]>&#x7f;<![CDATA[7[0xe2]=[0x80][0x8b]W[0x8b][0xd5]b[0x2][0xef][0xff]$[0x87][0xfe]c8[0x1a]~pt[0xc][0xa4][0x82]c[0x84][0x8d]y*[0xe5][0x16]MQr[0xc][0xf3][0xd3][0xd3]1[0xa3][0xdc][0x82][0xeb]r[0xc]W[0xaa])[0x8c][0x8b][0xe1] [0xf3][0xcf]l/<[0xc9][k[0xe5] 5a[0xc0]35FB[0x16][0xef]d[0x16]v[0x10][0x9b][0x9]!eM[0xe1][0xa4]a[0xac]([0x86][0x81]5nY[0x1b][0xaa][0xad][\n]"
16:55:44.554 [Test worker] DEBUG org.apache.http.wire -  << "[0x16][0xf5]Zc[0xf8]gKl[0xf2]N[0xde][0xef][0xfa][0xb4][0xce]a[[0xb5]'[0xc3][0xc6];[0x19][0x96]l[0xa2][0xaf][0x7]8[0xee][0xf7])l[0xe8][0x1a][0x9f][0x97][0xcb][0xbc][0xc6][0xa9]E[0xf1][0x8d][0xc6]F6[0x83][g[0xf5][0x1d][0x90][0xb7]F?1V2[0xbf]0[0xb0][0x16][0xf5][0xc4]'k[0xa5][0xb5]qE[0x98][0x1b][0xcc][0xdf][0x4][0x9d][0xe1][0x1a][0xf3][0x18][0xef]Xn\[0xfd]7[0x1f]*$R[0xc5]T[0xef];-[0xcd][0xcf][0xff][0xaf][0xd4][0xc3]k[0x19][0x11]w[0x16][0xd3][0xd9][0x10][0x94][0xa8][0xf4][0xfd]{[0xe5]u[0x97]ny[0xda][0xac]![0xb3][0x8a]([0x11][0xbb]{[0xb3]7[0xac][0x9d][0xcd][0x14][0xe9]^[0xc1][0xdd][0xf4]~ [0x7]p]]>&#x7f;<![CDATA[^[0x9f][0xbd][0xdd][0xcb][0x88]BJ:{R[0xe5][0xde][0x1d][0x1][0x9b][0xfe][0x13][0xf1]8[0x85][0xf9]ipdB[0xff][0xca]{[0xb8]P[0xae][0x83]K[0xbc]i[0x91][0x98]&[0xaa]M[0x84][0xcb]h0"x[0xc3][0x95]Mg]]>&#x7f;<![CDATA[[0x1]e[0x9e][0xd3][0xfd] [0x6][0x0][0x0]"
16:55:44.554 [Test worker] DEBUG io.restassured.internal.RestAssuredHttpBuilder - Parsed data to instance of: class org.apache.http.conn.EofSensorInputStream
16:55:44.554 [Test worker] DEBUG org.apache.http.impl.conn.BasicClientConnectionManager - Releasing connection org.apache.http.impl.conn.ManagedClientConnectionImpl@120df990
16:55:44.554 [Test worker] DEBUG org.apache.http.impl.conn.BasicClientConnectionManager - Connection can be kept alive indefinitely
16:55:44.554 [Test worker] DEBUG net.thucydides.core.steps.StepInterceptor - STEP DONE: {0} executes a PUT on the resource #resource
16:55:54.590 [Test worker] DEBUG net.thucydides.core.steps.StepInterceptor - STARTING STEP: Put.performAs - {0} executes a PUT on the resource #resource
16:55:54.600 [Test worker] DEBUG org.apache.http.impl.conn.BasicClientConnectionManager - Get connection for route {s}->https://dummy.restapiexample.com:443
16:55:54.600 [Test worker] DEBUG org.apache.http.impl.conn.DefaultClientConnectionOperator - Connecting to dummy.restapiexample.com:443
16:55:55.601 [Test worker] DEBUG org.apache.http.client.protocol.RequestAddCookies - CookieSpec selected: ignoreCookies
16:55:55.601 [Test worker] DEBUG org.apache.http.client.protocol.RequestAuthCache - Auth cache not set in the context
16:55:55.601 [Test worker] DEBUG org.apache.http.client.protocol.RequestTargetAuthentication - Target auth state: UNCHALLENGED
16:55:55.601 [Test worker] DEBUG org.apache.http.client.protocol.RequestProxyAuthentication - Proxy auth state: UNCHALLENGED
16:55:55.601 [Test worker] DEBUG org.apache.http.impl.client.DefaultHttpClient - Attempt 1 to execute request
16:55:55.601 [Test worker] DEBUG org.apache.http.impl.conn.DefaultClientConnection - Sending request: PUT /api/v1/update/21 HTTP/1.1
16:55:55.601 [Test worker] DEBUG org.apache.http.wire -  >> "PUT /api/v1/update/21 HTTP/1.1[\r][\n]"
16:55:55.601 [Test worker] DEBUG org.apache.http.wire -  >> "Accept: */*[\r][\n]"
16:55:55.601 [Test worker] DEBUG org.apache.http.wire -  >> "Content-Type: application/json[\r][\n]"
16:55:55.601 [Test worker] DEBUG org.apache.http.wire -  >> "Content-Length: 50[\r][\n]"
16:55:55.601 [Test worker] DEBUG org.apache.http.wire -  >> "Host: dummy.restapiexample.com[\r][\n]"
16:55:55.617 [Test worker] DEBUG org.apache.http.wire -  >> "Connection: Keep-Alive[\r][\n]"
16:55:55.617 [Test worker] DEBUG org.apache.http.wire -  >> "User-Agent: Apache-HttpClient/4.5.13 (Java/1.8.0_131)[\r][\n]"
16:55:55.617 [Test worker] DEBUG org.apache.http.wire -  >> "Accept-Encoding: gzip,deflate[\r][\n]"
16:55:55.617 [Test worker] DEBUG org.apache.http.wire -  >> "[\r][\n]"
16:55:55.617 [Test worker] DEBUG org.apache.http.headers - >> PUT /api/v1/update/21 HTTP/1.1
16:55:55.617 [Test worker] DEBUG org.apache.http.headers - >> Accept: */*
16:55:55.617 [Test worker] DEBUG org.apache.http.headers - >> Content-Type: application/json
16:55:55.617 [Test worker] DEBUG org.apache.http.headers - >> Content-Length: 50
16:55:55.617 [Test worker] DEBUG org.apache.http.headers - >> Host: dummy.restapiexample.com
16:55:55.617 [Test worker] DEBUG org.apache.http.headers - >> Connection: Keep-Alive
16:55:55.617 [Test worker] DEBUG org.apache.http.headers - >> User-Agent: Apache-HttpClient/4.5.13 (Java/1.8.0_131)
16:55:55.617 [Test worker] DEBUG org.apache.http.headers - >> Accept-Encoding: gzip,deflate
16:55:55.617 [Test worker] DEBUG org.apache.http.wire -  >> "{"nombre":"Jose","salario":"10000000","edad":"23"}"
16:55:56.122 [Test worker] DEBUG org.apache.http.wire -  << "HTTP/1.1 429 Too Many Requests[\r][\n]"
16:55:56.122 [Test worker] DEBUG org.apache.http.wire -  << "Date: Thu, 09 Mar 2023 21:55:49 GMT[\r][\n]"
16:55:56.122 [Test worker] DEBUG org.apache.http.wire -  << "Server: Apache[\r][\n]"
16:55:56.122 [Test worker] DEBUG org.apache.http.wire -  << "X-RateLimit-Limit: 60[\r][\n]"
16:55:56.122 [Test worker] DEBUG org.apache.http.wire -  << "X-RateLimit-Remaining: 52[\r][\n]"
16:55:56.122 [Test worker] DEBUG org.apache.http.wire -  << "retry-after: 2[\r][\n]"
16:55:56.122 [Test worker] DEBUG org.apache.http.wire -  << "x-ratelimit-reset: 1678398951[\r][\n]"
16:55:56.122 [Test worker] DEBUG org.apache.http.wire -  << "Cache-Control: no-cache, private[\r][\n]"
16:55:56.122 [Test worker] DEBUG org.apache.http.wire -  << "Upgrade: h2,h2c[\r][\n]"
16:55:56.122 [Test worker] DEBUG org.apache.http.wire -  << "Connection: Upgrade[\r][\n]"
16:55:56.122 [Test worker] DEBUG org.apache.http.wire -  << "Vary: Accept-Encoding[\r][\n]"
16:55:56.122 [Test worker] DEBUG org.apache.http.wire -  << "Content-Encoding: gzip[\r][\n]"
16:55:56.122 [Test worker] DEBUG org.apache.http.wire -  << "host-header: c2hhcmVkLmJsdWVob3N0LmNvbQ==[\r][\n]"
16:55:56.122 [Test worker] DEBUG org.apache.http.wire -  << "X-Endurance-Cache-Level: 2[\r][\n]"
16:55:56.122 [Test worker] DEBUG org.apache.http.wire -  << "X-nginx-cache: WordPress[\r][\n]"
16:55:56.122 [Test worker] DEBUG org.apache.http.wire -  << "Content-Length: 595[\r][\n]"
16:55:56.122 [Test worker] DEBUG org.apache.http.wire -  << "Content-Type: text/html; charset=UTF-8[\r][\n]"
16:55:56.122 [Test worker] DEBUG org.apache.http.wire -  << "[\r][\n]"
16:55:56.122 [Test worker] DEBUG org.apache.http.impl.conn.DefaultClientConnection - Receiving response: HTTP/1.1 429 Too Many Requests
16:55:56.122 [Test worker] DEBUG org.apache.http.headers - << HTTP/1.1 429 Too Many Requests
16:55:56.122 [Test worker] DEBUG org.apache.http.headers - << Date: Thu, 09 Mar 2023 21:55:49 GMT
16:55:56.122 [Test worker] DEBUG org.apache.http.headers - << Server: Apache
16:55:56.122 [Test worker] DEBUG org.apache.http.headers - << X-RateLimit-Limit: 60
16:55:56.122 [Test worker] DEBUG org.apache.http.headers - << X-RateLimit-Remaining: 52
16:55:56.122 [Test worker] DEBUG org.apache.http.headers - << retry-after: 2
16:55:56.122 [Test worker] DEBUG org.apache.http.headers - << x-ratelimit-reset: 1678398951
16:55:56.122 [Test worker] DEBUG org.apache.http.headers - << Cache-Control: no-cache, private
16:55:56.122 [Test worker] DEBUG org.apache.http.headers - << Upgrade: h2,h2c
16:55:56.122 [Test worker] DEBUG org.apache.http.headers - << Connection: Upgrade
16:55:56.122 [Test worker] DEBUG org.apache.http.headers - << Vary: Accept-Encoding
16:55:56.122 [Test worker] DEBUG org.apache.http.headers - << Content-Encoding: gzip
16:55:56.122 [Test worker] DEBUG org.apache.http.headers - << host-header: c2hhcmVkLmJsdWVob3N0LmNvbQ==
16:55:56.122 [Test worker] DEBUG org.apache.http.headers - << X-Endurance-Cache-Level: 2
16:55:56.122 [Test worker] DEBUG org.apache.http.headers - << X-nginx-cache: WordPress
16:55:56.122 [Test worker] DEBUG org.apache.http.headers - << Content-Length: 595
16:55:56.122 [Test worker] DEBUG org.apache.http.headers - << Content-Type: text/html; charset=UTF-8
16:55:56.122 [Test worker] DEBUG org.apache.http.impl.client.DefaultHttpClient - Connection can be kept alive indefinitely
16:55:56.122 [Test worker] DEBUG io.restassured.internal.RestAssuredHttpBuilder - Parsing response as: text/html; charset=UTF-8
16:55:56.122 [Test worker] DEBUG org.apache.http.wire -  << "[0x1f][0x8b][0x8][0x0][0x0][0x0][0x0][0x0][0x0][0x3][0x9d]RMs[0xd4]0[0xc][0xbd][0xef][0xaf][0x10][0xe6][0xd0]K[0xdd]t[0xb][0xec][0x94][0xb0][0x9][0x7]>n[0x5][0xa6][0xf4][0xc2][0xd1][0x1b]+[0x89][0xa9]c[0xa7][0x91][0xb2]m`[0xf8][0xef]8[0x9b][0xb6][0xfb][0x91][0xb4][0xc3][0xe0][0x8b][0xad]yOO[0xf2][0x93][0x96]/>~[0xfd]p[0xf5][0xe3][0xdb]'([0xb9][0xb2][0xe9]l[0xd9]_`[0x95]+[0x12][0x81]N[0xa4]3[0x8]gY[0xa2][0xd2][0xc3]s[0x13]V[0xc8][\n]"
16:55:56.122 [Test worker] DEBUG org.apache.http.wire -  << "[0xb2]R5[0x84][0x9c][0x88][0x96]sy.[0xe]a[0xa7]*L[0xc4][0xda][0xe0]m[0xed][0x1b][0x16][0x90]y[0xc7][0xe8][0x2][0xfd][0xd6]h.[0x13][0x8d]k[0x93][0xa1][0xdc][0x4][0xc7]`[0x9c]a[0xa3][0xac][0xa4]LYL[0xe6]Al[0xab][0xc6][0x86]-[0xa6]W[0xde][0xc3][0x85]r[0x1d]\[0xe2]M[0x8b][0xc4][0xb4][0x8c][0x6]`[0x87][0xf9]BJ[0xf8][0x1c][0xca][0x10]H[0xb9][0xd3][0x8e]5[0xee][0x1a][0x1a][0xb4][0x89][0xd0][0x8e]d[0xdd]`[0x8e][0x9c][0x95][0x2][0xca][0xf0]JD[0x14][0xe5]}[0xca]IA[0xac][0xd8]d'[0x99][0xaf][0xc4]a[0xf2][0xc0],[0x99]k[0x8a][0x1f][0xf9][0xde][0x17][0x16]Um[0xa8]O[0x89]2[0xa2][0xf7][0xb9][0xaa][0x8c][0xed][0x92]/m[0xf8][0x8d][0x17]CI[0xe2][0xce]"[0x95][0x88],[0xe][[0xfd][0xbe][0x81][0xf6]{[0xdd][0xd0][0xb7]q]]>&#x7f;<![CDATA[[0xfa][0x81][0x1c][0xc3][0xca][0xeb][0xe]~[0xef][0x1][0xfd]Y[0xa9][0xec][0xba]h|[0xeb][0xb4][0xcc][0xbc][0xf5]M[0xc]/[0xf3]<]]>&#x7f;<![CDATA[7[0xe2]=[0x80][0x8b]W[0x8b][0xd5]b[0x2][0xef][0xff]$[0x87][0xfe]c8[0x1a]~pt[0xc][0xa4][0x82]c[0x84][0x8d]y*[0xe5][0x16]MQr[0xc][0xf3][0xd3][0xd3]1[0xa3][0xdc][0x82][0xeb]r[0xc]W[0xaa])[0x8c][0x8b][0xe1] [0xf3][0xcf]l/<[0xc9][k[0xe5] 5a[0xc0]35FB[0x16][0xef]d[0x16]v[0x10][0x9b][0x9]!eM[0xe1][0xa4]a[0xac]([0x86][0x81]5nY[0x1b][0xaa][0xad][\n]"
16:55:56.122 [Test worker] DEBUG org.apache.http.wire -  << "[0x16][0xf5]Zc[0xf8]gKl[0xf2]N[0xde][0xef][0xfa][0xb4][0xce]a[[0xb5]'[0xc3][0xc6];[0x19][0x96]l[0xa2][0xaf][0x7]8[0xee][0xf7])l[0xe8][0x1a][0x9f][0x97][0xcb][0xbc][0xc6][0xa9]E[0xf1][0x8d][0xc6]F6[0x83][g[0xf5][0x1d][0x90][0xb7]F?1V2[0xbf]0[0xb0][0x16][0xf5][0xc4]'k[0xa5][0xb5]qE[0x98][0x1b][0xcc][0xdf][0x4][0x9d][0xe1][0x1a][0xf3][0x18][0xef]Xn\[0xfd]7[0x1f]*$R[0xc5]T[0xef];-[0xcd][0xcf][0xff][0xaf][0xd4][0xc3]k[0x19][0x11]w[0x16][0xd3][0xd9][0x10][0x94][0xa8][0xf4][0xfd]{[0xe5]u[0x97]ny[0xda][0xac]![0xb3][0x8a]([0x11][0xbb]{[0xb3]7[0xac][0x9d][0xcd][0x14][0xe9]^[0xc1][0xdd][0xf4]~ [0x7]p]]>&#x7f;<![CDATA[^[0x9f][0xbd][0xdd][0xcb][0x88]BJ:{R[0xe5][0xde][0x1d][0x1][0x9b][0xfe][0x13][0xf1]8[0x85][0xf9]ipdB[0xff][0xca]{[0xb8]P[0xae][0x83]K[0xbc]i[0x91][0x98]&[0xaa]M[0x84][0xcb]h0"x[0xc3][0x95]Mg]]>&#x7f;<![CDATA[[0x1]e[0x9e][0xd3][0xfd] [0x6][0x0][0x0]"
16:55:56.122 [Test worker] DEBUG io.restassured.internal.RestAssuredHttpBuilder - Parsed data to instance of: class org.apache.http.conn.EofSensorInputStream
16:55:56.122 [Test worker] DEBUG org.apache.http.impl.conn.BasicClientConnectionManager - Releasing connection org.apache.http.impl.conn.ManagedClientConnectionImpl@62e73ab6
16:55:56.122 [Test worker] DEBUG org.apache.http.impl.conn.BasicClientConnectionManager - Connection can be kept alive indefinitely
16:55:56.139 [Test worker] DEBUG net.thucydides.core.steps.StepInterceptor - STEP DONE: {0} executes a PUT on the resource #resource
16:56:06.142 [Test worker] DEBUG net.thucydides.core.steps.StepInterceptor - STARTING STEP: Put.performAs - {0} executes a PUT on the resource #resource
16:56:06.174 [Test worker] DEBUG org.apache.http.impl.conn.BasicClientConnectionManager - Get connection for route {s}->https://dummy.restapiexample.com:443
16:56:06.227 [Test worker] DEBUG org.apache.http.impl.conn.DefaultClientConnectionOperator - Connecting to dummy.restapiexample.com:443
16:56:07.175 [Test worker] DEBUG org.apache.http.client.protocol.RequestAddCookies - CookieSpec selected: ignoreCookies
16:56:07.175 [Test worker] DEBUG org.apache.http.client.protocol.RequestAuthCache - Auth cache not set in the context
16:56:07.190 [Test worker] DEBUG org.apache.http.client.protocol.RequestTargetAuthentication - Target auth state: UNCHALLENGED
16:56:07.190 [Test worker] DEBUG org.apache.http.client.protocol.RequestProxyAuthentication - Proxy auth state: UNCHALLENGED
16:56:07.190 [Test worker] DEBUG org.apache.http.impl.client.DefaultHttpClient - Attempt 1 to execute request
16:56:07.190 [Test worker] DEBUG org.apache.http.impl.conn.DefaultClientConnection - Sending request: PUT /api/v1/update/21 HTTP/1.1
16:56:07.190 [Test worker] DEBUG org.apache.http.wire -  >> "PUT /api/v1/update/21 HTTP/1.1[\r][\n]"
16:56:07.190 [Test worker] DEBUG org.apache.http.wire -  >> "Accept: */*[\r][\n]"
16:56:07.190 [Test worker] DEBUG org.apache.http.wire -  >> "Content-Type: application/json[\r][\n]"
16:56:07.190 [Test worker] DEBUG org.apache.http.wire -  >> "Content-Length: 50[\r][\n]"
16:56:07.190 [Test worker] DEBUG org.apache.http.wire -  >> "Host: dummy.restapiexample.com[\r][\n]"
16:56:07.190 [Test worker] DEBUG org.apache.http.wire -  >> "Connection: Keep-Alive[\r][\n]"
16:56:07.190 [Test worker] DEBUG org.apache.http.wire -  >> "User-Agent: Apache-HttpClient/4.5.13 (Java/1.8.0_131)[\r][\n]"
16:56:07.190 [Test worker] DEBUG org.apache.http.wire -  >> "Accept-Encoding: gzip,deflate[\r][\n]"
16:56:07.190 [Test worker] DEBUG org.apache.http.wire -  >> "[\r][\n]"
16:56:07.190 [Test worker] DEBUG org.apache.http.headers - >> PUT /api/v1/update/21 HTTP/1.1
16:56:07.190 [Test worker] DEBUG org.apache.http.headers - >> Accept: */*
16:56:07.190 [Test worker] DEBUG org.apache.http.headers - >> Content-Type: application/json
16:56:07.190 [Test worker] DEBUG org.apache.http.headers - >> Content-Length: 50
16:56:07.190 [Test worker] DEBUG org.apache.http.headers - >> Host: dummy.restapiexample.com
16:56:07.190 [Test worker] DEBUG org.apache.http.headers - >> Connection: Keep-Alive
16:56:07.190 [Test worker] DEBUG org.apache.http.headers - >> User-Agent: Apache-HttpClient/4.5.13 (Java/1.8.0_131)
16:56:07.190 [Test worker] DEBUG org.apache.http.headers - >> Accept-Encoding: gzip,deflate
16:56:07.190 [Test worker] DEBUG org.apache.http.wire -  >> "{"nombre":"Jose","salario":"10000000","edad":"23"}"
16:56:07.495 [Test worker] DEBUG org.apache.http.wire -  << "HTTP/1.1 200 OK[\r][\n]"
16:56:07.495 [Test worker] DEBUG org.apache.http.wire -  << "Date: Thu, 09 Mar 2023 21:56:00 GMT[\r][\n]"
16:56:07.495 [Test worker] DEBUG org.apache.http.wire -  << "Server: Apache[\r][\n]"
16:56:07.495 [Test worker] DEBUG org.apache.http.wire -  << "Cache-Control: no-cache, private[\r][\n]"
16:56:07.495 [Test worker] DEBUG org.apache.http.wire -  << "X-RateLimit-Limit: 60[\r][\n]"
16:56:07.495 [Test worker] DEBUG org.apache.http.wire -  << "X-RateLimit-Remaining: 58[\r][\n]"
16:56:07.495 [Test worker] DEBUG org.apache.http.wire -  << "Upgrade: h2,h2c[\r][\n]"
16:56:07.495 [Test worker] DEBUG org.apache.http.wire -  << "Connection: Upgrade[\r][\n]"
16:56:07.495 [Test worker] DEBUG org.apache.http.wire -  << "Cache-Control: max-age=21600[\r][\n]"
16:56:07.495 [Test worker] DEBUG org.apache.http.wire -  << "Expires: Fri, 10 Mar 2023 03:56:00 GMT[\r][\n]"
16:56:07.495 [Test worker] DEBUG org.apache.http.wire -  << "Vary: Accept-Encoding[\r][\n]"
16:56:07.495 [Test worker] DEBUG org.apache.http.wire -  << "Content-Encoding: gzip[\r][\n]"
16:56:07.495 [Test worker] DEBUG org.apache.http.wire -  << "host-header: c2hhcmVkLmJsdWVob3N0LmNvbQ==[\r][\n]"
16:56:07.495 [Test worker] DEBUG org.apache.http.wire -  << "X-Endurance-Cache-Level: 2[\r][\n]"
16:56:07.495 [Test worker] DEBUG org.apache.http.wire -  << "X-nginx-cache: WordPress[\r][\n]"
16:56:07.495 [Test worker] DEBUG org.apache.http.wire -  << "Content-Length: 125[\r][\n]"
16:56:07.495 [Test worker] DEBUG org.apache.http.wire -  << "Content-Type: application/json[\r][\n]"
16:56:07.495 [Test worker] DEBUG org.apache.http.wire -  << "[\r][\n]"
16:56:07.495 [Test worker] DEBUG org.apache.http.impl.conn.DefaultClientConnection - Receiving response: HTTP/1.1 200 OK
16:56:07.495 [Test worker] DEBUG org.apache.http.headers - << HTTP/1.1 200 OK
16:56:07.495 [Test worker] DEBUG org.apache.http.headers - << Date: Thu, 09 Mar 2023 21:56:00 GMT
16:56:07.495 [Test worker] DEBUG org.apache.http.headers - << Server: Apache
16:56:07.495 [Test worker] DEBUG org.apache.http.headers - << Cache-Control: no-cache, private
16:56:07.495 [Test worker] DEBUG org.apache.http.headers - << X-RateLimit-Limit: 60
16:56:07.495 [Test worker] DEBUG org.apache.http.headers - << X-RateLimit-Remaining: 58
16:56:07.495 [Test worker] DEBUG org.apache.http.headers - << Upgrade: h2,h2c
16:56:07.495 [Test worker] DEBUG org.apache.http.headers - << Connection: Upgrade
16:56:07.495 [Test worker] DEBUG org.apache.http.headers - << Cache-Control: max-age=21600
16:56:07.495 [Test worker] DEBUG org.apache.http.headers - << Expires: Fri, 10 Mar 2023 03:56:00 GMT
16:56:07.495 [Test worker] DEBUG org.apache.http.headers - << Vary: Accept-Encoding
16:56:07.495 [Test worker] DEBUG org.apache.http.headers - << Content-Encoding: gzip
16:56:07.495 [Test worker] DEBUG org.apache.http.headers - << host-header: c2hhcmVkLmJsdWVob3N0LmNvbQ==
16:56:07.495 [Test worker] DEBUG org.apache.http.headers - << X-Endurance-Cache-Level: 2
16:56:07.495 [Test worker] DEBUG org.apache.http.headers - << X-nginx-cache: WordPress
16:56:07.495 [Test worker] DEBUG org.apache.http.headers - << Content-Length: 125
16:56:07.495 [Test worker] DEBUG org.apache.http.headers - << Content-Type: application/json
16:56:07.495 [Test worker] DEBUG org.apache.http.impl.client.DefaultHttpClient - Connection can be kept alive indefinitely
16:56:07.495 [Test worker] DEBUG io.restassured.internal.RestAssuredHttpBuilder - Parsing response as: application/json
16:56:07.495 [Test worker] DEBUG org.apache.http.wire -  << "[0x1f][0x8b][0x8][0x0][0x0][0x0][0x0][0x0][0x0][0x3]%[0x8d]1[0xe][0x83]0[0x10][0x4][0xbf]b[0xb6][0xb6]"[0x8][0x1d]OH[0x9]/8|[0x17][0x12][0xc9]`[0xe4][0xb3][0xb][0x84][0xf8]{.b[0xcb]Y[0xed][0xec][0x9]-T[0xaa]b[0x80][0xd6][0x10]D[0x15][0x1e]L[0x85]0[0x9c][0xd8][0xd2]:g[0xb1][0xea][0x95]T[0x8c]+E[0xca][0xdf]d[0xa0]k[0xef][0x18][0x14]&6[0xf2][0xec]qy[0xac]&[0xa0][0xe5]?[0x99]n[0xdb][0xbb][0xc6]x4n[0x94][0x90]2[0xbb][0xf][0xa9][0x9b]E6Ww[0xfb][0x10]~[0xe0][0xfa][0x1][0xf0][0xd9]e[0x11][0x81][0x0][0x0][0x0]"
16:56:07.495 [Test worker] DEBUG io.restassured.internal.RestAssuredHttpBuilder - Parsed data to instance of: class org.apache.http.conn.EofSensorInputStream
16:56:07.495 [Test worker] DEBUG org.apache.http.impl.conn.BasicClientConnectionManager - Releasing connection org.apache.http.impl.conn.ManagedClientConnectionImpl@1491cd6c
16:56:07.495 [Test worker] DEBUG org.apache.http.impl.conn.BasicClientConnectionManager - Connection can be kept alive indefinitely
16:56:07.495 [Test worker] DEBUG net.thucydides.core.steps.StepInterceptor - STEP DONE: {0} executes a PUT on the resource #resource
16:56:07.495 [Test worker] DEBUG net.thucydides.core.steps.StepInterceptor - STEP DONE: performAs
16:56:07.529 [Finalizer] DEBUG org.apache.http.impl.conn.DefaultClientConnection - Connection 0.0.0.0:62543<->69.195.75.235:443 closed
16:56:07.529 [Finalizer] DEBUG org.apache.http.impl.conn.DefaultClientConnection - Connection 0.0.0.0:62544<->69.195.75.235:443 closed
16:56:07.529 [Test worker] DEBUG net.thucydides.core.steps.StepInterceptor - STARTING STEP: dummyApiStepDefinitions.deleteEmployeeInformation - performAs
16:56:07.529 [Finalizer] DEBUG org.apache.http.impl.conn.DefaultClientConnection - Connection 0.0.0.0:62545<->69.195.75.235:443 closed
16:56:07.529 [Finalizer] DEBUG org.apache.http.impl.conn.DefaultClientConnection - Connection 0.0.0.0:62547<->69.195.75.235:443 closed
16:56:07.548 [Finalizer] DEBUG org.apache.http.impl.conn.DefaultClientConnection - Connection 0.0.0.0:62569<->69.195.75.235:443 closed
16:56:07.567 [Test worker] DEBUG net.thucydides.core.steps.StepInterceptor - STARTING STEP: Delete.performAs - {0} executes a DELETE on the resource #resource
16:56:07.567 [Finalizer] DEBUG org.apache.http.impl.conn.DefaultClientConnection - Connection 0.0.0.0:62539<->69.195.75.235:443 closed
16:56:07.583 [Test worker] DEBUG org.apache.http.impl.conn.BasicClientConnectionManager - Get connection for route {s}->https://dummy.restapiexample.com:443
16:56:07.583 [Test worker] DEBUG org.apache.http.impl.conn.DefaultClientConnectionOperator - Connecting to dummy.restapiexample.com:443
16:56:08.513 [Test worker] DEBUG org.apache.http.client.protocol.RequestAddCookies - CookieSpec selected: ignoreCookies
16:56:08.513 [Test worker] DEBUG org.apache.http.client.protocol.RequestAuthCache - Auth cache not set in the context
16:56:08.513 [Test worker] DEBUG org.apache.http.client.protocol.RequestTargetAuthentication - Target auth state: UNCHALLENGED
16:56:08.513 [Test worker] DEBUG org.apache.http.client.protocol.RequestProxyAuthentication - Proxy auth state: UNCHALLENGED
16:56:08.513 [Test worker] DEBUG org.apache.http.impl.client.DefaultHttpClient - Attempt 1 to execute request
16:56:08.513 [Test worker] DEBUG org.apache.http.impl.conn.DefaultClientConnection - Sending request: DELETE /api/v1/delete/2 HTTP/1.1
16:56:08.513 [Test worker] DEBUG org.apache.http.wire -  >> "DELETE /api/v1/delete/2 HTTP/1.1[\r][\n]"
16:56:08.513 [Test worker] DEBUG org.apache.http.wire -  >> "Content-Type: application/json[\r][\n]"
16:56:08.513 [Test worker] DEBUG org.apache.http.wire -  >> "Accept: */*[\r][\n]"
16:56:08.513 [Test worker] DEBUG org.apache.http.wire -  >> "Host: dummy.restapiexample.com[\r][\n]"
16:56:08.513 [Test worker] DEBUG org.apache.http.wire -  >> "Connection: Keep-Alive[\r][\n]"
16:56:08.513 [Test worker] DEBUG org.apache.http.wire -  >> "User-Agent: Apache-HttpClient/4.5.13 (Java/1.8.0_131)[\r][\n]"
16:56:08.513 [Test worker] DEBUG org.apache.http.wire -  >> "Accept-Encoding: gzip,deflate[\r][\n]"
16:56:08.513 [Test worker] DEBUG org.apache.http.wire -  >> "[\r][\n]"
16:56:08.513 [Test worker] DEBUG org.apache.http.headers - >> DELETE /api/v1/delete/2 HTTP/1.1
16:56:08.513 [Test worker] DEBUG org.apache.http.headers - >> Content-Type: application/json
16:56:08.513 [Test worker] DEBUG org.apache.http.headers - >> Accept: */*
16:56:08.513 [Test worker] DEBUG org.apache.http.headers - >> Host: dummy.restapiexample.com
16:56:08.513 [Test worker] DEBUG org.apache.http.headers - >> Connection: Keep-Alive
16:56:08.513 [Test worker] DEBUG org.apache.http.headers - >> User-Agent: Apache-HttpClient/4.5.13 (Java/1.8.0_131)
16:56:08.513 [Test worker] DEBUG org.apache.http.headers - >> Accept-Encoding: gzip,deflate
16:56:08.713 [Test worker] DEBUG org.apache.http.wire -  << "HTTP/1.1 429 Too Many Requests[\r][\n]"
16:56:08.713 [Test worker] DEBUG org.apache.http.wire -  << "Date: Thu, 09 Mar 2023 21:56:02 GMT[\r][\n]"
16:56:08.713 [Test worker] DEBUG org.apache.http.wire -  << "Server: Apache[\r][\n]"
16:56:08.713 [Test worker] DEBUG org.apache.http.wire -  << "X-RateLimit-Limit: 60[\r][\n]"
16:56:08.713 [Test worker] DEBUG org.apache.http.wire -  << "X-RateLimit-Remaining: 57[\r][\n]"
16:56:08.713 [Test worker] DEBUG org.apache.http.wire -  << "retry-after: 58[\r][\n]"
16:56:08.713 [Test worker] DEBUG org.apache.http.wire -  << "x-ratelimit-reset: 1678399020[\r][\n]"
16:56:08.713 [Test worker] DEBUG org.apache.http.wire -  << "Cache-Control: no-cache, private[\r][\n]"
16:56:08.713 [Test worker] DEBUG org.apache.http.wire -  << "Upgrade: h2,h2c[\r][\n]"
16:56:08.713 [Test worker] DEBUG org.apache.http.wire -  << "Connection: Upgrade[\r][\n]"
[...]
16:59:23.389 [Test worker] DEBUG org.apache.http.client.protocol.RequestTargetAuthentication - Target auth state: UNCHALLENGED
16:59:23.389 [Test worker] DEBUG org.apache.http.client.protocol.RequestProxyAuthentication - Proxy auth state: UNCHALLENGED
16:59:23.389 [Test worker] DEBUG org.apache.http.impl.client.DefaultHttpClient - Attempt 1 to execute request
16:59:23.389 [Test worker] DEBUG org.apache.http.impl.conn.DefaultClientConnection - Sending request: GET /api/v1/employees HTTP/1.1
16:59:23.389 [Test worker] DEBUG org.apache.http.wire -  >> "GET /api/v1/employees HTTP/1.1[\r][\n]"
16:59:23.389 [Test worker] DEBUG org.apache.http.wire -  >> "Content-Type: application/json[\r][\n]"
16:59:23.389 [Test worker] DEBUG org.apache.http.wire -  >> "Accept: */*[\r][\n]"
16:59:23.389 [Test worker] DEBUG org.apache.http.wire -  >> "Host: dummy.restapiexample.com[\r][\n]"
16:59:23.389 [Test worker] DEBUG org.apache.http.wire -  >> "Connection: Keep-Alive[\r][\n]"
16:59:23.389 [Test worker] DEBUG org.apache.http.wire -  >> "User-Agent: Apache-HttpClient/4.5.13 (Java/1.8.0_131)[\r][\n]"
16:59:23.389 [Test worker] DEBUG org.apache.http.wire -  >> "Accept-Encoding: gzip,deflate[\r][\n]"
16:59:23.389 [Test worker] DEBUG org.apache.http.wire -  >> "[\r][\n]"
16:59:23.389 [Test worker] DEBUG org.apache.http.headers - >> GET /api/v1/employees HTTP/1.1
16:59:23.389 [Test worker] DEBUG org.apache.http.headers - >> Content-Type: application/json
16:59:23.389 [Test worker] DEBUG org.apache.http.headers - >> Accept: */*
16:59:23.389 [Test worker] DEBUG org.apache.http.headers - >> Host: dummy.restapiexample.com
16:59:23.389 [Test worker] DEBUG org.apache.http.headers - >> Connection: Keep-Alive
16:59:23.389 [Test worker] DEBUG org.apache.http.headers - >> User-Agent: Apache-HttpClient/4.5.13 (Java/1.8.0_131)
16:59:23.389 [Test worker] DEBUG org.apache.http.headers - >> Accept-Encoding: gzip,deflate
16:59:23.679 [Test worker] DEBUG org.apache.http.wire -  << "HTTP/1.1 429 Too Many Requests[\r][\n]"
16:59:23.694 [Test worker] DEBUG org.apache.http.wire -  << "Date: Thu, 09 Mar 2023 21:59:19 GMT[\r][\n]"
16:59:23.694 [Test worker] DEBUG org.apache.http.wire -  << "Server: nginx/1.21.6[\r][\n]"
16:59:23.694 [Test worker] DEBUG org.apache.http.wire -  << "Content-Type: text/html; charset=UTF-8[\r][\n]"
16:59:23.694 [Test worker] DEBUG org.apache.http.wire -  << "Content-Length: 595[\r][\n]"
16:59:23.694 [Test worker] DEBUG org.apache.http.wire -  << "X-RateLimit-Limit: 60[\r][\n]"
16:59:23.694 [Test worker] DEBUG org.apache.http.wire -  << "X-RateLimit-Remaining: 52[\r][\n]"
16:59:23.694 [Test worker] DEBUG org.apache.http.wire -  << "retry-after: 2[\r][\n]"
16:59:23.695 [Test worker] DEBUG org.apache.http.wire -  << "x-ratelimit-reset: 1678399159[\r][\n]"
16:59:23.695 [Test worker] DEBUG org.apache.http.wire -  << "Cache-Control: no-cache, private[\r][\n]"
16:59:23.695 [Test worker] DEBUG org.apache.http.wire -  << "Vary: Accept-Encoding[\r][\n]"
16:59:23.695 [Test worker] DEBUG org.apache.http.wire -  << "Content-Encoding: gzip[\r][\n]"
16:59:23.695 [Test worker] DEBUG org.apache.http.wire -  << "host-header: c2hhcmVkLmJsdWVob3N0LmNvbQ==[\r][\n]"
16:59:23.695 [Test worker] DEBUG org.apache.http.wire -  << "X-Endurance-Cache-Level: 2[\r][\n]"
16:59:23.695 [Test worker] DEBUG org.apache.http.wire -  << "X-nginx-cache: WordPress[\r][\n]"
16:59:23.695 [Test worker] DEBUG org.apache.http.wire -  << "[\r][\n]"
16:59:23.695 [Test worker] DEBUG org.apache.http.impl.conn.DefaultClientConnection - Receiving response: HTTP/1.1 429 Too Many Requests
16:59:23.695 [Test worker] DEBUG org.apache.http.headers - << HTTP/1.1 429 Too Many Requests
16:59:23.695 [Test worker] DEBUG org.apache.http.headers - << Date: Thu, 09 Mar 2023 21:59:19 GMT
16:59:23.695 [Test worker] DEBUG org.apache.http.headers - << Server: nginx/1.21.6
16:59:23.695 [Test worker] DEBUG org.apache.http.headers - << Content-Type: text/html; charset=UTF-8
16:59:23.695 [Test worker] DEBUG org.apache.http.headers - << Content-Length: 595
16:59:23.695 [Test worker] DEBUG org.apache.http.headers - << X-RateLimit-Limit: 60
16:59:23.695 [Test worker] DEBUG org.apache.http.headers - << X-RateLimit-Remaining: 52
16:59:23.695 [Test worker] DEBUG org.apache.http.headers - << retry-after: 2
16:59:23.695 [Test worker] DEBUG org.apache.http.headers - << x-ratelimit-reset: 1678399159
16:59:23.695 [Test worker] DEBUG org.apache.http.headers - << Cache-Control: no-cache, private
16:59:23.695 [Test worker] DEBUG org.apache.http.headers - << Vary: Accept-Encoding
16:59:23.695 [Test worker] DEBUG org.apache.http.headers - << Content-Encoding: gzip
16:59:23.695 [Test worker] DEBUG org.apache.http.headers - << host-header: c2hhcmVkLmJsdWVob3N0LmNvbQ==
16:59:23.695 [Test worker] DEBUG org.apache.http.headers - << X-Endurance-Cache-Level: 2
16:59:23.695 [Test worker] DEBUG org.apache.http.headers - << X-nginx-cache: WordPress
16:59:23.695 [Test worker] DEBUG org.apache.http.impl.client.DefaultHttpClient - Connection can be kept alive indefinitely
16:59:23.695 [Test worker] DEBUG io.restassured.internal.RestAssuredHttpBuilder - Parsing response as: text/html; charset=UTF-8
16:59:23.695 [Test worker] DEBUG org.apache.http.wire -  << "[0x1f][0x8b][0x8][0x0][0x0][0x0][0x0][0x0][0x0][0x3][0x9d]RMs[0xd4]0[0xc][0xbd][0xef][0xaf][0x10][0xe6][0xd0]K[0xdd]t[0xb][0xec][0x94][0xb0][0x9][0x7]>n[0x5][0xa6][0xf4][0xc2][0xd1][0x1b]+[0x89][0xa9]c[0xa7][0x91][0xb2]m`[0xf8][0xef]8[0x9b][0xb6][0xfb][0x91][0xb4][0xc3][0xe0][0x8b][0xad]yOO[0xf2][0x93][0x96]/>~[0xfd]p[0xf5][0xe3][0xdb]'([0xb9][0xb2][0xe9]l[0xd9]_`[0x95]+[0x12][0x81]N[0xa4]3[0x8]gY[0xa2][0xd2][0xc3]s[0x13]V[0xc8][\n]"
16:59:23.695 [Test worker] DEBUG org.apache.http.wire -  << "[0xb2]R5[0x84][0x9c][0x88][0x96]sy.[0xe]a[0xa7]*L[0xc4][0xda][0xe0]m[0xed][0x1b][0x16][0x90]y[0xc7][0xe8][0x2][0xfd][0xd6]h.[0x13][0x8d]k[0x93][0xa1][0xdc][0x4][0xc7]`[0x9c]a[0xa3][0xac][0xa4]LYL[0xe6]Al[0xab][0xc6][0x86]-[0xa6]W[0xde][0xc3][0x85]r[0x1d]\[0xe2]M[0x8b][0xc4][0xb4][0x8c][0x6]`[0x87][0xf9]BJ[0xf8][0x1c][0xca][0x10]H[0xb9][0xd3][0x8e]5[0xee][0x1a][0x1a][0xb4][0x89][0xd0][0x8e]d[0xdd]`[0x8e][0x9c][0x95][0x2][0xca][0xf0]JD[0x14][0xe5]}[0xca]IA[0xac][0xd8]d'[0x99][0xaf][0xc4]a[0xf2][0xc0],[0x99]k[0x8a][0x1f][0xf9][0xde][0x17][0x16]Um[0xa8]O[0x89]2[0xa2][0xf7][0xb9][0xaa][0x8c][0xed][0x92]/m[0xf8][0x8d][0x17]CI[0xe2][0xce]"[0x95][0x88],[0xe][[0xfd][0xbe][0x81][0xf6]{[0xdd][0xd0][0xb7]q]]>&#x7f;<![CDATA[[0xfa][0x81][0x1c][0xc3][0xca][0xeb][0xe]~[0xef][0x1][0xfd]Y[0xa9][0xec][0xba]h|[0xeb][0xb4][0xcc][0xbc][0xf5]M[0xc]/[0xf3]<]]>&#x7f;<![CDATA[7[0xe2]=[0x80][0x8b]W[0x8b][0xd5]b[0x2][0xef][0xff]$[0x87][0xfe]c8[0x1a]~pt[0xc][0xa4][0x82]c[0x84][0x8d]y*[0xe5][0x16]MQr[0xc][0xf3][0xd3][0xd3]1[0xa3][0xdc][0x82][0xeb]r[0xc]W[0xaa])[0x8c][0x8b][0xe1] [0xf3][0xcf]l/<[0xc9][k[0xe5] 5a[0xc0]35FB[0x16][0xef]d[0x16]v[0x10][0x9b][0x9]!eM[0xe1][0xa4]a[0xac]([0x86][0x81]5nY[0x1b][0xaa][0xad][\n]"
16:59:23.695 [Test worker] DEBUG org.apache.http.wire -  << "[0x16][0xf5]Zc[0xf8]gKl[0xf2]N[0xde][0xef][0xfa][0xb4][0xce]a[[0xb5]'[0xc3][0xc6];[0x19][0x96]l[0xa2][0xaf][0x7]8[0xee][0xf7])l[0xe8][0x1a][0x9f][0x97][0xcb][0xbc][0xc6][0xa9]E[0xf1][0x8d][0xc6]F6[0x83][g[0xf5][0x1d][0x90][0xb7]F?1V2[0xbf]0[0xb0][0x16][0xf5][0xc4]'k[0xa5][0xb5]qE[0x98][0x1b][0xcc][0xdf][0x4][0x9d][0xe1][0x1a][0xf3][0x18][0xef]Xn\[0xfd]7[0x1f]*$R[0xc5]T[0xef];-[0xcd][0xcf][0xff][0xaf][0xd4][0xc3]k[0x19][0x11]w[0x16][0xd3][0xd9][0x10][0x94][0xa8][0xf4][0xfd]{[0xe5]u[0x97]ny[0xda][0xac]![0xb3][0x8a]([0x11][0xbb]{[0xb3]7[0xac][0x9d][0xcd][0x14][0xe9]^[0xc1][0xdd][0xf4]~ [0x7]p]]>&#x7f;<![CDATA[^[0x9f][0xbd][0xdd][0xcb][0x88]BJ:{R[0xe5][0xde][0x1d][0x1][0x9b][0xfe][0x13][0xf1]8[0x85][0xf9]ipdB[0xff][0xca]{[0xb8]P[0xae][0x83]K[0xbc]i[0x91][0x98]&[0xaa]M[0x84][0xcb]h0"x[0xc3][0x95]Mg]]>&#x7f;<![CDATA[[0x1]e[0x9e][0xd3][0xfd] [0x6][0x0][0x0]"
16:59:23.695 [Test worker] DEBUG io.restassured.internal.RestAssuredHttpBuilder - Parsed data to instance of: class org.apache.http.conn.EofSensorInputStream
16:59:23.698 [Test worker] DEBUG org.apache.http.impl.conn.BasicClientConnectionManager - Releasing connection org.apache.http.impl.conn.ManagedClientConnectionImpl@36c783ca
16:59:23.698 [Test worker] DEBUG org.apache.http.impl.conn.BasicClientConnectionManager - Connection can be kept alive indefinitely
16:59:23.700 [Test worker] DEBUG net.thucydides.core.steps.StepInterceptor - STEP DONE: {0} executes a GET on the resource #resource
16:59:33.721 [Test worker] DEBUG net.thucydides.core.steps.StepInterceptor - STARTING STEP: Get.performAs - {0} executes a GET on the resource #resource
16:59:33.736 [Finalizer] DEBUG org.apache.http.impl.conn.DefaultClientConnection - Connection 0.0.0.0:62677<->69.195.75.235:443 closed
16:59:33.736 [Finalizer] DEBUG org.apache.http.impl.conn.DefaultClientConnection - Connection 0.0.0.0:62679<->69.195.75.235:443 closed
16:59:33.736 [Test worker] DEBUG org.apache.http.impl.conn.BasicClientConnectionManager - Get connection for route {s}->https://dummy.restapiexample.com:443
16:59:33.752 [Finalizer] DEBUG org.apache.http.impl.conn.DefaultClientConnection - Connection 0.0.0.0:62674<->69.195.75.235:443 closed
16:59:33.755 [Finalizer] DEBUG org.apache.http.impl.conn.DefaultClientConnection - Connection 0.0.0.0:62676<->69.195.75.235:443 closed
16:59:33.755 [Finalizer] DEBUG org.apache.http.impl.conn.DefaultClientConnection - Connection 0.0.0.0:62631<->69.195.75.235:443 closed
16:59:33.755 [Finalizer] DEBUG org.apache.http.impl.conn.DefaultClientConnection - Connection 0.0.0.0:62630<->69.195.75.235:443 closed
16:59:33.755 [Finalizer] DEBUG org.apache.http.impl.conn.DefaultClientConnection - Connection 0.0.0.0:62607<->69.195.75.235:443 closed
16:59:33.755 [Finalizer] DEBUG org.apache.http.impl.conn.DefaultClientConnection - Connection 0.0.0.0:62629<->69.195.75.235:443 closed
16:59:33.771 [Finalizer] DEBUG org.apache.http.impl.conn.DefaultClientConnection - Connection 0.0.0.0:62604<->69.195.75.235:443 closed
16:59:33.772 [Finalizer] DEBUG org.apache.http.impl.conn.DefaultClientConnection - Connection 0.0.0.0:62605<->69.195.75.235:443 closed
16:59:33.772 [Test worker] DEBUG org.apache.http.impl.conn.DefaultClientConnectionOperator - Connecting to dummy.restapiexample.com:443
16:59:34.638 [Test worker] DEBUG org.apache.http.client.protocol.RequestAddCookies - CookieSpec selected: ignoreCookies
16:59:34.638 [Test worker] DEBUG org.apache.http.client.protocol.RequestAuthCache - Auth cache not set in the context
16:59:34.638 [Test worker] DEBUG org.apache.http.client.protocol.RequestTargetAuthentication - Target auth state: UNCHALLENGED
16:59:34.638 [Test worker] DEBUG org.apache.http.client.protocol.RequestProxyAuthentication - Proxy auth state: UNCHALLENGED
16:59:34.638 [Test worker] DEBUG org.apache.http.impl.client.DefaultHttpClient - Attempt 1 to execute request
16:59:34.638 [Test worker] DEBUG org.apache.http.impl.conn.DefaultClientConnection - Sending request: GET /api/v1/employees HTTP/1.1
16:59:34.638 [Test worker] DEBUG org.apache.http.wire -  >> "GET /api/v1/employees HTTP/1.1[\r][\n]"
16:59:34.638 [Test worker] DEBUG org.apache.http.wire -  >> "Content-Type: application/json[\r][\n]"
16:59:34.638 [Test worker] DEBUG org.apache.http.wire -  >> "Accept: */*[\r][\n]"
16:59:34.638 [Test worker] DEBUG org.apache.http.wire -  >> "Host: dummy.restapiexample.com[\r][\n]"
16:59:34.638 [Test worker] DEBUG org.apache.http.wire -  >> "Connection: Keep-Alive[\r][\n]"
16:59:34.638 [Test worker] DEBUG org.apache.http.wire -  >> "User-Agent: Apache-HttpClient/4.5.13 (Java/1.8.0_131)[\r][\n]"
16:59:34.638 [Test worker] DEBUG org.apache.http.wire -  >> "Accept-Encoding: gzip,deflate[\r][\n]"
16:59:34.638 [Test worker] DEBUG org.apache.http.wire -  >> "[\r][\n]"
16:59:34.638 [Test worker] DEBUG org.apache.http.headers - >> GET /api/v1/employees HTTP/1.1
16:59:34.638 [Test worker] DEBUG org.apache.http.headers - >> Content-Type: application/json
16:59:34.638 [Test worker] DEBUG org.apache.http.headers - >> Accept: */*
16:59:34.638 [Test worker] DEBUG org.apache.http.headers - >> Host: dummy.restapiexample.com
16:59:34.638 [Test worker] DEBUG org.apache.http.headers - >> Connection: Keep-Alive
16:59:34.638 [Test worker] DEBUG org.apache.http.headers - >> User-Agent: Apache-HttpClient/4.5.13 (Java/1.8.0_131)
16:59:34.638 [Test worker] DEBUG org.apache.http.headers - >> Accept-Encoding: gzip,deflate
16:59:34.956 [Test worker] DEBUG org.apache.http.wire -  << "HTTP/1.1 200 OK[\r][\n]"
16:59:34.956 [Test worker] DEBUG org.apache.http.wire -  << "Date: Thu, 09 Mar 2023 21:59:30 GMT[\r][\n]"
16:59:34.956 [Test worker] DEBUG org.apache.http.wire -  << "Server: nginx/1.21.6[\r][\n]"
16:59:34.956 [Test worker] DEBUG org.apache.http.wire -  << "Content-Type: application/json[\r][\n]"
16:59:34.956 [Test worker] DEBUG org.apache.http.wire -  << "Content-Length: 636[\r][\n]"
16:59:34.956 [Test worker] DEBUG org.apache.http.wire -  << "Cache-Control: no-cache, private[\r][\n]"
16:59:34.956 [Test worker] DEBUG org.apache.http.wire -  << "X-RateLimit-Limit: 60[\r][\n]"
16:59:34.956 [Test worker] DEBUG org.apache.http.wire -  << "X-RateLimit-Remaining: 58[\r][\n]"
16:59:34.956 [Test worker] DEBUG org.apache.http.wire -  << "Cache-Control: max-age=21600[\r][\n]"
16:59:34.956 [Test worker] DEBUG org.apache.http.wire -  << "Expires: Fri, 10 Mar 2023 03:59:28 GMT[\r][\n]"
16:59:34.956 [Test worker] DEBUG org.apache.http.wire -  << "Vary: Accept-Encoding[\r][\n]"
16:59:34.956 [Test worker] DEBUG org.apache.http.wire -  << "Content-Encoding: gzip[\r][\n]"
16:59:34.956 [Test worker] DEBUG org.apache.http.wire -  << "host-header: c2hhcmVkLmJsdWVob3N0LmNvbQ==[\r][\n]"
16:59:34.956 [Test worker] DEBUG org.apache.http.wire -  << "X-Endurance-Cache-Level: 2[\r][\n]"
16:59:34.956 [Test worker] DEBUG org.apache.http.wire -  << "X-nginx-cache: WordPress[\r][\n]"
16:59:34.956 [Test worker] DEBUG org.apache.http.wire -  << "X-Server-Cache: true[\r][\n]"
16:59:34.956 [Test worker] DEBUG org.apache.http.wire -  << "X-Proxy-Cache: MISS[\r][\n]"
16:59:34.956 [Test worker] DEBUG org.apache.http.wire -  << "[\r][\n]"
16:59:34.956 [Test worker] DEBUG org.apache.http.impl.conn.DefaultClientConnection - Receiving response: HTTP/1.1 200 OK
16:59:34.956 [Test worker] DEBUG org.apache.http.headers - << HTTP/1.1 200 OK
16:59:34.956 [Test worker] DEBUG org.apache.http.headers - << Date: Thu, 09 Mar 2023 21:59:30 GMT
16:59:34.956 [Test worker] DEBUG org.apache.http.headers - << Server: nginx/1.21.6
16:59:34.956 [Test worker] DEBUG org.apache.http.headers - << Content-Type: application/json
16:59:34.956 [Test worker] DEBUG org.apache.http.headers - << Content-Length: 636
16:59:34.956 [Test worker] DEBUG org.apache.http.headers - << Cache-Control: no-cache, private
16:59:34.956 [Test worker] DEBUG org.apache.http.headers - << X-RateLimit-Limit: 60
16:59:34.956 [Test worker] DEBUG org.apache.http.headers - << X-RateLimit-Remaining: 58
16:59:34.956 [Test worker] DEBUG org.apache.http.headers - << Cache-Control: max-age=21600
16:59:34.956 [Test worker] DEBUG org.apache.http.headers - << Expires: Fri, 10 Mar 2023 03:59:28 GMT
16:59:34.956 [Test worker] DEBUG org.apache.http.headers - << Vary: Accept-Encoding
16:59:34.957 [Test worker] DEBUG org.apache.http.headers - << Content-Encoding: gzip
16:59:34.957 [Test worker] DEBUG org.apache.http.headers - << host-header: c2hhcmVkLmJsdWVob3N0LmNvbQ==
16:59:34.957 [Test worker] DEBUG org.apache.http.headers - << X-Endurance-Cache-Level: 2
16:59:34.957 [Test worker] DEBUG org.apache.http.headers - << X-nginx-cache: WordPress
16:59:34.957 [Test worker] DEBUG org.apache.http.headers - << X-Server-Cache: true
16:59:34.957 [Test worker] DEBUG org.apache.http.headers - << X-Proxy-Cache: MISS
16:59:34.957 [Test worker] DEBUG org.apache.http.impl.client.DefaultHttpClient - Connection can be kept alive indefinitely
16:59:34.957 [Test worker] DEBUG io.restassured.internal.RestAssuredHttpBuilder - Parsing response as: application/json
16:59:34.957 [Test worker] DEBUG org.apache.http.wire -  << "[0x1f][0x8b][0x8][0x0][0x0][0x0][0x0][0x0][0x0][0x3]}[0xd2][0xdd]N[0xdc]0[0x10][0x5][0xe0]Wq}[0xbd][0xaa][0x1c];qv[0xf7][0x8e]][0xc4]"(U[0xcb][0xa2][0xa2][0xaa][0xaa][0xd0]4[0x1e][0x88]U[0xaf][0x83]l[0x87][0x92]"[0xde][0xbd]i[0xb9]A[0xf5][0xe0]K[0xe7][0xef][0xcb][0x99]9O<&Hc[0xe4]k[0x1e][0xc7][0xae][0xc3][0x18][0xf9][0x82][0x1b]H[0xc0][0xd7][0xdf][0x9e][0xb8]5|]-8[0x1e][0xee][0xdd]0![0xde]x8[0xe0][0xfc][0xe4][0x95][0xbd][0xc3][0xc0]>[0xda][0xc7][0xc1][0xf3]Ww#8[0x8][0x13]_+)[0x96]B[0xbc][0xba][0x1]w[0xf3][z[0xfe][0xd0]}[0x18]n[0xad][0xc3][0x1b]{[0xf8]w[0x89][0xf3][0xe7][0xc5][0xb]"sd[0x7]!`J[0xec][0xda][0xfa][0x84]!RP[0xd5][0x8a][0xb6][0xc9]!U[0x80]T[0xe][0x1d][0xc5]>[\r][0x9e]m[0x87]G[0xca]XjAd[0xd1][0x5][0xa2][0xce][0x89]-[0x9a]`;v[0x8e][0xce]M[0x14]R+%t[0xa6]HYP[0x1a]"[0x88][\r][0x96][0xed]![\r]#9,-[0xdb]<[0x89]*[\r]K[0xe7][0xc6]&[0xd8]9[0x4][0xce][q[0xce][0xc2]![0xbe][0xd1][0x80]VRS+5[0xa0][0xcd][0xad]S[0xc]a0l[0xdb][0x83]7[0xe][0x3][0x19]J[0xcd][0x5][0xc8][0xa0]fU[0x80][0x96]9t[0xd9][0xf][0x1e][0xd8]1<X[0xf3]V [0xd9][0xae][0x8][0xa7])8+[0xa2][0x6][0xc3]<:[0xf4][0xec]t[0xc]1Q[0x8c][0x14][\r][0x11]G[0x95][0xe2]T"w[0xf6][0x83][0x9f][0x80][0x9d][0x84][0x81]V*[0xa1]t[0xae][0xc8]R[0x13][0xaa]*W[0xce]p[0x1e][0xda][0xe][0xac][0xc7]H)+[0xd1][0xe4][0x95]V[0xa2][0x84][0xc8][0x1c][0xf9]<Z[0xef][0xd9][0x89][0x9b]<[0xbd][0x97][0x9a]*[0x9a][0x94]%E[0x11][0x8b][0xe9]![0x18]d[0x17][0x10]b[0xf][0xce]QR[0xdd][\n]"
16:59:34.957 [Test worker] DEBUG org.apache.http.wire -  << "bhJ[0x97][0xa4][0x9a][0xe8]48[0x9c][0xd8]9z[0x8f]f"[0x13]U[0x8a][0xa8]@]\N[0x93];W[0x90]&[0x98][0xf7]sb[0xd3][0xef]{H[0xc1]v?Im[0xd9][0xb4]M[0xa6]U[0xc5][0xc2][0xe9]\[0xbb][0xb0]][0xf][0xe8][0xd8][0xde][0xba][0x7] +[0xb7]Z[0x12][0xa9]tqzm[0xee]|[0x82][0xd1][0xb1][0xcd][0x14][0xc]e[0xb4][0xb2]![0xba][0xa0][0xeb][0x92][0xb1][0xcc][0x8d][0x9d][0x1b][0x82][0x5][0xf6][0xc1][0xa6][0xe4][0x90]r[0xa4]j[0x89],Mqf[0xab][0xdc][0xd9][0x4]0]]>&#x7f;<![CDATA[[0xbb][0xb0][0xb][0x88][0x81][0x9c][0x99][0xa2][0xba]]W[0x5]G[0x8a][0xdc]9[0x6][0xcb].[0xed][0x10][0xc9]([0x15][0x15]E5%[0xa2][0xca][0x89]3[0xf4][0x98][0x12][0xb2]-8[0xf3][0xb][0x9d]#[0x9b]VS[0xdb]Q[0xa2]D[0xc9][0x9c][0xfa]:[0x6][0xcb]6[0x18][0xe6]O[0x12][0x88]n)[0xa4]."*G[0xb6][0x80][0x11][0x2][0xfb][0x2][0xbe]#[0x1b]P[0x9]=[0xa7][0xf9][0x9f][0x91][0xc5][0xcd][0xd4][0xc4]f[0xe6][0xa2]Evm[0x9d][0xa1][0xb][0xb0]lt[0x1e][0xe6][0xef][0xff][0xe6][0xca][0xf7][0x5]?`[0x8c]/[0xc7][0xfd][0xd8]u[0xf3][0xe1]vtnz[0xc7][0x8e][0x9c]c[0x1][0xbb]![0x98][0xc8]z[0x88][0xec][0x7][0xa2]g[0xb7][0x98][0xba][0x1e][0xcd]{[0xfe][0xfc][0x7]d[0x10]Q[0xa9][0x1][\n]"
16:59:34.957 [Test worker] DEBUG org.apache.http.wire -  << "[0x0][0x0]"
16:59:34.957 [Test worker] DEBUG io.restassured.internal.RestAssuredHttpBuilder - Parsed data to instance of: class org.apache.http.conn.EofSensorInputStream
16:59:34.959 [Test worker] DEBUG org.apache.http.impl.conn.BasicClientConnectionManager - Releasing connection org.apache.http.impl.conn.ManagedClientConnectionImpl@9bf63d2
16:59:34.959 [Test worker] DEBUG org.apache.http.impl.conn.BasicClientConnectionManager - Connection can be kept alive indefinitely
16:59:34.963 [Test worker] DEBUG net.thucydides.core.steps.StepInterceptor - STEP DONE: {0} executes a GET on the resource #resource
16:59:34.966 [Test worker] DEBUG net.thucydides.core.steps.StepInterceptor - STEP DONE: performAs
16:59:34.982 [Test worker] INFO  - 
  _____   ___   ___   _____     ___     _     ___   ___   ___   ___  
 |_   _| | __| / __| |_   _|   | _ \   /_\   / __| / __| | __| |   \ 
   | |   | _|  \__ \   | |     |  _/  / _ \  \__ \ \__ \ | _|  | |) |
   |_|   |___| |___/   |_|     |_|   /_/ \_\ |___/ |___/ |___| |___/ 

Perform a query, create, update, and delete process
----------------------------------------------------------------------
]]></system-out>
  <system-err><![CDATA[]]></system-err>
</testsuite>
